[0.518s] Invoking command in '/home/mohanarangan-t-r/teleop_ws/build/rover_description': CMAKE_PREFIX_PATH=${CMAKE_PREFIX_PATH}:/home/mohanarangan-t-r/teleop_ws/install/rover_teleop:/home/mohanarangan-t-r/teleop_ws/install/rover_bringup:/home/mohanarangan-t-r/rover_ws/install/rover_perception:/opt/ros/jazzy DEBUGINFOD_URLS=https://debuginfod.ubuntu.com PS1=(ml_env_312) \[\e]0;\u@\h: \w\a\]${debian_chroot:+($debian_chroot)}\[\033[01;32m\]\u@\h\[\033[00m\]:\[\033[01;34m\]\w\[\033[00m\]\$ VIRTUAL_ENV_PROMPT=(ml_env_312) /usr/bin/cmake --build /home/mohanarangan-t-r/teleop_ws/build/rover_description -- -j16 -l16
[1.003s] Invoked command in '/home/mohanarangan-t-r/teleop_ws/build/rover_description' returned '0': CMAKE_PREFIX_PATH=${CMAKE_PREFIX_PATH}:/home/mohanarangan-t-r/teleop_ws/install/rover_teleop:/home/mohanarangan-t-r/teleop_ws/install/rover_bringup:/home/mohanarangan-t-r/rover_ws/install/rover_perception:/opt/ros/jazzy DEBUGINFOD_URLS=https://debuginfod.ubuntu.com PS1=(ml_env_312) \[\e]0;\u@\h: \w\a\]${debian_chroot:+($debian_chroot)}\[\033[01;32m\]\u@\h\[\033[00m\]:\[\033[01;34m\]\w\[\033[00m\]\$ VIRTUAL_ENV_PROMPT=(ml_env_312) /usr/bin/cmake --build /home/mohanarangan-t-r/teleop_ws/build/rover_description -- -j16 -l16
[1.030s] Invoking command in '/home/mohanarangan-t-r/teleop_ws/build/rover_description': CMAKE_PREFIX_PATH=${CMAKE_PREFIX_PATH}:/home/mohanarangan-t-r/teleop_ws/install/rover_teleop:/home/mohanarangan-t-r/teleop_ws/install/rover_bringup:/home/mohanarangan-t-r/rover_ws/install/rover_perception:/opt/ros/jazzy DEBUGINFOD_URLS=https://debuginfod.ubuntu.com PS1=(ml_env_312) \[\e]0;\u@\h: \w\a\]${debian_chroot:+($debian_chroot)}\[\033[01;32m\]\u@\h\[\033[00m\]:\[\033[01;34m\]\w\[\033[00m\]\$ VIRTUAL_ENV_PROMPT=(ml_env_312) /usr/bin/cmake --install /home/mohanarangan-t-r/teleop_ws/build/rover_description
[1.050s] -- Install configuration: ""
[1.051s] -- Execute custom install script
[1.052s] -- Up-to-date symlink: /home/mohanarangan-t-r/teleop_ws/install/rover_description/share/rover_description/urdf/robot.urdf.xacro
[1.053s] -- Up-to-date symlink: /home/mohanarangan-t-r/teleop_ws/install/rover_description/share/rover_description/launch/description.launch.py
[1.053s] -- Up-to-date symlink: /home/mohanarangan-t-r/teleop_ws/install/rover_description/share/ament_index/resource_index/package_run_dependencies/rover_description
[1.054s] -- Up-to-date symlink: /home/mohanarangan-t-r/teleop_ws/install/rover_description/share/ament_index/resource_index/parent_prefix_path/rover_description
[1.054s] -- Up-to-date symlink: /home/mohanarangan-t-r/teleop_ws/install/rover_description/share/rover_description/environment/ament_prefix_path.sh
[1.054s] -- Up-to-date symlink: /home/mohanarangan-t-r/teleop_ws/install/rover_description/share/rover_description/environment/ament_prefix_path.dsv
[1.055s] -- Up-to-date symlink: /home/mohanarangan-t-r/teleop_ws/install/rover_description/share/rover_description/environment/path.sh
[1.055s] -- Up-to-date symlink: /home/mohanarangan-t-r/teleop_ws/install/rover_description/share/rover_description/environment/path.dsv
[1.055s] -- Up-to-date symlink: /home/mohanarangan-t-r/teleop_ws/install/rover_description/share/rover_description/local_setup.bash
[1.056s] -- Up-to-date symlink: /home/mohanarangan-t-r/teleop_ws/install/rover_description/share/rover_description/local_setup.sh
[1.056s] -- Up-to-date symlink: /home/mohanarangan-t-r/teleop_ws/install/rover_description/share/rover_description/local_setup.zsh
[1.056s] -- Up-to-date symlink: /home/mohanarangan-t-r/teleop_ws/install/rover_description/share/rover_description/local_setup.dsv
[1.057s] -- Symlinking: /home/mohanarangan-t-r/teleop_ws/install/rover_description/share/rover_description/package.dsv
[1.085s] -- Up-to-date symlink: /home/mohanarangan-t-r/teleop_ws/install/rover_description/share/ament_index/resource_index/packages/rover_description
[1.086s] -- Up-to-date symlink: /home/mohanarangan-t-r/teleop_ws/install/rover_description/share/rover_description/cmake/rover_descriptionConfig.cmake
[1.086s] -- Up-to-date symlink: /home/mohanarangan-t-r/teleop_ws/install/rover_description/share/rover_description/cmake/rover_descriptionConfig-version.cmake
[1.086s] -- Up-to-date symlink: /home/mohanarangan-t-r/teleop_ws/install/rover_description/share/rover_description/package.xml
[1.094s] Invoked command in '/home/mohanarangan-t-r/teleop_ws/build/rover_description' returned '0': CMAKE_PREFIX_PATH=${CMAKE_PREFIX_PATH}:/home/mohanarangan-t-r/teleop_ws/install/rover_teleop:/home/mohanarangan-t-r/teleop_ws/install/rover_bringup:/home/mohanarangan-t-r/rover_ws/install/rover_perception:/opt/ros/jazzy DEBUGINFOD_URLS=https://debuginfod.ubuntu.com PS1=(ml_env_312) \[\e]0;\u@\h: \w\a\]${debian_chroot:+($debian_chroot)}\[\033[01;32m\]\u@\h\[\033[00m\]:\[\033[01;34m\]\w\[\033[00m\]\$ VIRTUAL_ENV_PROMPT=(ml_env_312) /usr/bin/cmake --install /home/mohanarangan-t-r/teleop_ws/build/rover_description
