[0.225s] Invoking command in '/home/mohanarangan-t-r/teleop_ws/build/rover_description': CMAKE_PREFIX_PATH=${CMAKE_PREFIX_PATH}:/home/mohanarangan-t-r/teleop_ws/install/rover_teleop:/home/mohanarangan-t-r/teleop_ws/install/rover_bringup:/home/mohanarangan-t-r/rover_ws/install/rover_perception:/opt/ros/jazzy DEBUGINFOD_URLS=https://debuginfod.ubuntu.com /usr/bin/cmake /home/mohanarangan-t-r/teleop_ws/src/rover_description -DAMENT_CMAKE_SYMLINK_INSTALL=1 -DCMAKE_INSTALL_PREFIX=/home/mohanarangan-t-r/teleop_ws/install/rover_description
[0.407s] -- Found ament_cmake: 2.5.4 (/opt/ros/jazzy/share/ament_cmake/cmake)
[0.446s] -- Override CMake install command with custom implementation using symlinks instead of copying resources
[0.453s] -- Found xacro: 2.1.1 (/opt/ros/jazzy/share/xacro/cmake)
[0.453s] -- Found ament_lint_auto: 0.17.3 (/opt/ros/jazzy/share/ament_lint_auto/cmake)
[0.529s] -- Added test 'flake8' to check Python code syntax and style conventions
[0.530s] -- Configured 'flake8' exclude dirs and/or files: 
[0.530s] -- Added test 'lint_cmake' to check CMake code style
[0.531s] -- Added test 'pep257' to check Python code against some of the docstring style conventions in PEP 257
[0.532s] -- Added test 'xmllint' to check XML markup files
[0.533s] -- Configuring done (0.3s)
[0.536s] -- Generating done (0.0s)
[0.537s] -- Build files have been written to: /home/mohanarangan-t-r/teleop_ws/build/rover_description
[0.540s] Invoked command in '/home/mohanarangan-t-r/teleop_ws/build/rover_description' returned '0': CMAKE_PREFIX_PATH=${CMAKE_PREFIX_PATH}:/home/mohanarangan-t-r/teleop_ws/install/rover_teleop:/home/mohanarangan-t-r/teleop_ws/install/rover_bringup:/home/mohanarangan-t-r/rover_ws/install/rover_perception:/opt/ros/jazzy DEBUGINFOD_URLS=https://debuginfod.ubuntu.com /usr/bin/cmake /home/mohanarangan-t-r/teleop_ws/src/rover_description -DAMENT_CMAKE_SYMLINK_INSTALL=1 -DCMAKE_INSTALL_PREFIX=/home/mohanarangan-t-r/teleop_ws/install/rover_description
[0.541s] Invoking command in '/home/mohanarangan-t-r/teleop_ws/build/rover_description': CMAKE_PREFIX_PATH=${CMAKE_PREFIX_PATH}:/home/mohanarangan-t-r/teleop_ws/install/rover_teleop:/home/mohanarangan-t-r/teleop_ws/install/rover_bringup:/home/mohanarangan-t-r/rover_ws/install/rover_perception:/opt/ros/jazzy DEBUGINFOD_URLS=https://debuginfod.ubuntu.com /usr/bin/cmake --build /home/mohanarangan-t-r/teleop_ws/build/rover_description -- -j16 -l16
[0.586s] Invoked command in '/home/mohanarangan-t-r/teleop_ws/build/rover_description' returned '0': CMAKE_PREFIX_PATH=${CMAKE_PREFIX_PATH}:/home/mohanarangan-t-r/teleop_ws/install/rover_teleop:/home/mohanarangan-t-r/teleop_ws/install/rover_bringup:/home/mohanarangan-t-r/rover_ws/install/rover_perception:/opt/ros/jazzy DEBUGINFOD_URLS=https://debuginfod.ubuntu.com /usr/bin/cmake --build /home/mohanarangan-t-r/teleop_ws/build/rover_description -- -j16 -l16
[0.599s] Invoking command in '/home/mohanarangan-t-r/teleop_ws/build/rover_description': CMAKE_PREFIX_PATH=${CMAKE_PREFIX_PATH}:/home/mohanarangan-t-r/teleop_ws/install/rover_teleop:/home/mohanarangan-t-r/teleop_ws/install/rover_bringup:/home/mohanarangan-t-r/rover_ws/install/rover_perception:/opt/ros/jazzy DEBUGINFOD_URLS=https://debuginfod.ubuntu.com /usr/bin/cmake --install /home/mohanarangan-t-r/teleop_ws/build/rover_description
[0.607s] -- Install configuration: ""
[0.607s] -- Execute custom install script
[0.608s] -- Symlinking: /home/mohanarangan-t-r/teleop_ws/install/rover_description/share/rover_description/urdf/robot.xacro
[0.617s] -- Symlinking: /home/mohanarangan-t-r/teleop_ws/install/rover_description/share/ament_index/resource_index/package_run_dependencies/rover_description
[0.626s] -- Symlinking: /home/mohanarangan-t-r/teleop_ws/install/rover_description/share/ament_index/resource_index/parent_prefix_path/rover_description
[0.635s] -- Symlinking: /home/mohanarangan-t-r/teleop_ws/install/rover_description/share/rover_description/environment/ament_prefix_path.sh
[0.645s] -- Symlinking: /home/mohanarangan-t-r/teleop_ws/install/rover_description/share/rover_description/environment/ament_prefix_path.dsv
[0.655s] -- Symlinking: /home/mohanarangan-t-r/teleop_ws/install/rover_description/share/rover_description/environment/path.sh
[0.664s] -- Symlinking: /home/mohanarangan-t-r/teleop_ws/install/rover_description/share/rover_description/environment/path.dsv
[0.673s] -- Symlinking: /home/mohanarangan-t-r/teleop_ws/install/rover_description/share/rover_description/local_setup.bash
[0.683s] -- Symlinking: /home/mohanarangan-t-r/teleop_ws/install/rover_description/share/rover_description/local_setup.sh
[0.695s] -- Symlinking: /home/mohanarangan-t-r/teleop_ws/install/rover_description/share/rover_description/local_setup.zsh
[0.704s] -- Symlinking: /home/mohanarangan-t-r/teleop_ws/install/rover_description/share/rover_description/local_setup.dsv
[0.712s] -- Symlinking: /home/mohanarangan-t-r/teleop_ws/install/rover_description/share/rover_description/package.dsv
[0.723s] -- Symlinking: /home/mohanarangan-t-r/teleop_ws/install/rover_description/share/ament_index/resource_index/packages/rover_description
[0.733s] -- Symlinking: /home/mohanarangan-t-r/teleop_ws/install/rover_description/share/rover_description/cmake/rover_descriptionConfig.cmake
[0.742s] -- Symlinking: /home/mohanarangan-t-r/teleop_ws/install/rover_description/share/rover_description/cmake/rover_descriptionConfig-version.cmake
[0.753s] -- Symlinking: /home/mohanarangan-t-r/teleop_ws/install/rover_description/share/rover_description/package.xml
[0.765s] Invoked command in '/home/mohanarangan-t-r/teleop_ws/build/rover_description' returned '0': CMAKE_PREFIX_PATH=${CMAKE_PREFIX_PATH}:/home/mohanarangan-t-r/teleop_ws/install/rover_teleop:/home/mohanarangan-t-r/teleop_ws/install/rover_bringup:/home/mohanarangan-t-r/rover_ws/install/rover_perception:/opt/ros/jazzy DEBUGINFOD_URLS=https://debuginfod.ubuntu.com /usr/bin/cmake --install /home/mohanarangan-t-r/teleop_ws/build/rover_description
