[0.394s] Invoking command in '/home/mohanarangan-t-r/teleop_ws/build/sllidar_ros2': CMAKE_PREFIX_PATH=${CMAKE_PREFIX_PATH}:/home/mohanarangan-t-r/teleop_ws/install/rover_teleop:/home/mohanarangan-t-r/teleop_ws/install/rover_bringup:/home/mohanarangan-t-r/rover_ws/install/rover_perception:/opt/ros/jazzy DEBUGINFOD_URLS=https://debuginfod.ubuntu.com /usr/bin/cmake --build /home/mohanarangan-t-r/teleop_ws/build/sllidar_ros2 -- -j16 -l16
[0.458s] [ 10%] Built target sllidar_client
[0.463s] [100%] Built target sllidar_node
[0.477s] Invoked command in '/home/mohanarangan-t-r/teleop_ws/build/sllidar_ros2' returned '0': CMAKE_PREFIX_PATH=${CMAKE_PREFIX_PATH}:/home/mohanarangan-t-r/teleop_ws/install/rover_teleop:/home/mohanarangan-t-r/teleop_ws/install/rover_bringup:/home/mohanarangan-t-r/rover_ws/install/rover_perception:/opt/ros/jazzy DEBUGINFOD_URLS=https://debuginfod.ubuntu.com /usr/bin/cmake --build /home/mohanarangan-t-r/teleop_ws/build/sllidar_ros2 -- -j16 -l16
[0.479s] Invoking command in '/home/mohanarangan-t-r/teleop_ws/build/sllidar_ros2': CMAKE_PREFIX_PATH=${CMAKE_PREFIX_PATH}:/home/mohanarangan-t-r/teleop_ws/install/rover_teleop:/home/mohanarangan-t-r/teleop_ws/install/rover_bringup:/home/mohanarangan-t-r/rover_ws/install/rover_perception:/opt/ros/jazzy DEBUGINFOD_URLS=https://debuginfod.ubuntu.com /usr/bin/cmake --install /home/mohanarangan-t-r/teleop_ws/build/sllidar_ros2
[0.487s] -- Install configuration: ""
[0.487s] -- Execute custom install script
[0.487s] -- Up-to-date symlink: /home/mohanarangan-t-r/teleop_ws/install/sllidar_ros2/share/sllidar_ros2/launch/sllidar_a1_launch.py
[0.487s] -- Up-to-date symlink: /home/mohanarangan-t-r/teleop_ws/install/sllidar_ros2/share/sllidar_ros2/launch/view_sllidar_a1_launch.py
[0.488s] -- Up-to-date symlink: /home/mohanarangan-t-r/teleop_ws/install/sllidar_ros2/share/sllidar_ros2/rviz/sllidar_ros2.rviz
[0.488s] -- Up-to-date symlink: /home/mohanarangan-t-r/teleop_ws/install/sllidar_ros2/lib/sllidar_ros2/sllidar_node
[0.488s] -- Up-to-date symlink: /home/mohanarangan-t-r/teleop_ws/install/sllidar_ros2/lib/sllidar_ros2/sllidar_client
[0.488s] -- Up-to-date symlink: /home/mohanarangan-t-r/teleop_ws/install/sllidar_ros2/share/ament_index/resource_index/package_run_dependencies/sllidar_ros2
[0.489s] -- Up-to-date symlink: /home/mohanarangan-t-r/teleop_ws/install/sllidar_ros2/share/ament_index/resource_index/parent_prefix_path/sllidar_ros2
[0.489s] -- Up-to-date symlink: /home/mohanarangan-t-r/teleop_ws/install/sllidar_ros2/share/sllidar_ros2/environment/ament_prefix_path.sh
[0.489s] -- Up-to-date symlink: /home/mohanarangan-t-r/teleop_ws/install/sllidar_ros2/share/sllidar_ros2/environment/ament_prefix_path.dsv
[0.489s] -- Up-to-date symlink: /home/mohanarangan-t-r/teleop_ws/install/sllidar_ros2/share/sllidar_ros2/environment/path.sh
[0.489s] -- Up-to-date symlink: /home/mohanarangan-t-r/teleop_ws/install/sllidar_ros2/share/sllidar_ros2/environment/path.dsv
[0.489s] -- Up-to-date symlink: /home/mohanarangan-t-r/teleop_ws/install/sllidar_ros2/share/sllidar_ros2/local_setup.bash
[0.489s] -- Up-to-date symlink: /home/mohanarangan-t-r/teleop_ws/install/sllidar_ros2/share/sllidar_ros2/local_setup.sh
[0.489s] -- Up-to-date symlink: /home/mohanarangan-t-r/teleop_ws/install/sllidar_ros2/share/sllidar_ros2/local_setup.zsh
[0.489s] -- Up-to-date symlink: /home/mohanarangan-t-r/teleop_ws/install/sllidar_ros2/share/sllidar_ros2/local_setup.dsv
[0.490s] -- Symlinking: /home/mohanarangan-t-r/teleop_ws/install/sllidar_ros2/share/sllidar_ros2/package.dsv
[0.499s] -- Up-to-date symlink: /home/mohanarangan-t-r/teleop_ws/install/sllidar_ros2/share/ament_index/resource_index/packages/sllidar_ros2
[0.499s] -- Up-to-date symlink: /home/mohanarangan-t-r/teleop_ws/install/sllidar_ros2/share/sllidar_ros2/cmake/ament_cmake_export_dependencies-extras.cmake
[0.499s] -- Up-to-date symlink: /home/mohanarangan-t-r/teleop_ws/install/sllidar_ros2/share/sllidar_ros2/cmake/ament_cmake_export_include_directories-extras.cmake
[0.499s] -- Up-to-date symlink: /home/mohanarangan-t-r/teleop_ws/install/sllidar_ros2/share/sllidar_ros2/cmake/sllidar_ros2Config.cmake
[0.500s] -- Up-to-date symlink: /home/mohanarangan-t-r/teleop_ws/install/sllidar_ros2/share/sllidar_ros2/cmake/sllidar_ros2Config-version.cmake
[0.500s] -- Up-to-date symlink: /home/mohanarangan-t-r/teleop_ws/install/sllidar_ros2/share/sllidar_ros2/package.xml
[0.501s] Invoked command in '/home/mohanarangan-t-r/teleop_ws/build/sllidar_ros2' returned '0': CMAKE_PREFIX_PATH=${CMAKE_PREFIX_PATH}:/home/mohanarangan-t-r/teleop_ws/install/rover_teleop:/home/mohanarangan-t-r/teleop_ws/install/rover_bringup:/home/mohanarangan-t-r/rover_ws/install/rover_perception:/opt/ros/jazzy DEBUGINFOD_URLS=https://debuginfod.ubuntu.com /usr/bin/cmake --install /home/mohanarangan-t-r/teleop_ws/build/sllidar_ros2
