[1.154s] Invoking command in '/home/mohanarangan-t-r/teleop_ws/src/rover_bringup': DEBUGINFOD_URLS=https://debuginfod.ubuntu.com PYTHONPATH=/home/mohanarangan-t-r/teleop_ws/build/rover_bringup/prefix_override:/usr/lib/python3/dist-packages/colcon_core/task/python/colcon_distutils_commands:/home/mohanarangan-t-r/teleop_ws/install/rover_bringup/lib/python3.12/site-packages:${PYTHONPATH} /usr/bin/python3 -W ignore:setup.py install is deprecated -W ignore:easy_install command is deprecated setup.py egg_info --egg-base ../../build/rover_bringup build --build-base /home/mohanarangan-t-r/teleop_ws/build/rover_bringup/build install --record /home/mohanarangan-t-r/teleop_ws/build/rover_bringup/install.log --single-version-externally-managed install_data
[1.319s] running egg_info
[1.319s] creating ../../build/rover_bringup/rover_bringup.egg-info
[1.330s] writing ../../build/rover_bringup/rover_bringup.egg-info/PKG-INFO
[1.330s] writing dependency_links to ../../build/rover_bringup/rover_bringup.egg-info/dependency_links.txt
[1.330s] writing requirements to ../../build/rover_bringup/rover_bringup.egg-info/requires.txt
[1.330s] writing top-level names to ../../build/rover_bringup/rover_bringup.egg-info/top_level.txt
[1.330s] writing manifest file '../../build/rover_bringup/rover_bringup.egg-info/SOURCES.txt'
[1.351s] reading manifest file '../../build/rover_bringup/rover_bringup.egg-info/SOURCES.txt'
[1.352s] writing manifest file '../../build/rover_bringup/rover_bringup.egg-info/SOURCES.txt'
[1.352s] running build
[1.352s] running build_py
[1.352s] creating /home/mohanarangan-t-r/teleop_ws/build/rover_bringup/build
[1.352s] creating /home/mohanarangan-t-r/teleop_ws/build/rover_bringup/build/lib
[1.352s] creating /home/mohanarangan-t-r/teleop_ws/build/rover_bringup/build/lib/rover_bringup
[1.352s] copying rover_bringup/__init__.py -> /home/mohanarangan-t-r/teleop_ws/build/rover_bringup/build/lib/rover_bringup
[1.352s] running install
[1.356s] running install_lib
[1.367s] creating /home/mohanarangan-t-r/teleop_ws/install/rover_bringup/lib/python3.12/site-packages/rover_bringup
[1.367s] copying /home/mohanarangan-t-r/teleop_ws/build/rover_bringup/build/lib/rover_bringup/__init__.py -> /home/mohanarangan-t-r/teleop_ws/install/rover_bringup/lib/python3.12/site-packages/rover_bringup
[1.367s] byte-compiling /home/mohanarangan-t-r/teleop_ws/install/rover_bringup/lib/python3.12/site-packages/rover_bringup/__init__.py to __init__.cpython-312.pyc
[1.367s] running install_data
[1.368s] creating /home/mohanarangan-t-r/teleop_ws/install/rover_bringup/share/ament_index
[1.368s] creating /home/mohanarangan-t-r/teleop_ws/install/rover_bringup/share/ament_index/resource_index
[1.368s] creating /home/mohanarangan-t-r/teleop_ws/install/rover_bringup/share/ament_index/resource_index/packages
[1.368s] copying resource/rover_bringup -> /home/mohanarangan-t-r/teleop_ws/install/rover_bringup/share/ament_index/resource_index/packages
[1.368s] copying package.xml -> /home/mohanarangan-t-r/teleop_ws/install/rover_bringup/share/rover_bringup
[1.368s] running install_egg_info
[1.379s] Copying ../../build/rover_bringup/rover_bringup.egg-info to /home/mohanarangan-t-r/teleop_ws/install/rover_bringup/lib/python3.12/site-packages/rover_bringup-0.0.0-py3.12.egg-info
[1.380s] running install_scripts
[1.466s] writing list of installed files to '/home/mohanarangan-t-r/teleop_ws/build/rover_bringup/install.log'
[1.492s] Invoked command in '/home/mohanarangan-t-r/teleop_ws/src/rover_bringup' returned '0': DEBUGINFOD_URLS=https://debuginfod.ubuntu.com PYTHONPATH=/home/mohanarangan-t-r/teleop_ws/build/rover_bringup/prefix_override:/usr/lib/python3/dist-packages/colcon_core/task/python/colcon_distutils_commands:/home/mohanarangan-t-r/teleop_ws/install/rover_bringup/lib/python3.12/site-packages:${PYTHONPATH} /usr/bin/python3 -W ignore:setup.py install is deprecated -W ignore:easy_install command is deprecated setup.py egg_info --egg-base ../../build/rover_bringup build --build-base /home/mohanarangan-t-r/teleop_ws/build/rover_bringup/build install --record /home/mohanarangan-t-r/teleop_ws/build/rover_bringup/install.log --single-version-externally-managed install_data
