[2.368s] Invoking command in '/home/mohanarangan-t-r/teleop_ws/build/rover_bringup': DEBUGINFOD_URLS=https://debuginfod.ubuntu.com PS1=(ml_env_312) \[\e]0;\u@\h: \w\a\]${debian_chroot:+($debian_chroot)}\[\033[01;32m\]\u@\h\[\033[00m\]:\[\033[01;34m\]\w\[\033[00m\]\$ PYTHONPATH=/home/mohanarangan-t-r/teleop_ws/build/rover_bringup/prefix_override:/usr/lib/python3/dist-packages/colcon_core/task/python/colcon_distutils_commands:/home/mohanarangan-t-r/teleop_ws/install/rover_bringup/lib/python3.12/site-packages:${PYTHONPATH} VIRTUAL_ENV_PROMPT=(ml_env_312) /usr/bin/python3 -W ignore:setup.py install is deprecated -W ignore:easy_install command is deprecated setup.py develop --editable --build-directory /home/mohanarangan-t-r/teleop_ws/build/rover_bringup/build --no-deps symlink_data
[3.048s] running develop
[3.463s] running egg_info
[3.500s] writing rover_bringup.egg-info/PKG-INFO
[3.501s] writing dependency_links to rover_bringup.egg-info/dependency_links.txt
[3.501s] writing requirements to rover_bringup.egg-info/requires.txt
[3.501s] writing top-level names to rover_bringup.egg-info/top_level.txt
[3.577s] reading manifest file 'rover_bringup.egg-info/SOURCES.txt'
[3.579s] writing manifest file 'rover_bringup.egg-info/SOURCES.txt'
[3.620s] running build_ext
[3.620s] Creating /home/mohanarangan-t-r/teleop_ws/install/rover_bringup/lib/python3.12/site-packages/rover-bringup.egg-link (link to .)
[3.621s] 
[3.621s] Installed /home/mohanarangan-t-r/teleop_ws/build/rover_bringup
[3.622s] running symlink_data
[3.622s] creating /home/mohanarangan-t-r/teleop_ws/install/rover_bringup/share/rover_bringup/launch
[3.622s] symbolically linking /home/mohanarangan-t-r/teleop_ws/build/rover_bringup/launch/bringup.launch.py -> /home/mohanarangan-t-r/teleop_ws/install/rover_bringup/share/rover_bringup/launch
[3.622s] symbolically linking /home/mohanarangan-t-r/teleop_ws/build/rover_bringup/launch/description.launch.py -> /home/mohanarangan-t-r/teleop_ws/install/rover_bringup/share/rover_bringup/launch
[3.622s] symbolically linking /home/mohanarangan-t-r/teleop_ws/build/rover_bringup/launch/lidar.launch.py -> /home/mohanarangan-t-r/teleop_ws/install/rover_bringup/share/rover_bringup/launch
[3.623s] symbolically linking /home/mohanarangan-t-r/teleop_ws/build/rover_bringup/launch/teleop.launch.py -> /home/mohanarangan-t-r/teleop_ws/install/rover_bringup/share/rover_bringup/launch
[3.720s] Invoked command in '/home/mohanarangan-t-r/teleop_ws/build/rover_bringup' returned '0': DEBUGINFOD_URLS=https://debuginfod.ubuntu.com PS1=(ml_env_312) \[\e]0;\u@\h: \w\a\]${debian_chroot:+($debian_chroot)}\[\033[01;32m\]\u@\h\[\033[00m\]:\[\033[01;34m\]\w\[\033[00m\]\$ PYTHONPATH=/home/mohanarangan-t-r/teleop_ws/build/rover_bringup/prefix_override:/usr/lib/python3/dist-packages/colcon_core/task/python/colcon_distutils_commands:/home/mohanarangan-t-r/teleop_ws/install/rover_bringup/lib/python3.12/site-packages:${PYTHONPATH} VIRTUAL_ENV_PROMPT=(ml_env_312) /usr/bin/python3 -W ignore:setup.py install is deprecated -W ignore:easy_install command is deprecated setup.py develop --editable --build-directory /home/mohanarangan-t-r/teleop_ws/build/rover_bringup/build --no-deps symlink_data
