[0.147s] DEBUG:colcon:Command line arguments: ['/usr/bin/colcon', 'build', '--symlink-install']
[0.147s] DEBUG:colcon:Parsed command line arguments: Namespace(log_base=None, log_level=None, verb_name='build', build_base='build', install_base='install', merge_install=False, symlink_install=True, test_result_base=None, continue_on_error=False, executor='parallel', parallel_workers=16, event_handlers=None, ignore_user_meta=False, metas=['./colcon.meta'], base_paths=['.'], packages_ignore=None, packages_ignore_regex=None, paths=None, packages_up_to=None, packages_up_to_regex=None, packages_above=None, packages_above_and_dependencies=None, packages_above_depth=None, packages_select_by_dep=None, packages_skip_by_dep=None, packages_skip_up_to=None, packages_select_build_failed=False, packages_skip_build_finished=False, packages_select_test_failures=False, packages_skip_test_passed=False, packages_select=None, packages_skip=None, packages_select_regex=None, packages_skip_regex=None, packages_start=None, packages_end=None, allow_overriding=[], cmake_args=None, cmake_target=None, cmake_target_skip_unavailable=False, cmake_clean_cache=False, cmake_clean_first=False, cmake_force_configure=False, ament_cmake_args=None, catkin_cmake_args=None, catkin_skip_building_tests=False, mixin_files=None, mixin=None, verb_parser=<colcon_mixin.mixin.mixin_argument.MixinArgumentDecorator object at 0x75fd9c6963c0>, verb_extension=<colcon_core.verb.build.BuildVerb object at 0x75fd9c7c20c0>, main=<bound method BuildVerb.main of <colcon_core.verb.build.BuildVerb object at 0x75fd9c7c20c0>>, mixin_verb=('build',))
[0.196s] Level 1:colcon.colcon_core.package_discovery:discover_packages(colcon_meta) check parameters
[0.196s] Level 1:colcon.colcon_core.package_discovery:discover_packages(recursive) check parameters
[0.196s] Level 1:colcon.colcon_core.package_discovery:discover_packages(ignore) check parameters
[0.196s] Level 1:colcon.colcon_core.package_discovery:discover_packages(path) check parameters
[0.196s] Level 1:colcon.colcon_core.package_discovery:discover_packages(colcon_meta) discover
[0.197s] Level 1:colcon.colcon_core.package_discovery:discover_packages(recursive) discover
[0.197s] INFO:colcon.colcon_core.package_discovery:Crawling recursively for packages in '/home/mohanarangan-t-r/teleop_ws'
[0.197s] Level 1:colcon.colcon_core.package_identification:_identify(.) by extensions ['ignore', 'ignore_ament_install']
[0.197s] Level 1:colcon.colcon_core.package_identification:_identify(.) by extension 'ignore'
[0.197s] Level 1:colcon.colcon_core.package_identification:_identify(.) by extension 'ignore_ament_install'
[0.197s] Level 1:colcon.colcon_core.package_identification:_identify(.) by extensions ['colcon_pkg']
[0.197s] Level 1:colcon.colcon_core.package_identification:_identify(.) by extension 'colcon_pkg'
[0.197s] Level 1:colcon.colcon_core.package_identification:_identify(.) by extensions ['colcon_meta']
[0.197s] Level 1:colcon.colcon_core.package_identification:_identify(.) by extension 'colcon_meta'
[0.197s] Level 1:colcon.colcon_core.package_identification:_identify(.) by extensions ['ros']
[0.197s] Level 1:colcon.colcon_core.package_identification:_identify(.) by extension 'ros'
[0.227s] Level 1:colcon.colcon_core.package_identification:_identify(.) by extensions ['cmake', 'python']
[0.227s] Level 1:colcon.colcon_core.package_identification:_identify(.) by extension 'cmake'
[0.227s] Level 1:colcon.colcon_core.package_identification:_identify(.) by extension 'python'
[0.227s] Level 1:colcon.colcon_core.package_identification:_identify(.) by extensions ['python_setup_py']
[0.227s] Level 1:colcon.colcon_core.package_identification:_identify(.) by extension 'python_setup_py'
[0.227s] Level 1:colcon.colcon_core.package_identification:_identify(build) by extensions ['ignore', 'ignore_ament_install']
[0.227s] Level 1:colcon.colcon_core.package_identification:_identify(build) by extension 'ignore'
[0.227s] Level 1:colcon.colcon_core.package_identification:_identify(build) ignored
[0.228s] Level 1:colcon.colcon_core.package_identification:_identify(install) by extensions ['ignore', 'ignore_ament_install']
[0.228s] Level 1:colcon.colcon_core.package_identification:_identify(install) by extension 'ignore'
[0.228s] Level 1:colcon.colcon_core.package_identification:_identify(install) ignored
[0.228s] Level 1:colcon.colcon_core.package_identification:_identify(log) by extensions ['ignore', 'ignore_ament_install']
[0.228s] Level 1:colcon.colcon_core.package_identification:_identify(log) by extension 'ignore'
[0.228s] Level 1:colcon.colcon_core.package_identification:_identify(log) ignored
[0.228s] Level 1:colcon.colcon_core.package_identification:_identify(src) by extensions ['ignore', 'ignore_ament_install']
[0.228s] Level 1:colcon.colcon_core.package_identification:_identify(src) by extension 'ignore'
[0.228s] Level 1:colcon.colcon_core.package_identification:_identify(src) by extension 'ignore_ament_install'
[0.228s] Level 1:colcon.colcon_core.package_identification:_identify(src) by extensions ['colcon_pkg']
[0.228s] Level 1:colcon.colcon_core.package_identification:_identify(src) by extension 'colcon_pkg'
[0.228s] Level 1:colcon.colcon_core.package_identification:_identify(src) by extensions ['colcon_meta']
[0.228s] Level 1:colcon.colcon_core.package_identification:_identify(src) by extension 'colcon_meta'
[0.228s] Level 1:colcon.colcon_core.package_identification:_identify(src) by extensions ['ros']
[0.228s] Level 1:colcon.colcon_core.package_identification:_identify(src) by extension 'ros'
[0.228s] Level 1:colcon.colcon_core.package_identification:_identify(src) by extensions ['cmake', 'python']
[0.228s] Level 1:colcon.colcon_core.package_identification:_identify(src) by extension 'cmake'
[0.228s] Level 1:colcon.colcon_core.package_identification:_identify(src) by extension 'python'
[0.228s] Level 1:colcon.colcon_core.package_identification:_identify(src) by extensions ['python_setup_py']
[0.228s] Level 1:colcon.colcon_core.package_identification:_identify(src) by extension 'python_setup_py'
[0.229s] Level 1:colcon.colcon_core.package_identification:_identify(src/rover_bringup) by extensions ['ignore', 'ignore_ament_install']
[0.229s] Level 1:colcon.colcon_core.package_identification:_identify(src/rover_bringup) by extension 'ignore'
[0.229s] Level 1:colcon.colcon_core.package_identification:_identify(src/rover_bringup) by extension 'ignore_ament_install'
[0.229s] Level 1:colcon.colcon_core.package_identification:_identify(src/rover_bringup) by extensions ['colcon_pkg']
[0.229s] Level 1:colcon.colcon_core.package_identification:_identify(src/rover_bringup) by extension 'colcon_pkg'
[0.229s] Level 1:colcon.colcon_core.package_identification:_identify(src/rover_bringup) by extensions ['colcon_meta']
[0.229s] Level 1:colcon.colcon_core.package_identification:_identify(src/rover_bringup) by extension 'colcon_meta'
[0.229s] Level 1:colcon.colcon_core.package_identification:_identify(src/rover_bringup) by extensions ['ros']
[0.229s] Level 1:colcon.colcon_core.package_identification:_identify(src/rover_bringup) by extension 'ros'
[0.232s] DEBUG:colcon.colcon_core.package_identification:Package 'src/rover_bringup' with type 'ros.ament_python' and name 'rover_bringup'
[0.232s] Level 1:colcon.colcon_core.package_identification:_identify(src/rover_description) by extensions ['ignore', 'ignore_ament_install']
[0.232s] Level 1:colcon.colcon_core.package_identification:_identify(src/rover_description) by extension 'ignore'
[0.232s] Level 1:colcon.colcon_core.package_identification:_identify(src/rover_description) by extension 'ignore_ament_install'
[0.232s] Level 1:colcon.colcon_core.package_identification:_identify(src/rover_description) by extensions ['colcon_pkg']
[0.232s] Level 1:colcon.colcon_core.package_identification:_identify(src/rover_description) by extension 'colcon_pkg'
[0.232s] Level 1:colcon.colcon_core.package_identification:_identify(src/rover_description) by extensions ['colcon_meta']
[0.232s] Level 1:colcon.colcon_core.package_identification:_identify(src/rover_description) by extension 'colcon_meta'
[0.232s] Level 1:colcon.colcon_core.package_identification:_identify(src/rover_description) by extensions ['ros']
[0.232s] Level 1:colcon.colcon_core.package_identification:_identify(src/rover_description) by extension 'ros'
[0.233s] DEBUG:colcon.colcon_core.package_identification:Package 'src/rover_description' with type 'ros.ament_cmake' and name 'rover_description'
[0.233s] Level 1:colcon.colcon_core.package_identification:_identify(src/rover_teleop) by extensions ['ignore', 'ignore_ament_install']
[0.233s] Level 1:colcon.colcon_core.package_identification:_identify(src/rover_teleop) by extension 'ignore'
[0.233s] Level 1:colcon.colcon_core.package_identification:_identify(src/rover_teleop) by extension 'ignore_ament_install'
[0.233s] Level 1:colcon.colcon_core.package_identification:_identify(src/rover_teleop) by extensions ['colcon_pkg']
[0.233s] Level 1:colcon.colcon_core.package_identification:_identify(src/rover_teleop) by extension 'colcon_pkg'
[0.233s] Level 1:colcon.colcon_core.package_identification:_identify(src/rover_teleop) by extensions ['colcon_meta']
[0.233s] Level 1:colcon.colcon_core.package_identification:_identify(src/rover_teleop) by extension 'colcon_meta'
[0.233s] Level 1:colcon.colcon_core.package_identification:_identify(src/rover_teleop) by extensions ['ros']
[0.233s] Level 1:colcon.colcon_core.package_identification:_identify(src/rover_teleop) by extension 'ros'
[0.234s] DEBUG:colcon.colcon_core.package_identification:Package 'src/rover_teleop' with type 'ros.ament_python' and name 'rover_teleop'
[0.234s] Level 1:colcon.colcon_core.package_identification:_identify(src/sllidar_ros2) by extensions ['ignore', 'ignore_ament_install']
[0.234s] Level 1:colcon.colcon_core.package_identification:_identify(src/sllidar_ros2) by extension 'ignore'
[0.234s] Level 1:colcon.colcon_core.package_identification:_identify(src/sllidar_ros2) by extension 'ignore_ament_install'
[0.234s] Level 1:colcon.colcon_core.package_identification:_identify(src/sllidar_ros2) by extensions ['colcon_pkg']
[0.234s] Level 1:colcon.colcon_core.package_identification:_identify(src/sllidar_ros2) by extension 'colcon_pkg'
[0.234s] Level 1:colcon.colcon_core.package_identification:_identify(src/sllidar_ros2) by extensions ['colcon_meta']
[0.234s] Level 1:colcon.colcon_core.package_identification:_identify(src/sllidar_ros2) by extension 'colcon_meta'
[0.234s] Level 1:colcon.colcon_core.package_identification:_identify(src/sllidar_ros2) by extensions ['ros']
[0.234s] Level 1:colcon.colcon_core.package_identification:_identify(src/sllidar_ros2) by extension 'ros'
[0.235s] DEBUG:colcon.colcon_core.package_identification:Package 'src/sllidar_ros2' with type 'ros.ament_cmake' and name 'sllidar_ros2'
[0.235s] Level 1:colcon.colcon_core.package_discovery:discover_packages(recursive) using defaults
[0.235s] Level 1:colcon.colcon_core.package_discovery:discover_packages(ignore) discover
[0.235s] Level 1:colcon.colcon_core.package_discovery:discover_packages(ignore) using defaults
[0.235s] Level 1:colcon.colcon_core.package_discovery:discover_packages(path) discover
[0.235s] Level 1:colcon.colcon_core.package_discovery:discover_packages(path) using defaults
[0.254s] Level 1:colcon.colcon_core.package_discovery:discover_packages(prefix_path) check parameters
[0.254s] Level 1:colcon.colcon_core.package_discovery:discover_packages(prefix_path) discover
[0.256s] DEBUG:colcon.colcon_installed_package_information.package_discovery:Found 4 installed packages in /home/mohanarangan-t-r/teleop_ws/install
[0.257s] DEBUG:colcon.colcon_installed_package_information.package_discovery:Found 5 installed packages in /home/mohanarangan-t-r/rover_ws/install
[0.260s] DEBUG:colcon.colcon_installed_package_information.package_discovery:Found 425 installed packages in /opt/ros/jazzy
[0.262s] Level 1:colcon.colcon_core.package_discovery:discover_packages(prefix_path) using defaults
[0.315s] Level 5:colcon.colcon_core.verb:set package 'rover_bringup' build argument 'cmake_args' from command line to 'None'
[0.315s] Level 5:colcon.colcon_core.verb:set package 'rover_bringup' build argument 'cmake_target' from command line to 'None'
[0.316s] Level 5:colcon.colcon_core.verb:set package 'rover_bringup' build argument 'cmake_target_skip_unavailable' from command line to 'False'
[0.316s] Level 5:colcon.colcon_core.verb:set package 'rover_bringup' build argument 'cmake_clean_cache' from command line to 'False'
[0.316s] Level 5:colcon.colcon_core.verb:set package 'rover_bringup' build argument 'cmake_clean_first' from command line to 'False'
[0.316s] Level 5:colcon.colcon_core.verb:set package 'rover_bringup' build argument 'cmake_force_configure' from command line to 'False'
[0.316s] Level 5:colcon.colcon_core.verb:set package 'rover_bringup' build argument 'ament_cmake_args' from command line to 'None'
[0.316s] Level 5:colcon.colcon_core.verb:set package 'rover_bringup' build argument 'catkin_cmake_args' from command line to 'None'
[0.316s] Level 5:colcon.colcon_core.verb:set package 'rover_bringup' build argument 'catkin_skip_building_tests' from command line to 'False'
[0.316s] DEBUG:colcon.colcon_core.verb:Building package 'rover_bringup' with the following arguments: {'ament_cmake_args': None, 'build_base': '/home/mohanarangan-t-r/teleop_ws/build/rover_bringup', 'catkin_cmake_args': None, 'catkin_skip_building_tests': False, 'cmake_args': None, 'cmake_clean_cache': False, 'cmake_clean_first': False, 'cmake_force_configure': False, 'cmake_target': None, 'cmake_target_skip_unavailable': False, 'install_base': '/home/mohanarangan-t-r/teleop_ws/install/rover_bringup', 'merge_install': False, 'path': '/home/mohanarangan-t-r/teleop_ws/src/rover_bringup', 'symlink_install': True, 'test_result_base': None}
[0.316s] Level 5:colcon.colcon_core.verb:set package 'rover_description' build argument 'cmake_args' from command line to 'None'
[0.316s] Level 5:colcon.colcon_core.verb:set package 'rover_description' build argument 'cmake_target' from command line to 'None'
[0.316s] Level 5:colcon.colcon_core.verb:set package 'rover_description' build argument 'cmake_target_skip_unavailable' from command line to 'False'
[0.316s] Level 5:colcon.colcon_core.verb:set package 'rover_description' build argument 'cmake_clean_cache' from command line to 'False'
[0.316s] Level 5:colcon.colcon_core.verb:set package 'rover_description' build argument 'cmake_clean_first' from command line to 'False'
[0.316s] Level 5:colcon.colcon_core.verb:set package 'rover_description' build argument 'cmake_force_configure' from command line to 'False'
[0.316s] Level 5:colcon.colcon_core.verb:set package 'rover_description' build argument 'ament_cmake_args' from command line to 'None'
[0.316s] Level 5:colcon.colcon_core.verb:set package 'rover_description' build argument 'catkin_cmake_args' from command line to 'None'
[0.316s] Level 5:colcon.colcon_core.verb:set package 'rover_description' build argument 'catkin_skip_building_tests' from command line to 'False'
[0.316s] DEBUG:colcon.colcon_core.verb:Building package 'rover_description' with the following arguments: {'ament_cmake_args': None, 'build_base': '/home/mohanarangan-t-r/teleop_ws/build/rover_description', 'catkin_cmake_args': None, 'catkin_skip_building_tests': False, 'cmake_args': None, 'cmake_clean_cache': False, 'cmake_clean_first': False, 'cmake_force_configure': False, 'cmake_target': None, 'cmake_target_skip_unavailable': False, 'install_base': '/home/mohanarangan-t-r/teleop_ws/install/rover_description', 'merge_install': False, 'path': '/home/mohanarangan-t-r/teleop_ws/src/rover_description', 'symlink_install': True, 'test_result_base': None}
[0.316s] Level 5:colcon.colcon_core.verb:set package 'rover_teleop' build argument 'cmake_args' from command line to 'None'
[0.316s] Level 5:colcon.colcon_core.verb:set package 'rover_teleop' build argument 'cmake_target' from command line to 'None'
[0.316s] Level 5:colcon.colcon_core.verb:set package 'rover_teleop' build argument 'cmake_target_skip_unavailable' from command line to 'False'
[0.316s] Level 5:colcon.colcon_core.verb:set package 'rover_teleop' build argument 'cmake_clean_cache' from command line to 'False'
[0.316s] Level 5:colcon.colcon_core.verb:set package 'rover_teleop' build argument 'cmake_clean_first' from command line to 'False'
[0.316s] Level 5:colcon.colcon_core.verb:set package 'rover_teleop' build argument 'cmake_force_configure' from command line to 'False'
[0.316s] Level 5:colcon.colcon_core.verb:set package 'rover_teleop' build argument 'ament_cmake_args' from command line to 'None'
[0.316s] Level 5:colcon.colcon_core.verb:set package 'rover_teleop' build argument 'catkin_cmake_args' from command line to 'None'
[0.316s] Level 5:colcon.colcon_core.verb:set package 'rover_teleop' build argument 'catkin_skip_building_tests' from command line to 'False'
[0.317s] DEBUG:colcon.colcon_core.verb:Building package 'rover_teleop' with the following arguments: {'ament_cmake_args': None, 'build_base': '/home/mohanarangan-t-r/teleop_ws/build/rover_teleop', 'catkin_cmake_args': None, 'catkin_skip_building_tests': False, 'cmake_args': None, 'cmake_clean_cache': False, 'cmake_clean_first': False, 'cmake_force_configure': False, 'cmake_target': None, 'cmake_target_skip_unavailable': False, 'install_base': '/home/mohanarangan-t-r/teleop_ws/install/rover_teleop', 'merge_install': False, 'path': '/home/mohanarangan-t-r/teleop_ws/src/rover_teleop', 'symlink_install': True, 'test_result_base': None}
[0.317s] Level 5:colcon.colcon_core.verb:set package 'sllidar_ros2' build argument 'cmake_args' from command line to 'None'
[0.317s] Level 5:colcon.colcon_core.verb:set package 'sllidar_ros2' build argument 'cmake_target' from command line to 'None'
[0.317s] Level 5:colcon.colcon_core.verb:set package 'sllidar_ros2' build argument 'cmake_target_skip_unavailable' from command line to 'False'
[0.317s] Level 5:colcon.colcon_core.verb:set package 'sllidar_ros2' build argument 'cmake_clean_cache' from command line to 'False'
[0.317s] Level 5:colcon.colcon_core.verb:set package 'sllidar_ros2' build argument 'cmake_clean_first' from command line to 'False'
[0.317s] Level 5:colcon.colcon_core.verb:set package 'sllidar_ros2' build argument 'cmake_force_configure' from command line to 'False'
[0.317s] Level 5:colcon.colcon_core.verb:set package 'sllidar_ros2' build argument 'ament_cmake_args' from command line to 'None'
[0.317s] Level 5:colcon.colcon_core.verb:set package 'sllidar_ros2' build argument 'catkin_cmake_args' from command line to 'None'
[0.317s] Level 5:colcon.colcon_core.verb:set package 'sllidar_ros2' build argument 'catkin_skip_building_tests' from command line to 'False'
[0.317s] DEBUG:colcon.colcon_core.verb:Building package 'sllidar_ros2' with the following arguments: {'ament_cmake_args': None, 'build_base': '/home/mohanarangan-t-r/teleop_ws/build/sllidar_ros2', 'catkin_cmake_args': None, 'catkin_skip_building_tests': False, 'cmake_args': None, 'cmake_clean_cache': False, 'cmake_clean_first': False, 'cmake_force_configure': False, 'cmake_target': None, 'cmake_target_skip_unavailable': False, 'install_base': '/home/mohanarangan-t-r/teleop_ws/install/sllidar_ros2', 'merge_install': False, 'path': '/home/mohanarangan-t-r/teleop_ws/src/sllidar_ros2', 'symlink_install': True, 'test_result_base': None}
[0.317s] INFO:colcon.colcon_core.executor:Executing jobs using 'parallel' executor
[0.318s] DEBUG:colcon.colcon_parallel_executor.executor.parallel:run_until_complete
[0.318s] INFO:colcon.colcon_ros.task.ament_python.build:Building ROS package in '/home/mohanarangan-t-r/teleop_ws/src/rover_bringup' with build type 'ament_python'
[0.318s] Level 1:colcon.colcon_core.shell:create_environment_hook('rover_bringup', 'ament_prefix_path')
[0.320s] INFO:colcon.colcon_core.plugin_system:Skipping extension 'colcon_core.shell.bat': Not used on non-Windows systems
[0.321s] INFO:colcon.colcon_core.shell:Creating environment hook '/home/mohanarangan-t-r/teleop_ws/install/rover_bringup/share/rover_bringup/hook/ament_prefix_path.ps1'
[0.322s] INFO:colcon.colcon_core.shell:Creating environment descriptor '/home/mohanarangan-t-r/teleop_ws/install/rover_bringup/share/rover_bringup/hook/ament_prefix_path.dsv'
[0.323s] INFO:colcon.colcon_core.shell:Creating environment hook '/home/mohanarangan-t-r/teleop_ws/install/rover_bringup/share/rover_bringup/hook/ament_prefix_path.sh'
[0.324s] INFO:colcon.colcon_core.shell:Skip shell extension 'powershell' for command environment: Not usable outside of PowerShell
[0.324s] DEBUG:colcon.colcon_core.shell:Skip shell extension 'dsv' for command environment
[0.330s] INFO:colcon.colcon_ros.task.ament_cmake.build:Building ROS package in '/home/mohanarangan-t-r/teleop_ws/src/rover_description' with build type 'ament_cmake'
[0.330s] INFO:colcon.colcon_cmake.task.cmake.build:Building CMake package in '/home/mohanarangan-t-r/teleop_ws/src/rover_description'
[0.330s] INFO:colcon.colcon_core.shell:Skip shell extension 'powershell' for command environment: Not usable outside of PowerShell
[0.330s] DEBUG:colcon.colcon_core.shell:Skip shell extension 'dsv' for command environment
[0.335s] INFO:colcon.colcon_ros.task.ament_python.build:Building ROS package in '/home/mohanarangan-t-r/teleop_ws/src/rover_teleop' with build type 'ament_python'
[0.335s] Level 1:colcon.colcon_core.shell:create_environment_hook('rover_teleop', 'ament_prefix_path')
[0.335s] INFO:colcon.colcon_core.shell:Creating environment hook '/home/mohanarangan-t-r/teleop_ws/install/rover_teleop/share/rover_teleop/hook/ament_prefix_path.ps1'
[0.336s] INFO:colcon.colcon_core.shell:Creating environment descriptor '/home/mohanarangan-t-r/teleop_ws/install/rover_teleop/share/rover_teleop/hook/ament_prefix_path.dsv'
[0.336s] INFO:colcon.colcon_core.shell:Creating environment hook '/home/mohanarangan-t-r/teleop_ws/install/rover_teleop/share/rover_teleop/hook/ament_prefix_path.sh'
[0.337s] INFO:colcon.colcon_core.shell:Skip shell extension 'powershell' for command environment: Not usable outside of PowerShell
[0.337s] DEBUG:colcon.colcon_core.shell:Skip shell extension 'dsv' for command environment
[0.343s] INFO:colcon.colcon_ros.task.ament_cmake.build:Building ROS package in '/home/mohanarangan-t-r/teleop_ws/src/sllidar_ros2' with build type 'ament_cmake'
[0.343s] INFO:colcon.colcon_cmake.task.cmake.build:Building CMake package in '/home/mohanarangan-t-r/teleop_ws/src/sllidar_ros2'
[0.343s] INFO:colcon.colcon_core.shell:Skip shell extension 'powershell' for command environment: Not usable outside of PowerShell
[0.344s] DEBUG:colcon.colcon_core.shell:Skip shell extension 'dsv' for command environment
[0.548s] INFO:colcon.colcon_core.task.python.build:Building Python package in '/home/mohanarangan-t-r/teleop_ws/src/rover_bringup'
[0.548s] INFO:colcon.colcon_core.shell:Skip shell extension 'powershell' for command environment: Not usable outside of PowerShell
[0.548s] DEBUG:colcon.colcon_core.shell:Skip shell extension 'dsv' for command environment
[0.555s] DEBUG:colcon.colcon_core.event_handler.log_command:Invoking command in '/home/mohanarangan-t-r/teleop_ws/build/rover_description': CMAKE_PREFIX_PATH=${CMAKE_PREFIX_PATH}:/home/mohanarangan-t-r/teleop_ws/install/rover_teleop:/home/mohanarangan-t-r/teleop_ws/install/rover_bringup:/home/mohanarangan-t-r/rover_ws/install/rover_perception:/opt/ros/jazzy DEBUGINFOD_URLS=https://debuginfod.ubuntu.com /usr/bin/cmake /home/mohanarangan-t-r/teleop_ws/src/rover_description -DAMENT_CMAKE_SYMLINK_INSTALL=1 -DCMAKE_INSTALL_PREFIX=/home/mohanarangan-t-r/teleop_ws/install/rover_description
[0.731s] INFO:colcon.colcon_core.task.python.build:Building Python package in '/home/mohanarangan-t-r/teleop_ws/src/rover_teleop'
[0.731s] INFO:colcon.colcon_core.shell:Skip shell extension 'powershell' for command environment: Not usable outside of PowerShell
[0.731s] DEBUG:colcon.colcon_core.shell:Skip shell extension 'dsv' for command environment
[0.739s] DEBUG:colcon.colcon_core.event_handler.log_command:Invoking command in '/home/mohanarangan-t-r/teleop_ws/build/sllidar_ros2': CMAKE_PREFIX_PATH=${CMAKE_PREFIX_PATH}:/home/mohanarangan-t-r/teleop_ws/install/rover_teleop:/home/mohanarangan-t-r/teleop_ws/install/rover_bringup:/home/mohanarangan-t-r/rover_ws/install/rover_perception:/opt/ros/jazzy DEBUGINFOD_URLS=https://debuginfod.ubuntu.com /usr/bin/cmake /home/mohanarangan-t-r/teleop_ws/src/sllidar_ros2 -DAMENT_CMAKE_SYMLINK_INSTALL=1 -DCMAKE_INSTALL_PREFIX=/home/mohanarangan-t-r/teleop_ws/install/sllidar_ros2
[0.871s] DEBUG:colcon.colcon_core.event_handler.log_command:Invoked command in '/home/mohanarangan-t-r/teleop_ws/build/rover_description' returned '0': CMAKE_PREFIX_PATH=${CMAKE_PREFIX_PATH}:/home/mohanarangan-t-r/teleop_ws/install/rover_teleop:/home/mohanarangan-t-r/teleop_ws/install/rover_bringup:/home/mohanarangan-t-r/rover_ws/install/rover_perception:/opt/ros/jazzy DEBUGINFOD_URLS=https://debuginfod.ubuntu.com /usr/bin/cmake /home/mohanarangan-t-r/teleop_ws/src/rover_description -DAMENT_CMAKE_SYMLINK_INSTALL=1 -DCMAKE_INSTALL_PREFIX=/home/mohanarangan-t-r/teleop_ws/install/rover_description
[0.872s] DEBUG:colcon.colcon_core.event_handler.log_command:Invoking command in '/home/mohanarangan-t-r/teleop_ws/build/rover_description': CMAKE_PREFIX_PATH=${CMAKE_PREFIX_PATH}:/home/mohanarangan-t-r/teleop_ws/install/rover_teleop:/home/mohanarangan-t-r/teleop_ws/install/rover_bringup:/home/mohanarangan-t-r/rover_ws/install/rover_perception:/opt/ros/jazzy DEBUGINFOD_URLS=https://debuginfod.ubuntu.com /usr/bin/cmake --build /home/mohanarangan-t-r/teleop_ws/build/rover_description -- -j16 -l16
[0.917s] DEBUG:colcon.colcon_core.event_handler.log_command:Invoked command in '/home/mohanarangan-t-r/teleop_ws/build/rover_description' returned '0': CMAKE_PREFIX_PATH=${CMAKE_PREFIX_PATH}:/home/mohanarangan-t-r/teleop_ws/install/rover_teleop:/home/mohanarangan-t-r/teleop_ws/install/rover_bringup:/home/mohanarangan-t-r/rover_ws/install/rover_perception:/opt/ros/jazzy DEBUGINFOD_URLS=https://debuginfod.ubuntu.com /usr/bin/cmake --build /home/mohanarangan-t-r/teleop_ws/build/rover_description -- -j16 -l16
[0.930s] DEBUG:colcon.colcon_core.event_handler.log_command:Invoking command in '/home/mohanarangan-t-r/teleop_ws/build/rover_description': CMAKE_PREFIX_PATH=${CMAKE_PREFIX_PATH}:/home/mohanarangan-t-r/teleop_ws/install/rover_teleop:/home/mohanarangan-t-r/teleop_ws/install/rover_bringup:/home/mohanarangan-t-r/rover_ws/install/rover_perception:/opt/ros/jazzy DEBUGINFOD_URLS=https://debuginfod.ubuntu.com /usr/bin/cmake --install /home/mohanarangan-t-r/teleop_ws/build/rover_description
[1.095s] Level 1:colcon.colcon_core.environment:create_environment_scripts_only(rover_description)
[1.096s] DEBUG:colcon.colcon_core.event_handler.log_command:Invoked command in '/home/mohanarangan-t-r/teleop_ws/build/rover_description' returned '0': CMAKE_PREFIX_PATH=${CMAKE_PREFIX_PATH}:/home/mohanarangan-t-r/teleop_ws/install/rover_teleop:/home/mohanarangan-t-r/teleop_ws/install/rover_bringup:/home/mohanarangan-t-r/rover_ws/install/rover_perception:/opt/ros/jazzy DEBUGINFOD_URLS=https://debuginfod.ubuntu.com /usr/bin/cmake --install /home/mohanarangan-t-r/teleop_ws/build/rover_description
[1.097s] Level 1:colcon.colcon_core.environment:checking '/home/mohanarangan-t-r/teleop_ws/install/rover_description' for CMake module files
[1.097s] Level 1:colcon.colcon_core.environment:checking '/home/mohanarangan-t-r/teleop_ws/install/rover_description' for CMake config files
[1.098s] Level 1:colcon.colcon_core.shell:create_environment_hook('rover_description', 'cmake_prefix_path')
[1.098s] INFO:colcon.colcon_core.shell:Creating environment hook '/home/mohanarangan-t-r/teleop_ws/install/rover_description/share/rover_description/hook/cmake_prefix_path.ps1'
[1.098s] INFO:colcon.colcon_core.shell:Creating environment descriptor '/home/mohanarangan-t-r/teleop_ws/install/rover_description/share/rover_description/hook/cmake_prefix_path.dsv'
[1.099s] INFO:colcon.colcon_core.shell:Creating environment hook '/home/mohanarangan-t-r/teleop_ws/install/rover_description/share/rover_description/hook/cmake_prefix_path.sh'
[1.099s] Level 1:colcon.colcon_core.environment:checking '/home/mohanarangan-t-r/teleop_ws/install/rover_description/bin'
[1.099s] Level 1:colcon.colcon_core.environment:checking '/home/mohanarangan-t-r/teleop_ws/install/rover_description/lib/pkgconfig/rover_description.pc'
[1.099s] Level 1:colcon.colcon_core.environment:checking '/home/mohanarangan-t-r/teleop_ws/install/rover_description/lib/python3.12/site-packages'
[1.100s] Level 1:colcon.colcon_core.environment:checking '/home/mohanarangan-t-r/teleop_ws/install/rover_description/bin'
[1.100s] INFO:colcon.colcon_core.shell:Creating package script '/home/mohanarangan-t-r/teleop_ws/install/rover_description/share/rover_description/package.ps1'
[1.100s] INFO:colcon.colcon_core.shell:Creating package descriptor '/home/mohanarangan-t-r/teleop_ws/install/rover_description/share/rover_description/package.dsv'
[1.100s] INFO:colcon.colcon_core.shell:Creating package script '/home/mohanarangan-t-r/teleop_ws/install/rover_description/share/rover_description/package.sh'
[1.101s] INFO:colcon.colcon_core.shell:Creating package script '/home/mohanarangan-t-r/teleop_ws/install/rover_description/share/rover_description/package.bash'
[1.101s] INFO:colcon.colcon_core.shell:Creating package script '/home/mohanarangan-t-r/teleop_ws/install/rover_description/share/rover_description/package.zsh'
[1.101s] Level 1:colcon.colcon_core.environment:create_file_with_runtime_dependencies(/home/mohanarangan-t-r/teleop_ws/install/rover_description/share/colcon-core/packages/rover_description)
[1.102s] Level 1:colcon.colcon_core.environment:create_environment_scripts_only(rover_description)
[1.102s] Level 1:colcon.colcon_core.environment:checking '/home/mohanarangan-t-r/teleop_ws/install/rover_description' for CMake module files
[1.102s] Level 1:colcon.colcon_core.environment:checking '/home/mohanarangan-t-r/teleop_ws/install/rover_description' for CMake config files
[1.103s] Level 1:colcon.colcon_core.shell:create_environment_hook('rover_description', 'cmake_prefix_path')
[1.103s] INFO:colcon.colcon_core.shell:Creating environment hook '/home/mohanarangan-t-r/teleop_ws/install/rover_description/share/rover_description/hook/cmake_prefix_path.ps1'
[1.103s] INFO:colcon.colcon_core.shell:Creating environment descriptor '/home/mohanarangan-t-r/teleop_ws/install/rover_description/share/rover_description/hook/cmake_prefix_path.dsv'
[1.103s] INFO:colcon.colcon_core.shell:Creating environment hook '/home/mohanarangan-t-r/teleop_ws/install/rover_description/share/rover_description/hook/cmake_prefix_path.sh'
[1.104s] Level 1:colcon.colcon_core.environment:checking '/home/mohanarangan-t-r/teleop_ws/install/rover_description/bin'
[1.104s] Level 1:colcon.colcon_core.environment:checking '/home/mohanarangan-t-r/teleop_ws/install/rover_description/lib/pkgconfig/rover_description.pc'
[1.104s] Level 1:colcon.colcon_core.environment:checking '/home/mohanarangan-t-r/teleop_ws/install/rover_description/lib/python3.12/site-packages'
[1.104s] Level 1:colcon.colcon_core.environment:checking '/home/mohanarangan-t-r/teleop_ws/install/rover_description/bin'
[1.104s] INFO:colcon.colcon_core.shell:Creating package script '/home/mohanarangan-t-r/teleop_ws/install/rover_description/share/rover_description/package.ps1'
[1.105s] INFO:colcon.colcon_core.shell:Creating package descriptor '/home/mohanarangan-t-r/teleop_ws/install/rover_description/share/rover_description/package.dsv'
[1.105s] INFO:colcon.colcon_core.shell:Creating package script '/home/mohanarangan-t-r/teleop_ws/install/rover_description/share/rover_description/package.sh'
[1.105s] INFO:colcon.colcon_core.shell:Creating package script '/home/mohanarangan-t-r/teleop_ws/install/rover_description/share/rover_description/package.bash'
[1.106s] INFO:colcon.colcon_core.shell:Creating package script '/home/mohanarangan-t-r/teleop_ws/install/rover_description/share/rover_description/package.zsh'
[1.106s] Level 1:colcon.colcon_core.environment:create_file_with_runtime_dependencies(/home/mohanarangan-t-r/teleop_ws/install/rover_description/share/colcon-core/packages/rover_description)
[1.141s] DEBUG:colcon.colcon_core.task.python.build:While undoing a previous installation files outside the Python library path are being ignored: /home/mohanarangan-t-r/teleop_ws/install/rover_bringup/share/ament_index/resource_index/packages/rover_bringup
[1.141s] DEBUG:colcon.colcon_core.task.python.build:While undoing a previous installation files outside the Python library path are being ignored: /home/mohanarangan-t-r/teleop_ws/install/rover_bringup/share/rover_bringup/package.xml
[1.143s] DEBUG:colcon.colcon_core.event_handler.log_command:Invoking command in '/home/mohanarangan-t-r/teleop_ws/build/rover_bringup': DEBUGINFOD_URLS=https://debuginfod.ubuntu.com PYTHONPATH=/home/mohanarangan-t-r/teleop_ws/build/rover_bringup/prefix_override:/usr/lib/python3/dist-packages/colcon_core/task/python/colcon_distutils_commands:/home/mohanarangan-t-r/teleop_ws/install/rover_bringup/lib/python3.12/site-packages:${PYTHONPATH} /usr/bin/python3 -W ignore:setup.py install is deprecated -W ignore:easy_install command is deprecated setup.py develop --editable --build-directory /home/mohanarangan-t-r/teleop_ws/build/rover_bringup/build --no-deps symlink_data --force
[1.147s] DEBUG:colcon.colcon_core.task.python.build:While undoing a previous installation files outside the Python library path are being ignored: /home/mohanarangan-t-r/teleop_ws/install/rover_teleop/share/ament_index/resource_index/packages/rover_teleop
[1.147s] DEBUG:colcon.colcon_core.task.python.build:While undoing a previous installation files outside the Python library path are being ignored: /home/mohanarangan-t-r/teleop_ws/install/rover_teleop/share/rover_teleop/package.xml
[1.149s] DEBUG:colcon.colcon_core.event_handler.log_command:Invoking command in '/home/mohanarangan-t-r/teleop_ws/build/rover_teleop': DEBUGINFOD_URLS=https://debuginfod.ubuntu.com PYTHONPATH=/home/mohanarangan-t-r/teleop_ws/build/rover_teleop/prefix_override:/usr/lib/python3/dist-packages/colcon_core/task/python/colcon_distutils_commands:/home/mohanarangan-t-r/teleop_ws/install/rover_teleop/lib/python3.12/site-packages:${PYTHONPATH} /usr/bin/python3 -W ignore:setup.py install is deprecated -W ignore:easy_install command is deprecated setup.py develop --editable --build-directory /home/mohanarangan-t-r/teleop_ws/build/rover_teleop/build --no-deps symlink_data --force
[1.270s] DEBUG:colcon.colcon_core.event_handler.log_command:Invoked command in '/home/mohanarangan-t-r/teleop_ws/build/sllidar_ros2' returned '0': CMAKE_PREFIX_PATH=${CMAKE_PREFIX_PATH}:/home/mohanarangan-t-r/teleop_ws/install/rover_teleop:/home/mohanarangan-t-r/teleop_ws/install/rover_bringup:/home/mohanarangan-t-r/rover_ws/install/rover_perception:/opt/ros/jazzy DEBUGINFOD_URLS=https://debuginfod.ubuntu.com /usr/bin/cmake /home/mohanarangan-t-r/teleop_ws/src/sllidar_ros2 -DAMENT_CMAKE_SYMLINK_INSTALL=1 -DCMAKE_INSTALL_PREFIX=/home/mohanarangan-t-r/teleop_ws/install/sllidar_ros2
[1.271s] DEBUG:colcon.colcon_core.event_handler.log_command:Invoking command in '/home/mohanarangan-t-r/teleop_ws/build/sllidar_ros2': CMAKE_PREFIX_PATH=${CMAKE_PREFIX_PATH}:/home/mohanarangan-t-r/teleop_ws/install/rover_teleop:/home/mohanarangan-t-r/teleop_ws/install/rover_bringup:/home/mohanarangan-t-r/rover_ws/install/rover_perception:/opt/ros/jazzy DEBUGINFOD_URLS=https://debuginfod.ubuntu.com /usr/bin/cmake --build /home/mohanarangan-t-r/teleop_ws/build/sllidar_ros2 -- -j16 -l16
[1.569s] Level 1:colcon.colcon_core.shell:create_environment_hook('rover_bringup', 'pythonpath_develop')
[1.569s] INFO:colcon.colcon_core.shell:Creating environment hook '/home/mohanarangan-t-r/teleop_ws/build/rover_bringup/share/rover_bringup/hook/pythonpath_develop.ps1'
[1.569s] DEBUG:colcon.colcon_core.event_handler.log_command:Invoked command in '/home/mohanarangan-t-r/teleop_ws/build/rover_bringup' returned '0': DEBUGINFOD_URLS=https://debuginfod.ubuntu.com PYTHONPATH=/home/mohanarangan-t-r/teleop_ws/build/rover_bringup/prefix_override:/usr/lib/python3/dist-packages/colcon_core/task/python/colcon_distutils_commands:/home/mohanarangan-t-r/teleop_ws/install/rover_bringup/lib/python3.12/site-packages:${PYTHONPATH} /usr/bin/python3 -W ignore:setup.py install is deprecated -W ignore:easy_install command is deprecated setup.py develop --editable --build-directory /home/mohanarangan-t-r/teleop_ws/build/rover_bringup/build --no-deps symlink_data --force
[1.570s] INFO:colcon.colcon_core.shell:Creating environment descriptor '/home/mohanarangan-t-r/teleop_ws/build/rover_bringup/share/rover_bringup/hook/pythonpath_develop.dsv'
[1.570s] INFO:colcon.colcon_core.shell:Creating environment hook '/home/mohanarangan-t-r/teleop_ws/build/rover_bringup/share/rover_bringup/hook/pythonpath_develop.sh'
[1.570s] Level 1:colcon.colcon_core.environment:checking '/home/mohanarangan-t-r/teleop_ws/install/rover_bringup' for CMake module files
[1.571s] Level 1:colcon.colcon_core.environment:checking '/home/mohanarangan-t-r/teleop_ws/install/rover_bringup' for CMake config files
[1.571s] Level 1:colcon.colcon_core.environment:checking '/home/mohanarangan-t-r/teleop_ws/install/rover_bringup/lib'
[1.571s] Level 1:colcon.colcon_core.environment:checking '/home/mohanarangan-t-r/teleop_ws/install/rover_bringup/bin'
[1.571s] Level 1:colcon.colcon_core.environment:checking '/home/mohanarangan-t-r/teleop_ws/install/rover_bringup/lib/pkgconfig/rover_bringup.pc'
[1.571s] Level 1:colcon.colcon_core.environment:checking '/home/mohanarangan-t-r/teleop_ws/install/rover_bringup/lib/python3.12/site-packages'
[1.571s] Level 1:colcon.colcon_core.shell:create_environment_hook('rover_bringup', 'pythonpath')
[1.572s] INFO:colcon.colcon_core.shell:Creating environment hook '/home/mohanarangan-t-r/teleop_ws/install/rover_bringup/share/rover_bringup/hook/pythonpath.ps1'
[1.572s] INFO:colcon.colcon_core.shell:Creating environment descriptor '/home/mohanarangan-t-r/teleop_ws/install/rover_bringup/share/rover_bringup/hook/pythonpath.dsv'
[1.572s] INFO:colcon.colcon_core.shell:Creating environment hook '/home/mohanarangan-t-r/teleop_ws/install/rover_bringup/share/rover_bringup/hook/pythonpath.sh'
[1.572s] Level 1:colcon.colcon_core.environment:checking '/home/mohanarangan-t-r/teleop_ws/install/rover_bringup/bin'
[1.572s] Level 1:colcon.colcon_core.environment:create_environment_scripts_only(rover_bringup)
[1.573s] INFO:colcon.colcon_core.shell:Creating package script '/home/mohanarangan-t-r/teleop_ws/install/rover_bringup/share/rover_bringup/package.ps1'
[1.573s] INFO:colcon.colcon_core.shell:Creating package descriptor '/home/mohanarangan-t-r/teleop_ws/install/rover_bringup/share/rover_bringup/package.dsv'
[1.573s] INFO:colcon.colcon_core.shell:Creating package script '/home/mohanarangan-t-r/teleop_ws/install/rover_bringup/share/rover_bringup/package.sh'
[1.573s] INFO:colcon.colcon_core.shell:Creating package script '/home/mohanarangan-t-r/teleop_ws/install/rover_bringup/share/rover_bringup/package.bash'
[1.574s] INFO:colcon.colcon_core.shell:Creating package script '/home/mohanarangan-t-r/teleop_ws/install/rover_bringup/share/rover_bringup/package.zsh'
[1.574s] Level 1:colcon.colcon_core.environment:create_file_with_runtime_dependencies(/home/mohanarangan-t-r/teleop_ws/install/rover_bringup/share/colcon-core/packages/rover_bringup)
[1.585s] DEBUG:colcon.colcon_core.event_handler.log_command:Invoked command in '/home/mohanarangan-t-r/teleop_ws/build/sllidar_ros2' returned '0': CMAKE_PREFIX_PATH=${CMAKE_PREFIX_PATH}:/home/mohanarangan-t-r/teleop_ws/install/rover_teleop:/home/mohanarangan-t-r/teleop_ws/install/rover_bringup:/home/mohanarangan-t-r/rover_ws/install/rover_perception:/opt/ros/jazzy DEBUGINFOD_URLS=https://debuginfod.ubuntu.com /usr/bin/cmake --build /home/mohanarangan-t-r/teleop_ws/build/sllidar_ros2 -- -j16 -l16
[1.586s] DEBUG:colcon.colcon_core.event_handler.log_command:Invoking command in '/home/mohanarangan-t-r/teleop_ws/build/sllidar_ros2': CMAKE_PREFIX_PATH=${CMAKE_PREFIX_PATH}:/home/mohanarangan-t-r/teleop_ws/install/rover_teleop:/home/mohanarangan-t-r/teleop_ws/install/rover_bringup:/home/mohanarangan-t-r/rover_ws/install/rover_perception:/opt/ros/jazzy DEBUGINFOD_URLS=https://debuginfod.ubuntu.com /usr/bin/cmake --install /home/mohanarangan-t-r/teleop_ws/build/sllidar_ros2
[1.596s] Level 1:colcon.colcon_core.shell:create_environment_hook('rover_teleop', 'pythonpath_develop')
[1.596s] INFO:colcon.colcon_core.shell:Creating environment hook '/home/mohanarangan-t-r/teleop_ws/build/rover_teleop/share/rover_teleop/hook/pythonpath_develop.ps1'
[1.596s] DEBUG:colcon.colcon_core.event_handler.log_command:Invoked command in '/home/mohanarangan-t-r/teleop_ws/build/rover_teleop' returned '0': DEBUGINFOD_URLS=https://debuginfod.ubuntu.com PYTHONPATH=/home/mohanarangan-t-r/teleop_ws/build/rover_teleop/prefix_override:/usr/lib/python3/dist-packages/colcon_core/task/python/colcon_distutils_commands:/home/mohanarangan-t-r/teleop_ws/install/rover_teleop/lib/python3.12/site-packages:${PYTHONPATH} /usr/bin/python3 -W ignore:setup.py install is deprecated -W ignore:easy_install command is deprecated setup.py develop --editable --build-directory /home/mohanarangan-t-r/teleop_ws/build/rover_teleop/build --no-deps symlink_data --force
[1.596s] INFO:colcon.colcon_core.shell:Creating environment descriptor '/home/mohanarangan-t-r/teleop_ws/build/rover_teleop/share/rover_teleop/hook/pythonpath_develop.dsv'
[1.596s] INFO:colcon.colcon_core.shell:Creating environment hook '/home/mohanarangan-t-r/teleop_ws/build/rover_teleop/share/rover_teleop/hook/pythonpath_develop.sh'
[1.597s] Level 1:colcon.colcon_core.environment:checking '/home/mohanarangan-t-r/teleop_ws/install/rover_teleop' for CMake module files
[1.597s] Level 1:colcon.colcon_core.environment:checking '/home/mohanarangan-t-r/teleop_ws/install/rover_teleop' for CMake config files
[1.597s] Level 1:colcon.colcon_core.environment:checking '/home/mohanarangan-t-r/teleop_ws/install/rover_teleop/lib'
[1.597s] Level 1:colcon.colcon_core.environment:checking '/home/mohanarangan-t-r/teleop_ws/install/rover_teleop/bin'
[1.597s] Level 1:colcon.colcon_core.environment:checking '/home/mohanarangan-t-r/teleop_ws/install/rover_teleop/lib/pkgconfig/rover_teleop.pc'
[1.597s] Level 1:colcon.colcon_core.environment:checking '/home/mohanarangan-t-r/teleop_ws/install/rover_teleop/lib/python3.12/site-packages'
[1.598s] Level 1:colcon.colcon_core.shell:create_environment_hook('rover_teleop', 'pythonpath')
[1.598s] INFO:colcon.colcon_core.shell:Creating environment hook '/home/mohanarangan-t-r/teleop_ws/install/rover_teleop/share/rover_teleop/hook/pythonpath.ps1'
[1.598s] INFO:colcon.colcon_core.shell:Creating environment descriptor '/home/mohanarangan-t-r/teleop_ws/install/rover_teleop/share/rover_teleop/hook/pythonpath.dsv'
[1.598s] INFO:colcon.colcon_core.shell:Creating environment hook '/home/mohanarangan-t-r/teleop_ws/install/rover_teleop/share/rover_teleop/hook/pythonpath.sh'
[1.598s] Level 1:colcon.colcon_core.environment:checking '/home/mohanarangan-t-r/teleop_ws/install/rover_teleop/bin'
[1.598s] Level 1:colcon.colcon_core.environment:create_environment_scripts_only(rover_teleop)
[1.599s] INFO:colcon.colcon_core.shell:Creating package script '/home/mohanarangan-t-r/teleop_ws/install/rover_teleop/share/rover_teleop/package.ps1'
[1.599s] INFO:colcon.colcon_core.shell:Creating package descriptor '/home/mohanarangan-t-r/teleop_ws/install/rover_teleop/share/rover_teleop/package.dsv'
[1.599s] INFO:colcon.colcon_core.shell:Creating package script '/home/mohanarangan-t-r/teleop_ws/install/rover_teleop/share/rover_teleop/package.sh'
[1.599s] INFO:colcon.colcon_core.shell:Creating package script '/home/mohanarangan-t-r/teleop_ws/install/rover_teleop/share/rover_teleop/package.bash'
[1.600s] INFO:colcon.colcon_core.shell:Creating package script '/home/mohanarangan-t-r/teleop_ws/install/rover_teleop/share/rover_teleop/package.zsh'
[1.600s] Level 1:colcon.colcon_core.environment:create_file_with_runtime_dependencies(/home/mohanarangan-t-r/teleop_ws/install/rover_teleop/share/colcon-core/packages/rover_teleop)
[1.809s] Level 1:colcon.colcon_core.environment:create_environment_scripts_only(sllidar_ros2)
[1.810s] Level 1:colcon.colcon_core.environment:checking '/home/mohanarangan-t-r/teleop_ws/install/sllidar_ros2' for CMake module files
[1.810s] DEBUG:colcon.colcon_core.event_handler.log_command:Invoked command in '/home/mohanarangan-t-r/teleop_ws/build/sllidar_ros2' returned '0': CMAKE_PREFIX_PATH=${CMAKE_PREFIX_PATH}:/home/mohanarangan-t-r/teleop_ws/install/rover_teleop:/home/mohanarangan-t-r/teleop_ws/install/rover_bringup:/home/mohanarangan-t-r/rover_ws/install/rover_perception:/opt/ros/jazzy DEBUGINFOD_URLS=https://debuginfod.ubuntu.com /usr/bin/cmake --install /home/mohanarangan-t-r/teleop_ws/build/sllidar_ros2
[1.810s] Level 1:colcon.colcon_core.environment:checking '/home/mohanarangan-t-r/teleop_ws/install/sllidar_ros2' for CMake config files
[1.811s] Level 1:colcon.colcon_core.shell:create_environment_hook('sllidar_ros2', 'cmake_prefix_path')
[1.811s] INFO:colcon.colcon_core.shell:Creating environment hook '/home/mohanarangan-t-r/teleop_ws/install/sllidar_ros2/share/sllidar_ros2/hook/cmake_prefix_path.ps1'
[1.811s] INFO:colcon.colcon_core.shell:Creating environment descriptor '/home/mohanarangan-t-r/teleop_ws/install/sllidar_ros2/share/sllidar_ros2/hook/cmake_prefix_path.dsv'
[1.811s] INFO:colcon.colcon_core.shell:Creating environment hook '/home/mohanarangan-t-r/teleop_ws/install/sllidar_ros2/share/sllidar_ros2/hook/cmake_prefix_path.sh'
[1.812s] Level 1:colcon.colcon_core.environment:checking '/home/mohanarangan-t-r/teleop_ws/install/sllidar_ros2/lib'
[1.812s] Level 1:colcon.colcon_core.environment:checking '/home/mohanarangan-t-r/teleop_ws/install/sllidar_ros2/bin'
[1.812s] Level 1:colcon.colcon_core.environment:checking '/home/mohanarangan-t-r/teleop_ws/install/sllidar_ros2/lib/pkgconfig/sllidar_ros2.pc'
[1.812s] Level 1:colcon.colcon_core.environment:checking '/home/mohanarangan-t-r/teleop_ws/install/sllidar_ros2/lib/python3.12/site-packages'
[1.812s] Level 1:colcon.colcon_core.environment:checking '/home/mohanarangan-t-r/teleop_ws/install/sllidar_ros2/bin'
[1.812s] INFO:colcon.colcon_core.shell:Creating package script '/home/mohanarangan-t-r/teleop_ws/install/sllidar_ros2/share/sllidar_ros2/package.ps1'
[1.812s] INFO:colcon.colcon_core.shell:Creating package descriptor '/home/mohanarangan-t-r/teleop_ws/install/sllidar_ros2/share/sllidar_ros2/package.dsv'
[1.813s] INFO:colcon.colcon_core.shell:Creating package script '/home/mohanarangan-t-r/teleop_ws/install/sllidar_ros2/share/sllidar_ros2/package.sh'
[1.813s] INFO:colcon.colcon_core.shell:Creating package script '/home/mohanarangan-t-r/teleop_ws/install/sllidar_ros2/share/sllidar_ros2/package.bash'
[1.813s] INFO:colcon.colcon_core.shell:Creating package script '/home/mohanarangan-t-r/teleop_ws/install/sllidar_ros2/share/sllidar_ros2/package.zsh'
[1.813s] Level 1:colcon.colcon_core.environment:create_file_with_runtime_dependencies(/home/mohanarangan-t-r/teleop_ws/install/sllidar_ros2/share/colcon-core/packages/sllidar_ros2)
[1.814s] Level 1:colcon.colcon_core.environment:create_environment_scripts_only(sllidar_ros2)
[1.814s] Level 1:colcon.colcon_core.environment:checking '/home/mohanarangan-t-r/teleop_ws/install/sllidar_ros2' for CMake module files
[1.814s] Level 1:colcon.colcon_core.environment:checking '/home/mohanarangan-t-r/teleop_ws/install/sllidar_ros2' for CMake config files
[1.814s] Level 1:colcon.colcon_core.shell:create_environment_hook('sllidar_ros2', 'cmake_prefix_path')
[1.814s] INFO:colcon.colcon_core.shell:Creating environment hook '/home/mohanarangan-t-r/teleop_ws/install/sllidar_ros2/share/sllidar_ros2/hook/cmake_prefix_path.ps1'
[1.814s] INFO:colcon.colcon_core.shell:Creating environment descriptor '/home/mohanarangan-t-r/teleop_ws/install/sllidar_ros2/share/sllidar_ros2/hook/cmake_prefix_path.dsv'
[1.815s] INFO:colcon.colcon_core.shell:Creating environment hook '/home/mohanarangan-t-r/teleop_ws/install/sllidar_ros2/share/sllidar_ros2/hook/cmake_prefix_path.sh'
[1.815s] Level 1:colcon.colcon_core.environment:checking '/home/mohanarangan-t-r/teleop_ws/install/sllidar_ros2/lib'
[1.815s] Level 1:colcon.colcon_core.environment:checking '/home/mohanarangan-t-r/teleop_ws/install/sllidar_ros2/bin'
[1.815s] Level 1:colcon.colcon_core.environment:checking '/home/mohanarangan-t-r/teleop_ws/install/sllidar_ros2/lib/pkgconfig/sllidar_ros2.pc'
[1.815s] Level 1:colcon.colcon_core.environment:checking '/home/mohanarangan-t-r/teleop_ws/install/sllidar_ros2/lib/python3.12/site-packages'
[1.815s] Level 1:colcon.colcon_core.environment:checking '/home/mohanarangan-t-r/teleop_ws/install/sllidar_ros2/bin'
[1.815s] INFO:colcon.colcon_core.shell:Creating package script '/home/mohanarangan-t-r/teleop_ws/install/sllidar_ros2/share/sllidar_ros2/package.ps1'
[1.816s] INFO:colcon.colcon_core.shell:Creating package descriptor '/home/mohanarangan-t-r/teleop_ws/install/sllidar_ros2/share/sllidar_ros2/package.dsv'
[1.816s] INFO:colcon.colcon_core.shell:Creating package script '/home/mohanarangan-t-r/teleop_ws/install/sllidar_ros2/share/sllidar_ros2/package.sh'
[1.816s] INFO:colcon.colcon_core.shell:Creating package script '/home/mohanarangan-t-r/teleop_ws/install/sllidar_ros2/share/sllidar_ros2/package.bash'
[1.816s] INFO:colcon.colcon_core.shell:Creating package script '/home/mohanarangan-t-r/teleop_ws/install/sllidar_ros2/share/sllidar_ros2/package.zsh'
[1.817s] Level 1:colcon.colcon_core.environment:create_file_with_runtime_dependencies(/home/mohanarangan-t-r/teleop_ws/install/sllidar_ros2/share/colcon-core/packages/sllidar_ros2)
[1.817s] DEBUG:colcon.colcon_parallel_executor.executor.parallel:closing loop
[1.817s] DEBUG:colcon.colcon_parallel_executor.executor.parallel:loop closed
[1.817s] DEBUG:colcon.colcon_parallel_executor.executor.parallel:run_until_complete finished with '0'
[1.817s] DEBUG:colcon.colcon_core.event_reactor:joining thread
[1.823s] INFO:colcon.colcon_core.plugin_system:Skipping extension 'colcon_notification.desktop_notification.terminal_notifier': Not used on non-Darwin systems
[1.823s] INFO:colcon.colcon_core.plugin_system:Skipping extension 'colcon_notification.desktop_notification.win32': Not used on non-Windows systems
[1.823s] INFO:colcon.colcon_notification.desktop_notification:Sending desktop notification using 'notify2'
[1.832s] DEBUG:colcon.colcon_core.event_reactor:joined thread
[1.832s] INFO:colcon.colcon_core.shell:Creating prefix script '/home/mohanarangan-t-r/teleop_ws/install/local_setup.ps1'
[1.833s] INFO:colcon.colcon_core.shell:Creating prefix util module '/home/mohanarangan-t-r/teleop_ws/install/_local_setup_util_ps1.py'
[1.833s] INFO:colcon.colcon_core.shell:Creating prefix chain script '/home/mohanarangan-t-r/teleop_ws/install/setup.ps1'
[1.834s] INFO:colcon.colcon_core.shell:Creating prefix script '/home/mohanarangan-t-r/teleop_ws/install/local_setup.sh'
[1.834s] INFO:colcon.colcon_core.shell:Creating prefix util module '/home/mohanarangan-t-r/teleop_ws/install/_local_setup_util_sh.py'
[1.835s] INFO:colcon.colcon_core.shell:Creating prefix chain script '/home/mohanarangan-t-r/teleop_ws/install/setup.sh'
[1.835s] INFO:colcon.colcon_core.shell:Creating prefix script '/home/mohanarangan-t-r/teleop_ws/install/local_setup.bash'
[1.836s] INFO:colcon.colcon_core.shell:Creating prefix chain script '/home/mohanarangan-t-r/teleop_ws/install/setup.bash'
[1.851s] INFO:colcon.colcon_core.shell:Creating prefix script '/home/mohanarangan-t-r/teleop_ws/install/local_setup.zsh'
[1.851s] INFO:colcon.colcon_core.shell:Creating prefix chain script '/home/mohanarangan-t-r/teleop_ws/install/setup.zsh'
