-- Found ament_cmake: 2.5.4 (/opt/ros/jazzy/share/ament_cmake/cmake)
-- Override CMake install command with custom implementation using symlinks instead of copying resources
-- Found rclcpp: 28.1.12 (/opt/ros/jazzy/share/rclcpp/cmake)
-- Found rosidl_generator_c: 4.6.6 (/opt/ros/jazzy/share/rosidl_generator_c/cmake)
-- Found rosidl_generator_cpp: 4.6.6 (/opt/ros/jazzy/share/rosidl_generator_cpp/cmake)
-- Using all available rosidl_typesupport_c: rosidl_typesupport_fastrtps_c;rosidl_typesupport_introspection_c
-- Using all available rosidl_typesupport_cpp: rosidl_typesupport_fastrtps_cpp;rosidl_typesupport_introspection_cpp
-- Found rmw_implementation_cmake: 7.3.2 (/opt/ros/jazzy/share/rmw_implementation_cmake/cmake)
-- Found rmw_fastrtps_cpp: 8.4.3 (/opt/ros/jazzy/share/rmw_fastrtps_cpp/cmake)
-- Using RMW implementation 'rmw_fastrtps_cpp' as default
-- Found sensor_msgs: 5.3.6 (/opt/ros/jazzy/share/sensor_msgs/cmake)
-- Found std_srvs: 5.3.6 (/opt/ros/jazzy/share/std_srvs/cmake)
-- Configuring done (0.5s)
-- Generating done (0.0s)
-- Build files have been written to: /home/mohanarangan-t-r/teleop_ws/build/sllidar_ros2
[  5%] [32m[1mLinking CXX executable sllidar_client[0m
[ 10%] [32m[1mLinking CXX executable sllidar_node[0m
[ 95%] Built target sllidar_node
[100%] Built target sllidar_client
-- Install configuration: ""
-- Execute custom install script
-- Symlinking: /home/mohanarangan-t-r/teleop_ws/install/sllidar_ros2/share/sllidar_ros2/launch/sllidar_a1_launch.py
-- Symlinking: /home/mohanarangan-t-r/teleop_ws/install/sllidar_ros2/share/sllidar_ros2/launch/view_sllidar_a1_launch.py
-- Symlinking: /home/mohanarangan-t-r/teleop_ws/install/sllidar_ros2/share/sllidar_ros2/rviz/sllidar_ros2.rviz
-- Symlinking: /home/mohanarangan-t-r/teleop_ws/install/sllidar_ros2/lib/sllidar_ros2/sllidar_node
-- Symlinking: /home/mohanarangan-t-r/teleop_ws/install/sllidar_ros2/lib/sllidar_ros2/sllidar_client
-- Symlinking: /home/mohanarangan-t-r/teleop_ws/install/sllidar_ros2/share/ament_index/resource_index/package_run_dependencies/sllidar_ros2
-- Symlinking: /home/mohanarangan-t-r/teleop_ws/install/sllidar_ros2/share/ament_index/resource_index/parent_prefix_path/sllidar_ros2
-- Symlinking: /home/mohanarangan-t-r/teleop_ws/install/sllidar_ros2/share/sllidar_ros2/environment/ament_prefix_path.sh
-- Symlinking: /home/mohanarangan-t-r/teleop_ws/install/sllidar_ros2/share/sllidar_ros2/environment/ament_prefix_path.dsv
-- Symlinking: /home/mohanarangan-t-r/teleop_ws/install/sllidar_ros2/share/sllidar_ros2/environment/path.sh
-- Symlinking: /home/mohanarangan-t-r/teleop_ws/install/sllidar_ros2/share/sllidar_ros2/environment/path.dsv
-- Symlinking: /home/mohanarangan-t-r/teleop_ws/install/sllidar_ros2/share/sllidar_ros2/local_setup.bash
-- Symlinking: /home/mohanarangan-t-r/teleop_ws/install/sllidar_ros2/share/sllidar_ros2/local_setup.sh
-- Symlinking: /home/mohanarangan-t-r/teleop_ws/install/sllidar_ros2/share/sllidar_ros2/local_setup.zsh
-- Symlinking: /home/mohanarangan-t-r/teleop_ws/install/sllidar_ros2/share/sllidar_ros2/local_setup.dsv
-- Symlinking: /home/mohanarangan-t-r/teleop_ws/install/sllidar_ros2/share/sllidar_ros2/package.dsv
-- Symlinking: /home/mohanarangan-t-r/teleop_ws/install/sllidar_ros2/share/ament_index/resource_index/packages/sllidar_ros2
-- Symlinking: /home/mohanarangan-t-r/teleop_ws/install/sllidar_ros2/share/sllidar_ros2/cmake/ament_cmake_export_dependencies-extras.cmake
-- Symlinking: /home/mohanarangan-t-r/teleop_ws/install/sllidar_ros2/share/sllidar_ros2/cmake/ament_cmake_export_include_directories-extras.cmake
-- Symlinking: /home/mohanarangan-t-r/teleop_ws/install/sllidar_ros2/share/sllidar_ros2/cmake/sllidar_ros2Config.cmake
-- Symlinking: /home/mohanarangan-t-r/teleop_ws/install/sllidar_ros2/share/sllidar_ros2/cmake/sllidar_ros2Config-version.cmake
-- Symlinking: /home/mohanarangan-t-r/teleop_ws/install/sllidar_ros2/share/sllidar_ros2/package.xml
