[0.396s] Invoking command in '/home/mohanarangan-t-r/teleop_ws/build/sllidar_ros2': CMAKE_PREFIX_PATH=${CMAKE_PREFIX_PATH}:/home/mohanarangan-t-r/teleop_ws/install/rover_teleop:/home/mohanarangan-t-r/teleop_ws/install/rover_bringup:/home/mohanarangan-t-r/rover_ws/install/rover_perception:/opt/ros/jazzy DEBUGINFOD_URLS=https://debuginfod.ubuntu.com /usr/bin/cmake /home/mohanarangan-t-r/teleop_ws/src/sllidar_ros2 -DAMENT_CMAKE_SYMLINK_INSTALL=1 -DCMAKE_INSTALL_PREFIX=/home/mohanarangan-t-r/teleop_ws/install/sllidar_ros2
[0.409s] -- Found ament_cmake: 2.5.4 (/opt/ros/jazzy/share/ament_cmake/cmake)
[0.588s] -- Override CMake install command with custom implementation using symlinks instead of copying resources
[0.595s] -- Found rclcpp: 28.1.12 (/opt/ros/jazzy/share/rclcpp/cmake)
[0.616s] -- Found rosidl_generator_c: 4.6.6 (/opt/ros/jazzy/share/rosidl_generator_c/cmake)
[0.622s] -- Found rosidl_generator_cpp: 4.6.6 (/opt/ros/jazzy/share/rosidl_generator_cpp/cmake)
[0.630s] -- Using all available rosidl_typesupport_c: rosidl_typesupport_fastrtps_c;rosidl_typesupport_introspection_c
[0.639s] -- Using all available rosidl_typesupport_cpp: rosidl_typesupport_fastrtps_cpp;rosidl_typesupport_introspection_cpp
[0.682s] -- Found rmw_implementation_cmake: 7.3.2 (/opt/ros/jazzy/share/rmw_implementation_cmake/cmake)
[0.683s] -- Found rmw_fastrtps_cpp: 8.4.3 (/opt/ros/jazzy/share/rmw_fastrtps_cpp/cmake)
[0.733s] -- Using RMW implementation 'rmw_fastrtps_cpp' as default
[0.783s] -- Found sensor_msgs: 5.3.6 (/opt/ros/jazzy/share/sensor_msgs/cmake)
[0.821s] -- Found std_srvs: 5.3.6 (/opt/ros/jazzy/share/std_srvs/cmake)
[0.902s] -- Configuring done (0.5s)
[0.914s] -- Generating done (0.0s)
[0.918s] -- Build files have been written to: /home/mohanarangan-t-r/teleop_ws/build/sllidar_ros2
[0.926s] Invoked command in '/home/mohanarangan-t-r/teleop_ws/build/sllidar_ros2' returned '0': CMAKE_PREFIX_PATH=${CMAKE_PREFIX_PATH}:/home/mohanarangan-t-r/teleop_ws/install/rover_teleop:/home/mohanarangan-t-r/teleop_ws/install/rover_bringup:/home/mohanarangan-t-r/rover_ws/install/rover_perception:/opt/ros/jazzy DEBUGINFOD_URLS=https://debuginfod.ubuntu.com /usr/bin/cmake /home/mohanarangan-t-r/teleop_ws/src/sllidar_ros2 -DAMENT_CMAKE_SYMLINK_INSTALL=1 -DCMAKE_INSTALL_PREFIX=/home/mohanarangan-t-r/teleop_ws/install/sllidar_ros2
[0.927s] Invoking command in '/home/mohanarangan-t-r/teleop_ws/build/sllidar_ros2': CMAKE_PREFIX_PATH=${CMAKE_PREFIX_PATH}:/home/mohanarangan-t-r/teleop_ws/install/rover_teleop:/home/mohanarangan-t-r/teleop_ws/install/rover_bringup:/home/mohanarangan-t-r/rover_ws/install/rover_perception:/opt/ros/jazzy DEBUGINFOD_URLS=https://debuginfod.ubuntu.com /usr/bin/cmake --build /home/mohanarangan-t-r/teleop_ws/build/sllidar_ros2 -- -j16 -l16
[0.991s] [  5%] [32m[1mLinking CXX executable sllidar_client[0m
[1.004s] [ 10%] [32m[1mLinking CXX executable sllidar_node[0m
[1.199s] [ 95%] Built target sllidar_node
[1.226s] [100%] Built target sllidar_client
[1.241s] Invoked command in '/home/mohanarangan-t-r/teleop_ws/build/sllidar_ros2' returned '0': CMAKE_PREFIX_PATH=${CMAKE_PREFIX_PATH}:/home/mohanarangan-t-r/teleop_ws/install/rover_teleop:/home/mohanarangan-t-r/teleop_ws/install/rover_bringup:/home/mohanarangan-t-r/rover_ws/install/rover_perception:/opt/ros/jazzy DEBUGINFOD_URLS=https://debuginfod.ubuntu.com /usr/bin/cmake --build /home/mohanarangan-t-r/teleop_ws/build/sllidar_ros2 -- -j16 -l16
[1.242s] Invoking command in '/home/mohanarangan-t-r/teleop_ws/build/sllidar_ros2': CMAKE_PREFIX_PATH=${CMAKE_PREFIX_PATH}:/home/mohanarangan-t-r/teleop_ws/install/rover_teleop:/home/mohanarangan-t-r/teleop_ws/install/rover_bringup:/home/mohanarangan-t-r/rover_ws/install/rover_perception:/opt/ros/jazzy DEBUGINFOD_URLS=https://debuginfod.ubuntu.com /usr/bin/cmake --install /home/mohanarangan-t-r/teleop_ws/build/sllidar_ros2
[1.251s] -- Install configuration: ""
[1.251s] -- Execute custom install script
[1.251s] -- Symlinking: /home/mohanarangan-t-r/teleop_ws/install/sllidar_ros2/share/sllidar_ros2/launch/sllidar_a1_launch.py
[1.261s] -- Symlinking: /home/mohanarangan-t-r/teleop_ws/install/sllidar_ros2/share/sllidar_ros2/launch/view_sllidar_a1_launch.py
[1.271s] -- Symlinking: /home/mohanarangan-t-r/teleop_ws/install/sllidar_ros2/share/sllidar_ros2/rviz/sllidar_ros2.rviz
[1.281s] -- Symlinking: /home/mohanarangan-t-r/teleop_ws/install/sllidar_ros2/lib/sllidar_ros2/sllidar_node
[1.290s] -- Symlinking: /home/mohanarangan-t-r/teleop_ws/install/sllidar_ros2/lib/sllidar_ros2/sllidar_client
[1.300s] -- Symlinking: /home/mohanarangan-t-r/teleop_ws/install/sllidar_ros2/share/ament_index/resource_index/package_run_dependencies/sllidar_ros2
[1.308s] -- Symlinking: /home/mohanarangan-t-r/teleop_ws/install/sllidar_ros2/share/ament_index/resource_index/parent_prefix_path/sllidar_ros2
[1.316s] -- Symlinking: /home/mohanarangan-t-r/teleop_ws/install/sllidar_ros2/share/sllidar_ros2/environment/ament_prefix_path.sh
[1.325s] -- Symlinking: /home/mohanarangan-t-r/teleop_ws/install/sllidar_ros2/share/sllidar_ros2/environment/ament_prefix_path.dsv
[1.335s] -- Symlinking: /home/mohanarangan-t-r/teleop_ws/install/sllidar_ros2/share/sllidar_ros2/environment/path.sh
[1.344s] -- Symlinking: /home/mohanarangan-t-r/teleop_ws/install/sllidar_ros2/share/sllidar_ros2/environment/path.dsv
[1.353s] -- Symlinking: /home/mohanarangan-t-r/teleop_ws/install/sllidar_ros2/share/sllidar_ros2/local_setup.bash
[1.363s] -- Symlinking: /home/mohanarangan-t-r/teleop_ws/install/sllidar_ros2/share/sllidar_ros2/local_setup.sh
[1.371s] -- Symlinking: /home/mohanarangan-t-r/teleop_ws/install/sllidar_ros2/share/sllidar_ros2/local_setup.zsh
[1.383s] -- Symlinking: /home/mohanarangan-t-r/teleop_ws/install/sllidar_ros2/share/sllidar_ros2/local_setup.dsv
[1.393s] -- Symlinking: /home/mohanarangan-t-r/teleop_ws/install/sllidar_ros2/share/sllidar_ros2/package.dsv
[1.402s] -- Symlinking: /home/mohanarangan-t-r/teleop_ws/install/sllidar_ros2/share/ament_index/resource_index/packages/sllidar_ros2
[1.413s] -- Symlinking: /home/mohanarangan-t-r/teleop_ws/install/sllidar_ros2/share/sllidar_ros2/cmake/ament_cmake_export_dependencies-extras.cmake
[1.423s] -- Symlinking: /home/mohanarangan-t-r/teleop_ws/install/sllidar_ros2/share/sllidar_ros2/cmake/ament_cmake_export_include_directories-extras.cmake
[1.433s] -- Symlinking: /home/mohanarangan-t-r/teleop_ws/install/sllidar_ros2/share/sllidar_ros2/cmake/sllidar_ros2Config.cmake
[1.444s] -- Symlinking: /home/mohanarangan-t-r/teleop_ws/install/sllidar_ros2/share/sllidar_ros2/cmake/sllidar_ros2Config-version.cmake
[1.454s] -- Symlinking: /home/mohanarangan-t-r/teleop_ws/install/sllidar_ros2/share/sllidar_ros2/package.xml
[1.466s] Invoked command in '/home/mohanarangan-t-r/teleop_ws/build/sllidar_ros2' returned '0': CMAKE_PREFIX_PATH=${CMAKE_PREFIX_PATH}:/home/mohanarangan-t-r/teleop_ws/install/rover_teleop:/home/mohanarangan-t-r/teleop_ws/install/rover_bringup:/home/mohanarangan-t-r/rover_ws/install/rover_perception:/opt/ros/jazzy DEBUGINFOD_URLS=https://debuginfod.ubuntu.com /usr/bin/cmake --install /home/mohanarangan-t-r/teleop_ws/build/sllidar_ros2
