[1.142s] Invoking command in '/home/mohanarangan-t-r/teleop_ws/src/rover_teleop': DEBUGINFOD_URLS=https://debuginfod.ubuntu.com PYTHONPATH=/home/mohanarangan-t-r/teleop_ws/build/rover_teleop/prefix_override:/usr/lib/python3/dist-packages/colcon_core/task/python/colcon_distutils_commands:/home/mohanarangan-t-r/teleop_ws/install/rover_teleop/lib/python3.12/site-packages:${PYTHONPATH} /usr/bin/python3 -W ignore:setup.py install is deprecated -W ignore:easy_install command is deprecated setup.py egg_info --egg-base ../../build/rover_teleop build --build-base /home/mohanarangan-t-r/teleop_ws/build/rover_teleop/build install --record /home/mohanarangan-t-r/teleop_ws/build/rover_teleop/install.log --single-version-externally-managed install_data
[1.309s] running egg_info
[1.309s] creating ../../build/rover_teleop/rover_teleop.egg-info
[1.320s] writing ../../build/rover_teleop/rover_teleop.egg-info/PKG-INFO
[1.320s] writing dependency_links to ../../build/rover_teleop/rover_teleop.egg-info/dependency_links.txt
[1.320s] writing requirements to ../../build/rover_teleop/rover_teleop.egg-info/requires.txt
[1.320s] writing top-level names to ../../build/rover_teleop/rover_teleop.egg-info/top_level.txt
[1.320s] writing manifest file '../../build/rover_teleop/rover_teleop.egg-info/SOURCES.txt'
[1.344s] reading manifest file '../../build/rover_teleop/rover_teleop.egg-info/SOURCES.txt'
[1.344s] writing manifest file '../../build/rover_teleop/rover_teleop.egg-info/SOURCES.txt'
[1.344s] running build
[1.344s] running build_py
[1.344s] creating /home/mohanarangan-t-r/teleop_ws/build/rover_teleop/build
[1.344s] creating /home/mohanarangan-t-r/teleop_ws/build/rover_teleop/build/lib
[1.344s] creating /home/mohanarangan-t-r/teleop_ws/build/rover_teleop/build/lib/rover_teleop
[1.344s] copying rover_teleop/__init__.py -> /home/mohanarangan-t-r/teleop_ws/build/rover_teleop/build/lib/rover_teleop
[1.344s] running install
[1.348s] running install_lib
[1.359s] creating /home/mohanarangan-t-r/teleop_ws/install/rover_teleop/lib/python3.12/site-packages/rover_teleop
[1.359s] copying /home/mohanarangan-t-r/teleop_ws/build/rover_teleop/build/lib/rover_teleop/__init__.py -> /home/mohanarangan-t-r/teleop_ws/install/rover_teleop/lib/python3.12/site-packages/rover_teleop
[1.359s] byte-compiling /home/mohanarangan-t-r/teleop_ws/install/rover_teleop/lib/python3.12/site-packages/rover_teleop/__init__.py to __init__.cpython-312.pyc
[1.360s] running install_data
[1.360s] creating /home/mohanarangan-t-r/teleop_ws/install/rover_teleop/share/ament_index
[1.360s] creating /home/mohanarangan-t-r/teleop_ws/install/rover_teleop/share/ament_index/resource_index
[1.360s] creating /home/mohanarangan-t-r/teleop_ws/install/rover_teleop/share/ament_index/resource_index/packages
[1.360s] copying resource/rover_teleop -> /home/mohanarangan-t-r/teleop_ws/install/rover_teleop/share/ament_index/resource_index/packages
[1.360s] copying package.xml -> /home/mohanarangan-t-r/teleop_ws/install/rover_teleop/share/rover_teleop
[1.360s] running install_egg_info
[1.372s] Copying ../../build/rover_teleop/rover_teleop.egg-info to /home/mohanarangan-t-r/teleop_ws/install/rover_teleop/lib/python3.12/site-packages/rover_teleop-0.0.0-py3.12.egg-info
[1.372s] running install_scripts
[1.465s] writing list of installed files to '/home/mohanarangan-t-r/teleop_ws/build/rover_teleop/install.log'
[1.495s] Invoked command in '/home/mohanarangan-t-r/teleop_ws/src/rover_teleop' returned '0': DEBUGINFOD_URLS=https://debuginfod.ubuntu.com PYTHONPATH=/home/mohanarangan-t-r/teleop_ws/build/rover_teleop/prefix_override:/usr/lib/python3/dist-packages/colcon_core/task/python/colcon_distutils_commands:/home/mohanarangan-t-r/teleop_ws/install/rover_teleop/lib/python3.12/site-packages:${PYTHONPATH} /usr/bin/python3 -W ignore:setup.py install is deprecated -W ignore:easy_install command is deprecated setup.py egg_info --egg-base ../../build/rover_teleop build --build-base /home/mohanarangan-t-r/teleop_ws/build/rover_teleop/build install --record /home/mohanarangan-t-r/teleop_ws/build/rover_teleop/install.log --single-version-externally-managed install_data
