-- Found ament_cmake: 2.5.4 (/opt/ros/jazzy/share/ament_cmake/cmake)
-- Override CMake install command with custom implementation using symlinks instead of copying resources
-- Found xacro: 2.1.1 (/opt/ros/jazzy/share/xacro/cmake)
-- Found ament_lint_auto: 0.17.3 (/opt/ros/jazzy/share/ament_lint_auto/cmake)
-- Added test 'flake8' to check Python code syntax and style conventions
-- Configured 'flake8' exclude dirs and/or files: 
-- Added test 'lint_cmake' to check CMake code style
-- Added test 'pep257' to check Python code against some of the docstring style conventions in PEP 257
-- Added test 'xmllint' to check XML markup files
-- Configuring done (0.3s)
-- Generating done (0.0s)
-- Build files have been written to: /home/mohanarangan-t-r/teleop_ws/build/rover_description
-- Install configuration: ""
-- Execute custom install script
-- Up-to-date symlink: /home/mohanarangan-t-r/teleop_ws/install/rover_description/share/rover_description/urdf/robot.urdf.xacro
-- Up-to-date symlink: /home/mohanarangan-t-r/teleop_ws/install/rover_description/share/rover_description/launch/description.launch.py
-- Up-to-date symlink: /home/mohanarangan-t-r/teleop_ws/install/rover_description/share/ament_index/resource_index/package_run_dependencies/rover_description
-- Up-to-date symlink: /home/mohanarangan-t-r/teleop_ws/install/rover_description/share/ament_index/resource_index/parent_prefix_path/rover_description
-- Up-to-date symlink: /home/mohanarangan-t-r/teleop_ws/install/rover_description/share/rover_description/environment/ament_prefix_path.sh
-- Up-to-date symlink: /home/mohanarangan-t-r/teleop_ws/install/rover_description/share/rover_description/environment/ament_prefix_path.dsv
-- Up-to-date symlink: /home/mohanarangan-t-r/teleop_ws/install/rover_description/share/rover_description/environment/path.sh
-- Up-to-date symlink: /home/mohanarangan-t-r/teleop_ws/install/rover_description/share/rover_description/environment/path.dsv
-- Up-to-date symlink: /home/mohanarangan-t-r/teleop_ws/install/rover_description/share/rover_description/local_setup.bash
-- Up-to-date symlink: /home/mohanarangan-t-r/teleop_ws/install/rover_description/share/rover_description/local_setup.sh
-- Up-to-date symlink: /home/mohanarangan-t-r/teleop_ws/install/rover_description/share/rover_description/local_setup.zsh
-- Up-to-date symlink: /home/mohanarangan-t-r/teleop_ws/install/rover_description/share/rover_description/local_setup.dsv
-- Symlinking: /home/mohanarangan-t-r/teleop_ws/install/rover_description/share/rover_description/package.dsv
-- Up-to-date symlink: /home/mohanarangan-t-r/teleop_ws/install/rover_description/share/ament_index/resource_index/packages/rover_description
-- Up-to-date symlink: /home/mohanarangan-t-r/teleop_ws/install/rover_description/share/rover_description/cmake/rover_descriptionConfig.cmake
-- Up-to-date symlink: /home/mohanarangan-t-r/teleop_ws/install/rover_description/share/rover_description/cmake/rover_descriptionConfig-version.cmake
-- Up-to-date symlink: /home/mohanarangan-t-r/teleop_ws/install/rover_description/share/rover_description/package.xml
