[0.221s] DEBUG:colcon:Command line arguments: ['/usr/bin/colcon', 'build', '--symlink-install']
[0.221s] DEBUG:colcon:Parsed command line arguments: Namespace(log_base=None, log_level=None, verb_name='build', build_base='build', install_base='install', merge_install=False, symlink_install=True, test_result_base=None, continue_on_error=False, executor='parallel', parallel_workers=16, event_handlers=None, ignore_user_meta=False, metas=['./colcon.meta'], base_paths=['.'], packages_ignore=None, packages_ignore_regex=None, paths=None, packages_up_to=None, packages_up_to_regex=None, packages_above=None, packages_above_and_dependencies=None, packages_above_depth=None, packages_select_by_dep=None, packages_skip_by_dep=None, packages_skip_up_to=None, packages_select_build_failed=False, packages_skip_build_finished=False, packages_select_test_failures=False, packages_skip_test_passed=False, packages_select=None, packages_skip=None, packages_select_regex=None, packages_skip_regex=None, packages_start=None, packages_end=None, allow_overriding=[], cmake_args=None, cmake_target=None, cmake_target_skip_unavailable=False, cmake_clean_cache=False, cmake_clean_first=False, cmake_force_configure=False, ament_cmake_args=None, catkin_cmake_args=None, catkin_skip_building_tests=False, mixin_files=None, mixin=None, verb_parser=<colcon_mixin.mixin.mixin_argument.MixinArgumentDecorator object at 0x7e52b7f9e390>, verb_extension=<colcon_core.verb.build.BuildVerb object at 0x7e52b80ce180>, main=<bound method BuildVerb.main of <colcon_core.verb.build.BuildVerb object at 0x7e52b80ce180>>, mixin_verb=('build',))
[0.305s] Level 1:colcon.colcon_core.package_discovery:discover_packages(colcon_meta) check parameters
[0.305s] Level 1:colcon.colcon_core.package_discovery:discover_packages(recursive) check parameters
[0.305s] Level 1:colcon.colcon_core.package_discovery:discover_packages(ignore) check parameters
[0.305s] Level 1:colcon.colcon_core.package_discovery:discover_packages(path) check parameters
[0.305s] Level 1:colcon.colcon_core.package_discovery:discover_packages(colcon_meta) discover
[0.305s] Level 1:colcon.colcon_core.package_discovery:discover_packages(recursive) discover
[0.305s] INFO:colcon.colcon_core.package_discovery:Crawling recursively for packages in '/home/mohanarangan-t-r/teleop_ws'
[0.306s] Level 1:colcon.colcon_core.package_identification:_identify(.) by extensions ['ignore', 'ignore_ament_install']
[0.306s] Level 1:colcon.colcon_core.package_identification:_identify(.) by extension 'ignore'
[0.306s] Level 1:colcon.colcon_core.package_identification:_identify(.) by extension 'ignore_ament_install'
[0.306s] Level 1:colcon.colcon_core.package_identification:_identify(.) by extensions ['colcon_pkg']
[0.306s] Level 1:colcon.colcon_core.package_identification:_identify(.) by extension 'colcon_pkg'
[0.306s] Level 1:colcon.colcon_core.package_identification:_identify(.) by extensions ['colcon_meta']
[0.306s] Level 1:colcon.colcon_core.package_identification:_identify(.) by extension 'colcon_meta'
[0.306s] Level 1:colcon.colcon_core.package_identification:_identify(.) by extensions ['ros']
[0.306s] Level 1:colcon.colcon_core.package_identification:_identify(.) by extension 'ros'
[0.359s] Level 1:colcon.colcon_core.package_identification:_identify(.) by extensions ['cmake', 'python']
[0.359s] Level 1:colcon.colcon_core.package_identification:_identify(.) by extension 'cmake'
[0.359s] Level 1:colcon.colcon_core.package_identification:_identify(.) by extension 'python'
[0.359s] Level 1:colcon.colcon_core.package_identification:_identify(.) by extensions ['python_setup_py']
[0.359s] Level 1:colcon.colcon_core.package_identification:_identify(.) by extension 'python_setup_py'
[0.360s] Level 1:colcon.colcon_core.package_identification:_identify(build) by extensions ['ignore', 'ignore_ament_install']
[0.360s] Level 1:colcon.colcon_core.package_identification:_identify(build) by extension 'ignore'
[0.360s] Level 1:colcon.colcon_core.package_identification:_identify(build) ignored
[0.360s] Level 1:colcon.colcon_core.package_identification:_identify(install) by extensions ['ignore', 'ignore_ament_install']
[0.360s] Level 1:colcon.colcon_core.package_identification:_identify(install) by extension 'ignore'
[0.361s] Level 1:colcon.colcon_core.package_identification:_identify(install) ignored
[0.361s] Level 1:colcon.colcon_core.package_identification:_identify(log) by extensions ['ignore', 'ignore_ament_install']
[0.361s] Level 1:colcon.colcon_core.package_identification:_identify(log) by extension 'ignore'
[0.361s] Level 1:colcon.colcon_core.package_identification:_identify(log) ignored
[0.361s] Level 1:colcon.colcon_core.package_identification:_identify(src) by extensions ['ignore', 'ignore_ament_install']
[0.361s] Level 1:colcon.colcon_core.package_identification:_identify(src) by extension 'ignore'
[0.361s] Level 1:colcon.colcon_core.package_identification:_identify(src) by extension 'ignore_ament_install'
[0.361s] Level 1:colcon.colcon_core.package_identification:_identify(src) by extensions ['colcon_pkg']
[0.361s] Level 1:colcon.colcon_core.package_identification:_identify(src) by extension 'colcon_pkg'
[0.361s] Level 1:colcon.colcon_core.package_identification:_identify(src) by extensions ['colcon_meta']
[0.362s] Level 1:colcon.colcon_core.package_identification:_identify(src) by extension 'colcon_meta'
[0.362s] Level 1:colcon.colcon_core.package_identification:_identify(src) by extensions ['ros']
[0.362s] Level 1:colcon.colcon_core.package_identification:_identify(src) by extension 'ros'
[0.362s] Level 1:colcon.colcon_core.package_identification:_identify(src) by extensions ['cmake', 'python']
[0.362s] Level 1:colcon.colcon_core.package_identification:_identify(src) by extension 'cmake'
[0.362s] Level 1:colcon.colcon_core.package_identification:_identify(src) by extension 'python'
[0.362s] Level 1:colcon.colcon_core.package_identification:_identify(src) by extensions ['python_setup_py']
[0.362s] Level 1:colcon.colcon_core.package_identification:_identify(src) by extension 'python_setup_py'
[0.362s] Level 1:colcon.colcon_core.package_identification:_identify(src/rover_bringup) by extensions ['ignore', 'ignore_ament_install']
[0.362s] Level 1:colcon.colcon_core.package_identification:_identify(src/rover_bringup) by extension 'ignore'
[0.362s] Level 1:colcon.colcon_core.package_identification:_identify(src/rover_bringup) by extension 'ignore_ament_install'
[0.362s] Level 1:colcon.colcon_core.package_identification:_identify(src/rover_bringup) by extensions ['colcon_pkg']
[0.362s] Level 1:colcon.colcon_core.package_identification:_identify(src/rover_bringup) by extension 'colcon_pkg'
[0.363s] Level 1:colcon.colcon_core.package_identification:_identify(src/rover_bringup) by extensions ['colcon_meta']
[0.363s] Level 1:colcon.colcon_core.package_identification:_identify(src/rover_bringup) by extension 'colcon_meta'
[0.363s] Level 1:colcon.colcon_core.package_identification:_identify(src/rover_bringup) by extensions ['ros']
[0.363s] Level 1:colcon.colcon_core.package_identification:_identify(src/rover_bringup) by extension 'ros'
[0.367s] DEBUG:colcon.colcon_core.package_identification:Package 'src/rover_bringup' with type 'ros.ament_python' and name 'rover_bringup'
[0.368s] Level 1:colcon.colcon_core.package_identification:_identify(src/rover_description) by extensions ['ignore', 'ignore_ament_install']
[0.368s] Level 1:colcon.colcon_core.package_identification:_identify(src/rover_description) by extension 'ignore'
[0.368s] Level 1:colcon.colcon_core.package_identification:_identify(src/rover_description) by extension 'ignore_ament_install'
[0.368s] Level 1:colcon.colcon_core.package_identification:_identify(src/rover_description) by extensions ['colcon_pkg']
[0.368s] Level 1:colcon.colcon_core.package_identification:_identify(src/rover_description) by extension 'colcon_pkg'
[0.368s] Level 1:colcon.colcon_core.package_identification:_identify(src/rover_description) by extensions ['colcon_meta']
[0.368s] Level 1:colcon.colcon_core.package_identification:_identify(src/rover_description) by extension 'colcon_meta'
[0.368s] Level 1:colcon.colcon_core.package_identification:_identify(src/rover_description) by extensions ['ros']
[0.368s] Level 1:colcon.colcon_core.package_identification:_identify(src/rover_description) by extension 'ros'
[0.369s] DEBUG:colcon.colcon_core.package_identification:Package 'src/rover_description' with type 'ros.ament_cmake' and name 'rover_description'
[0.369s] Level 1:colcon.colcon_core.package_identification:_identify(src/rover_teleop) by extensions ['ignore', 'ignore_ament_install']
[0.370s] Level 1:colcon.colcon_core.package_identification:_identify(src/rover_teleop) by extension 'ignore'
[0.370s] Level 1:colcon.colcon_core.package_identification:_identify(src/rover_teleop) by extension 'ignore_ament_install'
[0.370s] Level 1:colcon.colcon_core.package_identification:_identify(src/rover_teleop) by extensions ['colcon_pkg']
[0.370s] Level 1:colcon.colcon_core.package_identification:_identify(src/rover_teleop) by extension 'colcon_pkg'
[0.370s] Level 1:colcon.colcon_core.package_identification:_identify(src/rover_teleop) by extensions ['colcon_meta']
[0.370s] Level 1:colcon.colcon_core.package_identification:_identify(src/rover_teleop) by extension 'colcon_meta'
[0.370s] Level 1:colcon.colcon_core.package_identification:_identify(src/rover_teleop) by extensions ['ros']
[0.370s] Level 1:colcon.colcon_core.package_identification:_identify(src/rover_teleop) by extension 'ros'
[0.371s] DEBUG:colcon.colcon_core.package_identification:Package 'src/rover_teleop' with type 'ros.ament_python' and name 'rover_teleop'
[0.371s] Level 1:colcon.colcon_core.package_identification:_identify(src/sllidar_ros2) by extensions ['ignore', 'ignore_ament_install']
[0.371s] Level 1:colcon.colcon_core.package_identification:_identify(src/sllidar_ros2) by extension 'ignore'
[0.371s] Level 1:colcon.colcon_core.package_identification:_identify(src/sllidar_ros2) by extension 'ignore_ament_install'
[0.372s] Level 1:colcon.colcon_core.package_identification:_identify(src/sllidar_ros2) by extensions ['colcon_pkg']
[0.372s] Level 1:colcon.colcon_core.package_identification:_identify(src/sllidar_ros2) by extension 'colcon_pkg'
[0.372s] Level 1:colcon.colcon_core.package_identification:_identify(src/sllidar_ros2) by extensions ['colcon_meta']
[0.372s] Level 1:colcon.colcon_core.package_identification:_identify(src/sllidar_ros2) by extension 'colcon_meta'
[0.372s] Level 1:colcon.colcon_core.package_identification:_identify(src/sllidar_ros2) by extensions ['ros']
[0.372s] Level 1:colcon.colcon_core.package_identification:_identify(src/sllidar_ros2) by extension 'ros'
[0.373s] DEBUG:colcon.colcon_core.package_identification:Package 'src/sllidar_ros2' with type 'ros.ament_cmake' and name 'sllidar_ros2'
[0.373s] Level 1:colcon.colcon_core.package_discovery:discover_packages(recursive) using defaults
[0.373s] Level 1:colcon.colcon_core.package_discovery:discover_packages(ignore) discover
[0.373s] Level 1:colcon.colcon_core.package_discovery:discover_packages(ignore) using defaults
[0.373s] Level 1:colcon.colcon_core.package_discovery:discover_packages(path) discover
[0.373s] Level 1:colcon.colcon_core.package_discovery:discover_packages(path) using defaults
[0.409s] Level 1:colcon.colcon_core.package_discovery:discover_packages(prefix_path) check parameters
[0.409s] Level 1:colcon.colcon_core.package_discovery:discover_packages(prefix_path) discover
[0.413s] DEBUG:colcon.colcon_installed_package_information.package_discovery:Found 4 installed packages in /home/mohanarangan-t-r/teleop_ws/install
[0.414s] DEBUG:colcon.colcon_installed_package_information.package_discovery:Found 5 installed packages in /home/mohanarangan-t-r/rover_ws/install
[0.420s] DEBUG:colcon.colcon_installed_package_information.package_discovery:Found 426 installed packages in /opt/ros/jazzy
[0.423s] Level 1:colcon.colcon_core.package_discovery:discover_packages(prefix_path) using defaults
[0.530s] Level 5:colcon.colcon_core.verb:set package 'rover_bringup' build argument 'cmake_args' from command line to 'None'
[0.530s] Level 5:colcon.colcon_core.verb:set package 'rover_bringup' build argument 'cmake_target' from command line to 'None'
[0.530s] Level 5:colcon.colcon_core.verb:set package 'rover_bringup' build argument 'cmake_target_skip_unavailable' from command line to 'False'
[0.530s] Level 5:colcon.colcon_core.verb:set package 'rover_bringup' build argument 'cmake_clean_cache' from command line to 'False'
[0.530s] Level 5:colcon.colcon_core.verb:set package 'rover_bringup' build argument 'cmake_clean_first' from command line to 'False'
[0.530s] Level 5:colcon.colcon_core.verb:set package 'rover_bringup' build argument 'cmake_force_configure' from command line to 'False'
[0.530s] Level 5:colcon.colcon_core.verb:set package 'rover_bringup' build argument 'ament_cmake_args' from command line to 'None'
[0.530s] Level 5:colcon.colcon_core.verb:set package 'rover_bringup' build argument 'catkin_cmake_args' from command line to 'None'
[0.530s] Level 5:colcon.colcon_core.verb:set package 'rover_bringup' build argument 'catkin_skip_building_tests' from command line to 'False'
[0.530s] DEBUG:colcon.colcon_core.verb:Building package 'rover_bringup' with the following arguments: {'ament_cmake_args': None, 'build_base': '/home/mohanarangan-t-r/teleop_ws/build/rover_bringup', 'catkin_cmake_args': None, 'catkin_skip_building_tests': False, 'cmake_args': None, 'cmake_clean_cache': False, 'cmake_clean_first': False, 'cmake_force_configure': False, 'cmake_target': None, 'cmake_target_skip_unavailable': False, 'install_base': '/home/mohanarangan-t-r/teleop_ws/install/rover_bringup', 'merge_install': False, 'path': '/home/mohanarangan-t-r/teleop_ws/src/rover_bringup', 'symlink_install': True, 'test_result_base': None}
[0.531s] Level 5:colcon.colcon_core.verb:set package 'rover_description' build argument 'cmake_args' from command line to 'None'
[0.531s] Level 5:colcon.colcon_core.verb:set package 'rover_description' build argument 'cmake_target' from command line to 'None'
[0.531s] Level 5:colcon.colcon_core.verb:set package 'rover_description' build argument 'cmake_target_skip_unavailable' from command line to 'False'
[0.531s] Level 5:colcon.colcon_core.verb:set package 'rover_description' build argument 'cmake_clean_cache' from command line to 'False'
[0.531s] Level 5:colcon.colcon_core.verb:set package 'rover_description' build argument 'cmake_clean_first' from command line to 'False'
[0.531s] Level 5:colcon.colcon_core.verb:set package 'rover_description' build argument 'cmake_force_configure' from command line to 'False'
[0.531s] Level 5:colcon.colcon_core.verb:set package 'rover_description' build argument 'ament_cmake_args' from command line to 'None'
[0.531s] Level 5:colcon.colcon_core.verb:set package 'rover_description' build argument 'catkin_cmake_args' from command line to 'None'
[0.531s] Level 5:colcon.colcon_core.verb:set package 'rover_description' build argument 'catkin_skip_building_tests' from command line to 'False'
[0.531s] DEBUG:colcon.colcon_core.verb:Building package 'rover_description' with the following arguments: {'ament_cmake_args': None, 'build_base': '/home/mohanarangan-t-r/teleop_ws/build/rover_description', 'catkin_cmake_args': None, 'catkin_skip_building_tests': False, 'cmake_args': None, 'cmake_clean_cache': False, 'cmake_clean_first': False, 'cmake_force_configure': False, 'cmake_target': None, 'cmake_target_skip_unavailable': False, 'install_base': '/home/mohanarangan-t-r/teleop_ws/install/rover_description', 'merge_install': False, 'path': '/home/mohanarangan-t-r/teleop_ws/src/rover_description', 'symlink_install': True, 'test_result_base': None}
[0.532s] Level 5:colcon.colcon_core.verb:set package 'rover_teleop' build argument 'cmake_args' from command line to 'None'
[0.532s] Level 5:colcon.colcon_core.verb:set package 'rover_teleop' build argument 'cmake_target' from command line to 'None'
[0.532s] Level 5:colcon.colcon_core.verb:set package 'rover_teleop' build argument 'cmake_target_skip_unavailable' from command line to 'False'
[0.532s] Level 5:colcon.colcon_core.verb:set package 'rover_teleop' build argument 'cmake_clean_cache' from command line to 'False'
[0.532s] Level 5:colcon.colcon_core.verb:set package 'rover_teleop' build argument 'cmake_clean_first' from command line to 'False'
[0.532s] Level 5:colcon.colcon_core.verb:set package 'rover_teleop' build argument 'cmake_force_configure' from command line to 'False'
[0.532s] Level 5:colcon.colcon_core.verb:set package 'rover_teleop' build argument 'ament_cmake_args' from command line to 'None'
[0.532s] Level 5:colcon.colcon_core.verb:set package 'rover_teleop' build argument 'catkin_cmake_args' from command line to 'None'
[0.532s] Level 5:colcon.colcon_core.verb:set package 'rover_teleop' build argument 'catkin_skip_building_tests' from command line to 'False'
[0.532s] DEBUG:colcon.colcon_core.verb:Building package 'rover_teleop' with the following arguments: {'ament_cmake_args': None, 'build_base': '/home/mohanarangan-t-r/teleop_ws/build/rover_teleop', 'catkin_cmake_args': None, 'catkin_skip_building_tests': False, 'cmake_args': None, 'cmake_clean_cache': False, 'cmake_clean_first': False, 'cmake_force_configure': False, 'cmake_target': None, 'cmake_target_skip_unavailable': False, 'install_base': '/home/mohanarangan-t-r/teleop_ws/install/rover_teleop', 'merge_install': False, 'path': '/home/mohanarangan-t-r/teleop_ws/src/rover_teleop', 'symlink_install': True, 'test_result_base': None}
[0.532s] Level 5:colcon.colcon_core.verb:set package 'sllidar_ros2' build argument 'cmake_args' from command line to 'None'
[0.532s] Level 5:colcon.colcon_core.verb:set package 'sllidar_ros2' build argument 'cmake_target' from command line to 'None'
[0.532s] Level 5:colcon.colcon_core.verb:set package 'sllidar_ros2' build argument 'cmake_target_skip_unavailable' from command line to 'False'
[0.533s] Level 5:colcon.colcon_core.verb:set package 'sllidar_ros2' build argument 'cmake_clean_cache' from command line to 'False'
[0.533s] Level 5:colcon.colcon_core.verb:set package 'sllidar_ros2' build argument 'cmake_clean_first' from command line to 'False'
[0.533s] Level 5:colcon.colcon_core.verb:set package 'sllidar_ros2' build argument 'cmake_force_configure' from command line to 'False'
[0.533s] Level 5:colcon.colcon_core.verb:set package 'sllidar_ros2' build argument 'ament_cmake_args' from command line to 'None'
[0.533s] Level 5:colcon.colcon_core.verb:set package 'sllidar_ros2' build argument 'catkin_cmake_args' from command line to 'None'
[0.533s] Level 5:colcon.colcon_core.verb:set package 'sllidar_ros2' build argument 'catkin_skip_building_tests' from command line to 'False'
[0.533s] DEBUG:colcon.colcon_core.verb:Building package 'sllidar_ros2' with the following arguments: {'ament_cmake_args': None, 'build_base': '/home/mohanarangan-t-r/teleop_ws/build/sllidar_ros2', 'catkin_cmake_args': None, 'catkin_skip_building_tests': False, 'cmake_args': None, 'cmake_clean_cache': False, 'cmake_clean_first': False, 'cmake_force_configure': False, 'cmake_target': None, 'cmake_target_skip_unavailable': False, 'install_base': '/home/mohanarangan-t-r/teleop_ws/install/sllidar_ros2', 'merge_install': False, 'path': '/home/mohanarangan-t-r/teleop_ws/src/sllidar_ros2', 'symlink_install': True, 'test_result_base': None}
[0.533s] INFO:colcon.colcon_core.executor:Executing jobs using 'parallel' executor
[0.535s] DEBUG:colcon.colcon_parallel_executor.executor.parallel:run_until_complete
[0.535s] INFO:colcon.colcon_ros.task.ament_python.build:Building ROS package in '/home/mohanarangan-t-r/teleop_ws/src/rover_bringup' with build type 'ament_python'
[0.535s] Level 1:colcon.colcon_core.shell:create_environment_hook('rover_bringup', 'ament_prefix_path')
[0.541s] INFO:colcon.colcon_core.plugin_system:Skipping extension 'colcon_core.shell.bat': Not used on non-Windows systems
[0.541s] INFO:colcon.colcon_core.shell:Creating environment hook '/home/mohanarangan-t-r/teleop_ws/install/rover_bringup/share/rover_bringup/hook/ament_prefix_path.ps1'
[0.543s] INFO:colcon.colcon_core.shell:Creating environment descriptor '/home/mohanarangan-t-r/teleop_ws/install/rover_bringup/share/rover_bringup/hook/ament_prefix_path.dsv'
[0.544s] INFO:colcon.colcon_core.shell:Creating environment hook '/home/mohanarangan-t-r/teleop_ws/install/rover_bringup/share/rover_bringup/hook/ament_prefix_path.sh'
[0.545s] INFO:colcon.colcon_core.shell:Skip shell extension 'powershell' for command environment: Not usable outside of PowerShell
[0.545s] DEBUG:colcon.colcon_core.shell:Skip shell extension 'dsv' for command environment
[0.557s] INFO:colcon.colcon_ros.task.ament_cmake.build:Building ROS package in '/home/mohanarangan-t-r/teleop_ws/src/rover_description' with build type 'ament_cmake'
[0.557s] INFO:colcon.colcon_cmake.task.cmake.build:Building CMake package in '/home/mohanarangan-t-r/teleop_ws/src/rover_description'
[0.557s] INFO:colcon.colcon_core.shell:Skip shell extension 'powershell' for command environment: Not usable outside of PowerShell
[0.557s] DEBUG:colcon.colcon_core.shell:Skip shell extension 'dsv' for command environment
[0.568s] INFO:colcon.colcon_ros.task.ament_python.build:Building ROS package in '/home/mohanarangan-t-r/teleop_ws/src/rover_teleop' with build type 'ament_python'
[0.568s] Level 1:colcon.colcon_core.shell:create_environment_hook('rover_teleop', 'ament_prefix_path')
[0.568s] INFO:colcon.colcon_core.shell:Creating environment hook '/home/mohanarangan-t-r/teleop_ws/install/rover_teleop/share/rover_teleop/hook/ament_prefix_path.ps1'
[0.570s] INFO:colcon.colcon_core.shell:Creating environment descriptor '/home/mohanarangan-t-r/teleop_ws/install/rover_teleop/share/rover_teleop/hook/ament_prefix_path.dsv'
[0.571s] INFO:colcon.colcon_core.shell:Creating environment hook '/home/mohanarangan-t-r/teleop_ws/install/rover_teleop/share/rover_teleop/hook/ament_prefix_path.sh'
[0.572s] INFO:colcon.colcon_core.shell:Skip shell extension 'powershell' for command environment: Not usable outside of PowerShell
[0.572s] DEBUG:colcon.colcon_core.shell:Skip shell extension 'dsv' for command environment
[0.582s] INFO:colcon.colcon_ros.task.ament_cmake.build:Building ROS package in '/home/mohanarangan-t-r/teleop_ws/src/sllidar_ros2' with build type 'ament_cmake'
[0.582s] INFO:colcon.colcon_cmake.task.cmake.build:Building CMake package in '/home/mohanarangan-t-r/teleop_ws/src/sllidar_ros2'
[0.583s] INFO:colcon.colcon_core.shell:Skip shell extension 'powershell' for command environment: Not usable outside of PowerShell
[0.583s] DEBUG:colcon.colcon_core.shell:Skip shell extension 'dsv' for command environment
[1.057s] INFO:colcon.colcon_core.task.python.build:Building Python package in '/home/mohanarangan-t-r/teleop_ws/src/rover_bringup'
[1.057s] INFO:colcon.colcon_core.shell:Skip shell extension 'powershell' for command environment: Not usable outside of PowerShell
[1.057s] DEBUG:colcon.colcon_core.shell:Skip shell extension 'dsv' for command environment
[1.076s] DEBUG:colcon.colcon_core.event_handler.log_command:Invoking command in '/home/mohanarangan-t-r/teleop_ws/build/rover_description': CMAKE_PREFIX_PATH=${CMAKE_PREFIX_PATH}:/home/mohanarangan-t-r/teleop_ws/install/rover_teleop:/home/mohanarangan-t-r/teleop_ws/install/rover_bringup:/home/mohanarangan-t-r/rover_ws/install/rover_perception:/opt/ros/jazzy DEBUGINFOD_URLS=https://debuginfod.ubuntu.com PS1=(ml_env_312) \[\e]0;\u@\h: \w\a\]${debian_chroot:+($debian_chroot)}\[\033[01;32m\]\u@\h\[\033[00m\]:\[\033[01;34m\]\w\[\033[00m\]\$ VIRTUAL_ENV_PROMPT=(ml_env_312) /usr/bin/cmake --build /home/mohanarangan-t-r/teleop_ws/build/rover_description -- -j16 -l16
[1.531s] INFO:colcon.colcon_core.task.python.build:Building Python package in '/home/mohanarangan-t-r/teleop_ws/src/rover_teleop'
[1.532s] INFO:colcon.colcon_core.shell:Skip shell extension 'powershell' for command environment: Not usable outside of PowerShell
[1.532s] DEBUG:colcon.colcon_core.shell:Skip shell extension 'dsv' for command environment
[1.557s] DEBUG:colcon.colcon_core.event_handler.log_command:Invoking command in '/home/mohanarangan-t-r/teleop_ws/build/sllidar_ros2': CMAKE_PREFIX_PATH=${CMAKE_PREFIX_PATH}:/home/mohanarangan-t-r/teleop_ws/install/rover_teleop:/home/mohanarangan-t-r/teleop_ws/install/rover_bringup:/home/mohanarangan-t-r/rover_ws/install/rover_perception:/opt/ros/jazzy DEBUGINFOD_URLS=https://debuginfod.ubuntu.com PS1=(ml_env_312) \[\e]0;\u@\h: \w\a\]${debian_chroot:+($debian_chroot)}\[\033[01;32m\]\u@\h\[\033[00m\]:\[\033[01;34m\]\w\[\033[00m\]\$ VIRTUAL_ENV_PROMPT=(ml_env_312) /usr/bin/cmake --build /home/mohanarangan-t-r/teleop_ws/build/sllidar_ros2 -- -j16 -l16
[1.561s] DEBUG:colcon.colcon_core.event_handler.log_command:Invoked command in '/home/mohanarangan-t-r/teleop_ws/build/rover_description' returned '0': CMAKE_PREFIX_PATH=${CMAKE_PREFIX_PATH}:/home/mohanarangan-t-r/teleop_ws/install/rover_teleop:/home/mohanarangan-t-r/teleop_ws/install/rover_bringup:/home/mohanarangan-t-r/rover_ws/install/rover_perception:/opt/ros/jazzy DEBUGINFOD_URLS=https://debuginfod.ubuntu.com PS1=(ml_env_312) \[\e]0;\u@\h: \w\a\]${debian_chroot:+($debian_chroot)}\[\033[01;32m\]\u@\h\[\033[00m\]:\[\033[01;34m\]\w\[\033[00m\]\$ VIRTUAL_ENV_PROMPT=(ml_env_312) /usr/bin/cmake --build /home/mohanarangan-t-r/teleop_ws/build/rover_description -- -j16 -l16
[1.587s] DEBUG:colcon.colcon_core.event_handler.log_command:Invoking command in '/home/mohanarangan-t-r/teleop_ws/build/rover_description': CMAKE_PREFIX_PATH=${CMAKE_PREFIX_PATH}:/home/mohanarangan-t-r/teleop_ws/install/rover_teleop:/home/mohanarangan-t-r/teleop_ws/install/rover_bringup:/home/mohanarangan-t-r/rover_ws/install/rover_perception:/opt/ros/jazzy DEBUGINFOD_URLS=https://debuginfod.ubuntu.com PS1=(ml_env_312) \[\e]0;\u@\h: \w\a\]${debian_chroot:+($debian_chroot)}\[\033[01;32m\]\u@\h\[\033[00m\]:\[\033[01;34m\]\w\[\033[00m\]\$ VIRTUAL_ENV_PROMPT=(ml_env_312) /usr/bin/cmake --install /home/mohanarangan-t-r/teleop_ws/build/rover_description
[1.650s] Level 1:colcon.colcon_core.environment:create_environment_scripts_only(rover_description)
[1.651s] DEBUG:colcon.colcon_core.event_handler.log_command:Invoked command in '/home/mohanarangan-t-r/teleop_ws/build/rover_description' returned '0': CMAKE_PREFIX_PATH=${CMAKE_PREFIX_PATH}:/home/mohanarangan-t-r/teleop_ws/install/rover_teleop:/home/mohanarangan-t-r/teleop_ws/install/rover_bringup:/home/mohanarangan-t-r/rover_ws/install/rover_perception:/opt/ros/jazzy DEBUGINFOD_URLS=https://debuginfod.ubuntu.com PS1=(ml_env_312) \[\e]0;\u@\h: \w\a\]${debian_chroot:+($debian_chroot)}\[\033[01;32m\]\u@\h\[\033[00m\]:\[\033[01;34m\]\w\[\033[00m\]\$ VIRTUAL_ENV_PROMPT=(ml_env_312) /usr/bin/cmake --install /home/mohanarangan-t-r/teleop_ws/build/rover_description
[1.656s] Level 1:colcon.colcon_core.environment:checking '/home/mohanarangan-t-r/teleop_ws/install/rover_description' for CMake module files
[1.657s] Level 1:colcon.colcon_core.environment:checking '/home/mohanarangan-t-r/teleop_ws/install/rover_description' for CMake config files
[1.658s] Level 1:colcon.colcon_core.shell:create_environment_hook('rover_description', 'cmake_prefix_path')
[1.658s] INFO:colcon.colcon_core.shell:Creating environment hook '/home/mohanarangan-t-r/teleop_ws/install/rover_description/share/rover_description/hook/cmake_prefix_path.ps1'
[1.659s] INFO:colcon.colcon_core.shell:Creating environment descriptor '/home/mohanarangan-t-r/teleop_ws/install/rover_description/share/rover_description/hook/cmake_prefix_path.dsv'
[1.660s] INFO:colcon.colcon_core.shell:Creating environment hook '/home/mohanarangan-t-r/teleop_ws/install/rover_description/share/rover_description/hook/cmake_prefix_path.sh'
[1.662s] Level 1:colcon.colcon_core.environment:checking '/home/mohanarangan-t-r/teleop_ws/install/rover_description/bin'
[1.662s] Level 1:colcon.colcon_core.environment:checking '/home/mohanarangan-t-r/teleop_ws/install/rover_description/lib/pkgconfig/rover_description.pc'
[1.663s] Level 1:colcon.colcon_core.environment:checking '/home/mohanarangan-t-r/teleop_ws/install/rover_description/lib/python3.12/site-packages'
[1.664s] Level 1:colcon.colcon_core.environment:checking '/home/mohanarangan-t-r/teleop_ws/install/rover_description/bin'
[1.664s] INFO:colcon.colcon_core.shell:Creating package script '/home/mohanarangan-t-r/teleop_ws/install/rover_description/share/rover_description/package.ps1'
[1.666s] INFO:colcon.colcon_core.shell:Creating package descriptor '/home/mohanarangan-t-r/teleop_ws/install/rover_description/share/rover_description/package.dsv'
[1.667s] INFO:colcon.colcon_core.shell:Creating package script '/home/mohanarangan-t-r/teleop_ws/install/rover_description/share/rover_description/package.sh'
[1.668s] INFO:colcon.colcon_core.shell:Creating package script '/home/mohanarangan-t-r/teleop_ws/install/rover_description/share/rover_description/package.bash'
[1.669s] INFO:colcon.colcon_core.shell:Creating package script '/home/mohanarangan-t-r/teleop_ws/install/rover_description/share/rover_description/package.zsh'
[1.671s] Level 1:colcon.colcon_core.environment:create_file_with_runtime_dependencies(/home/mohanarangan-t-r/teleop_ws/install/rover_description/share/colcon-core/packages/rover_description)
[1.673s] Level 1:colcon.colcon_core.environment:create_environment_scripts_only(rover_description)
[1.673s] Level 1:colcon.colcon_core.environment:checking '/home/mohanarangan-t-r/teleop_ws/install/rover_description' for CMake module files
[1.674s] Level 1:colcon.colcon_core.environment:checking '/home/mohanarangan-t-r/teleop_ws/install/rover_description' for CMake config files
[1.675s] Level 1:colcon.colcon_core.shell:create_environment_hook('rover_description', 'cmake_prefix_path')
[1.675s] INFO:colcon.colcon_core.shell:Creating environment hook '/home/mohanarangan-t-r/teleop_ws/install/rover_description/share/rover_description/hook/cmake_prefix_path.ps1'
[1.676s] INFO:colcon.colcon_core.shell:Creating environment descriptor '/home/mohanarangan-t-r/teleop_ws/install/rover_description/share/rover_description/hook/cmake_prefix_path.dsv'
[1.677s] INFO:colcon.colcon_core.shell:Creating environment hook '/home/mohanarangan-t-r/teleop_ws/install/rover_description/share/rover_description/hook/cmake_prefix_path.sh'
[1.678s] Level 1:colcon.colcon_core.environment:checking '/home/mohanarangan-t-r/teleop_ws/install/rover_description/bin'
[1.678s] Level 1:colcon.colcon_core.environment:checking '/home/mohanarangan-t-r/teleop_ws/install/rover_description/lib/pkgconfig/rover_description.pc'
[1.679s] Level 1:colcon.colcon_core.environment:checking '/home/mohanarangan-t-r/teleop_ws/install/rover_description/lib/python3.12/site-packages'
[1.679s] Level 1:colcon.colcon_core.environment:checking '/home/mohanarangan-t-r/teleop_ws/install/rover_description/bin'
[1.680s] INFO:colcon.colcon_core.shell:Creating package script '/home/mohanarangan-t-r/teleop_ws/install/rover_description/share/rover_description/package.ps1'
[1.681s] INFO:colcon.colcon_core.shell:Creating package descriptor '/home/mohanarangan-t-r/teleop_ws/install/rover_description/share/rover_description/package.dsv'
[1.682s] INFO:colcon.colcon_core.shell:Creating package script '/home/mohanarangan-t-r/teleop_ws/install/rover_description/share/rover_description/package.sh'
[1.683s] INFO:colcon.colcon_core.shell:Creating package script '/home/mohanarangan-t-r/teleop_ws/install/rover_description/share/rover_description/package.bash'
[1.684s] INFO:colcon.colcon_core.shell:Creating package script '/home/mohanarangan-t-r/teleop_ws/install/rover_description/share/rover_description/package.zsh'
[1.685s] Level 1:colcon.colcon_core.environment:create_file_with_runtime_dependencies(/home/mohanarangan-t-r/teleop_ws/install/rover_description/share/colcon-core/packages/rover_description)
[1.769s] DEBUG:colcon.colcon_core.event_handler.log_command:Invoked command in '/home/mohanarangan-t-r/teleop_ws/build/sllidar_ros2' returned '0': CMAKE_PREFIX_PATH=${CMAKE_PREFIX_PATH}:/home/mohanarangan-t-r/teleop_ws/install/rover_teleop:/home/mohanarangan-t-r/teleop_ws/install/rover_bringup:/home/mohanarangan-t-r/rover_ws/install/rover_perception:/opt/ros/jazzy DEBUGINFOD_URLS=https://debuginfod.ubuntu.com PS1=(ml_env_312) \[\e]0;\u@\h: \w\a\]${debian_chroot:+($debian_chroot)}\[\033[01;32m\]\u@\h\[\033[00m\]:\[\033[01;34m\]\w\[\033[00m\]\$ VIRTUAL_ENV_PROMPT=(ml_env_312) /usr/bin/cmake --build /home/mohanarangan-t-r/teleop_ws/build/sllidar_ros2 -- -j16 -l16
[1.772s] DEBUG:colcon.colcon_core.event_handler.log_command:Invoking command in '/home/mohanarangan-t-r/teleop_ws/build/sllidar_ros2': CMAKE_PREFIX_PATH=${CMAKE_PREFIX_PATH}:/home/mohanarangan-t-r/teleop_ws/install/rover_teleop:/home/mohanarangan-t-r/teleop_ws/install/rover_bringup:/home/mohanarangan-t-r/rover_ws/install/rover_perception:/opt/ros/jazzy DEBUGINFOD_URLS=https://debuginfod.ubuntu.com PS1=(ml_env_312) \[\e]0;\u@\h: \w\a\]${debian_chroot:+($debian_chroot)}\[\033[01;32m\]\u@\h\[\033[00m\]:\[\033[01;34m\]\w\[\033[00m\]\$ VIRTUAL_ENV_PROMPT=(ml_env_312) /usr/bin/cmake --install /home/mohanarangan-t-r/teleop_ws/build/sllidar_ros2
[1.840s] Level 1:colcon.colcon_core.environment:create_environment_scripts_only(sllidar_ros2)
[1.841s] Level 1:colcon.colcon_core.environment:checking '/home/mohanarangan-t-r/teleop_ws/install/sllidar_ros2' for CMake module files
[1.841s] DEBUG:colcon.colcon_core.event_handler.log_command:Invoked command in '/home/mohanarangan-t-r/teleop_ws/build/sllidar_ros2' returned '0': CMAKE_PREFIX_PATH=${CMAKE_PREFIX_PATH}:/home/mohanarangan-t-r/teleop_ws/install/rover_teleop:/home/mohanarangan-t-r/teleop_ws/install/rover_bringup:/home/mohanarangan-t-r/rover_ws/install/rover_perception:/opt/ros/jazzy DEBUGINFOD_URLS=https://debuginfod.ubuntu.com PS1=(ml_env_312) \[\e]0;\u@\h: \w\a\]${debian_chroot:+($debian_chroot)}\[\033[01;32m\]\u@\h\[\033[00m\]:\[\033[01;34m\]\w\[\033[00m\]\$ VIRTUAL_ENV_PROMPT=(ml_env_312) /usr/bin/cmake --install /home/mohanarangan-t-r/teleop_ws/build/sllidar_ros2
[1.843s] Level 1:colcon.colcon_core.environment:checking '/home/mohanarangan-t-r/teleop_ws/install/sllidar_ros2' for CMake config files
[1.844s] Level 1:colcon.colcon_core.shell:create_environment_hook('sllidar_ros2', 'cmake_prefix_path')
[1.845s] INFO:colcon.colcon_core.shell:Creating environment hook '/home/mohanarangan-t-r/teleop_ws/install/sllidar_ros2/share/sllidar_ros2/hook/cmake_prefix_path.ps1'
[1.846s] INFO:colcon.colcon_core.shell:Creating environment descriptor '/home/mohanarangan-t-r/teleop_ws/install/sllidar_ros2/share/sllidar_ros2/hook/cmake_prefix_path.dsv'
[1.847s] INFO:colcon.colcon_core.shell:Creating environment hook '/home/mohanarangan-t-r/teleop_ws/install/sllidar_ros2/share/sllidar_ros2/hook/cmake_prefix_path.sh'
[1.848s] Level 1:colcon.colcon_core.environment:checking '/home/mohanarangan-t-r/teleop_ws/install/sllidar_ros2/lib'
[1.848s] Level 1:colcon.colcon_core.environment:checking '/home/mohanarangan-t-r/teleop_ws/install/sllidar_ros2/bin'
[1.849s] Level 1:colcon.colcon_core.environment:checking '/home/mohanarangan-t-r/teleop_ws/install/sllidar_ros2/lib/pkgconfig/sllidar_ros2.pc'
[1.849s] Level 1:colcon.colcon_core.environment:checking '/home/mohanarangan-t-r/teleop_ws/install/sllidar_ros2/lib/python3.12/site-packages'
[1.850s] Level 1:colcon.colcon_core.environment:checking '/home/mohanarangan-t-r/teleop_ws/install/sllidar_ros2/bin'
[1.850s] INFO:colcon.colcon_core.shell:Creating package script '/home/mohanarangan-t-r/teleop_ws/install/sllidar_ros2/share/sllidar_ros2/package.ps1'
[1.851s] INFO:colcon.colcon_core.shell:Creating package descriptor '/home/mohanarangan-t-r/teleop_ws/install/sllidar_ros2/share/sllidar_ros2/package.dsv'
[1.852s] INFO:colcon.colcon_core.shell:Creating package script '/home/mohanarangan-t-r/teleop_ws/install/sllidar_ros2/share/sllidar_ros2/package.sh'
[1.853s] INFO:colcon.colcon_core.shell:Creating package script '/home/mohanarangan-t-r/teleop_ws/install/sllidar_ros2/share/sllidar_ros2/package.bash'
[1.853s] INFO:colcon.colcon_core.shell:Creating package script '/home/mohanarangan-t-r/teleop_ws/install/sllidar_ros2/share/sllidar_ros2/package.zsh'
[1.854s] Level 1:colcon.colcon_core.environment:create_file_with_runtime_dependencies(/home/mohanarangan-t-r/teleop_ws/install/sllidar_ros2/share/colcon-core/packages/sllidar_ros2)
[1.855s] Level 1:colcon.colcon_core.environment:create_environment_scripts_only(sllidar_ros2)
[1.855s] Level 1:colcon.colcon_core.environment:checking '/home/mohanarangan-t-r/teleop_ws/install/sllidar_ros2' for CMake module files
[1.856s] Level 1:colcon.colcon_core.environment:checking '/home/mohanarangan-t-r/teleop_ws/install/sllidar_ros2' for CMake config files
[1.857s] Level 1:colcon.colcon_core.shell:create_environment_hook('sllidar_ros2', 'cmake_prefix_path')
[1.857s] INFO:colcon.colcon_core.shell:Creating environment hook '/home/mohanarangan-t-r/teleop_ws/install/sllidar_ros2/share/sllidar_ros2/hook/cmake_prefix_path.ps1'
[1.858s] INFO:colcon.colcon_core.shell:Creating environment descriptor '/home/mohanarangan-t-r/teleop_ws/install/sllidar_ros2/share/sllidar_ros2/hook/cmake_prefix_path.dsv'
[1.859s] INFO:colcon.colcon_core.shell:Creating environment hook '/home/mohanarangan-t-r/teleop_ws/install/sllidar_ros2/share/sllidar_ros2/hook/cmake_prefix_path.sh'
[1.860s] Level 1:colcon.colcon_core.environment:checking '/home/mohanarangan-t-r/teleop_ws/install/sllidar_ros2/lib'
[1.860s] Level 1:colcon.colcon_core.environment:checking '/home/mohanarangan-t-r/teleop_ws/install/sllidar_ros2/bin'
[1.861s] Level 1:colcon.colcon_core.environment:checking '/home/mohanarangan-t-r/teleop_ws/install/sllidar_ros2/lib/pkgconfig/sllidar_ros2.pc'
[1.861s] Level 1:colcon.colcon_core.environment:checking '/home/mohanarangan-t-r/teleop_ws/install/sllidar_ros2/lib/python3.12/site-packages'
[1.862s] Level 1:colcon.colcon_core.environment:checking '/home/mohanarangan-t-r/teleop_ws/install/sllidar_ros2/bin'
[1.862s] INFO:colcon.colcon_core.shell:Creating package script '/home/mohanarangan-t-r/teleop_ws/install/sllidar_ros2/share/sllidar_ros2/package.ps1'
[1.863s] INFO:colcon.colcon_core.shell:Creating package descriptor '/home/mohanarangan-t-r/teleop_ws/install/sllidar_ros2/share/sllidar_ros2/package.dsv'
[1.864s] INFO:colcon.colcon_core.shell:Creating package script '/home/mohanarangan-t-r/teleop_ws/install/sllidar_ros2/share/sllidar_ros2/package.sh'
[1.865s] INFO:colcon.colcon_core.shell:Creating package script '/home/mohanarangan-t-r/teleop_ws/install/sllidar_ros2/share/sllidar_ros2/package.bash'
[1.866s] INFO:colcon.colcon_core.shell:Creating package script '/home/mohanarangan-t-r/teleop_ws/install/sllidar_ros2/share/sllidar_ros2/package.zsh'
[1.866s] Level 1:colcon.colcon_core.environment:create_file_with_runtime_dependencies(/home/mohanarangan-t-r/teleop_ws/install/sllidar_ros2/share/colcon-core/packages/sllidar_ros2)
[2.905s] DEBUG:colcon.colcon_core.event_handler.log_command:Invoking command in '/home/mohanarangan-t-r/teleop_ws/build/rover_bringup': DEBUGINFOD_URLS=https://debuginfod.ubuntu.com PS1=(ml_env_312) \[\e]0;\u@\h: \w\a\]${debian_chroot:+($debian_chroot)}\[\033[01;32m\]\u@\h\[\033[00m\]:\[\033[01;34m\]\w\[\033[00m\]\$ PYTHONPATH=/home/mohanarangan-t-r/teleop_ws/build/rover_bringup/prefix_override:/usr/lib/python3/dist-packages/colcon_core/task/python/colcon_distutils_commands:/home/mohanarangan-t-r/teleop_ws/install/rover_bringup/lib/python3.12/site-packages:${PYTHONPATH} VIRTUAL_ENV_PROMPT=(ml_env_312) /usr/bin/python3 -W ignore:setup.py install is deprecated -W ignore:easy_install command is deprecated setup.py develop --editable --build-directory /home/mohanarangan-t-r/teleop_ws/build/rover_bringup/build --no-deps symlink_data
[2.907s] DEBUG:colcon.colcon_core.event_handler.log_command:Invoking command in '/home/mohanarangan-t-r/teleop_ws/build/rover_teleop': DEBUGINFOD_URLS=https://debuginfod.ubuntu.com PS1=(ml_env_312) \[\e]0;\u@\h: \w\a\]${debian_chroot:+($debian_chroot)}\[\033[01;32m\]\u@\h\[\033[00m\]:\[\033[01;34m\]\w\[\033[00m\]\$ PYTHONPATH=/home/mohanarangan-t-r/teleop_ws/build/rover_teleop/prefix_override:/usr/lib/python3/dist-packages/colcon_core/task/python/colcon_distutils_commands:/home/mohanarangan-t-r/teleop_ws/install/rover_teleop/lib/python3.12/site-packages:${PYTHONPATH} VIRTUAL_ENV_PROMPT=(ml_env_312) /usr/bin/python3 -W ignore:setup.py install is deprecated -W ignore:easy_install command is deprecated setup.py develop --editable --build-directory /home/mohanarangan-t-r/teleop_ws/build/rover_teleop/build --no-deps symlink_data
[4.255s] Level 1:colcon.colcon_core.shell:create_environment_hook('rover_bringup', 'pythonpath_develop')
[4.256s] INFO:colcon.colcon_core.shell:Creating environment hook '/home/mohanarangan-t-r/teleop_ws/build/rover_bringup/share/rover_bringup/hook/pythonpath_develop.ps1'
[4.257s] DEBUG:colcon.colcon_core.event_handler.log_command:Invoked command in '/home/mohanarangan-t-r/teleop_ws/build/rover_bringup' returned '0': DEBUGINFOD_URLS=https://debuginfod.ubuntu.com PS1=(ml_env_312) \[\e]0;\u@\h: \w\a\]${debian_chroot:+($debian_chroot)}\[\033[01;32m\]\u@\h\[\033[00m\]:\[\033[01;34m\]\w\[\033[00m\]\$ PYTHONPATH=/home/mohanarangan-t-r/teleop_ws/build/rover_bringup/prefix_override:/usr/lib/python3/dist-packages/colcon_core/task/python/colcon_distutils_commands:/home/mohanarangan-t-r/teleop_ws/install/rover_bringup/lib/python3.12/site-packages:${PYTHONPATH} VIRTUAL_ENV_PROMPT=(ml_env_312) /usr/bin/python3 -W ignore:setup.py install is deprecated -W ignore:easy_install command is deprecated setup.py develop --editable --build-directory /home/mohanarangan-t-r/teleop_ws/build/rover_bringup/build --no-deps symlink_data
[4.258s] INFO:colcon.colcon_core.shell:Creating environment descriptor '/home/mohanarangan-t-r/teleop_ws/build/rover_bringup/share/rover_bringup/hook/pythonpath_develop.dsv'
[4.259s] INFO:colcon.colcon_core.shell:Creating environment hook '/home/mohanarangan-t-r/teleop_ws/build/rover_bringup/share/rover_bringup/hook/pythonpath_develop.sh'
[4.260s] Level 1:colcon.colcon_core.environment:checking '/home/mohanarangan-t-r/teleop_ws/install/rover_bringup' for CMake module files
[4.261s] Level 1:colcon.colcon_core.environment:checking '/home/mohanarangan-t-r/teleop_ws/install/rover_bringup' for CMake config files
[4.262s] Level 1:colcon.colcon_core.environment:checking '/home/mohanarangan-t-r/teleop_ws/install/rover_bringup/lib'
[4.262s] Level 1:colcon.colcon_core.environment:checking '/home/mohanarangan-t-r/teleop_ws/install/rover_bringup/bin'
[4.262s] Level 1:colcon.colcon_core.environment:checking '/home/mohanarangan-t-r/teleop_ws/install/rover_bringup/lib/pkgconfig/rover_bringup.pc'
[4.263s] Level 1:colcon.colcon_core.environment:checking '/home/mohanarangan-t-r/teleop_ws/install/rover_bringup/lib/python3.12/site-packages'
[4.263s] Level 1:colcon.colcon_core.shell:create_environment_hook('rover_bringup', 'pythonpath')
[4.263s] INFO:colcon.colcon_core.shell:Creating environment hook '/home/mohanarangan-t-r/teleop_ws/install/rover_bringup/share/rover_bringup/hook/pythonpath.ps1'
[4.264s] INFO:colcon.colcon_core.shell:Creating environment descriptor '/home/mohanarangan-t-r/teleop_ws/install/rover_bringup/share/rover_bringup/hook/pythonpath.dsv'
[4.265s] INFO:colcon.colcon_core.shell:Creating environment hook '/home/mohanarangan-t-r/teleop_ws/install/rover_bringup/share/rover_bringup/hook/pythonpath.sh'
[4.266s] Level 1:colcon.colcon_core.environment:checking '/home/mohanarangan-t-r/teleop_ws/install/rover_bringup/bin'
[4.266s] Level 1:colcon.colcon_core.environment:create_environment_scripts_only(rover_bringup)
[4.267s] INFO:colcon.colcon_core.shell:Creating package script '/home/mohanarangan-t-r/teleop_ws/install/rover_bringup/share/rover_bringup/package.ps1'
[4.268s] INFO:colcon.colcon_core.shell:Creating package descriptor '/home/mohanarangan-t-r/teleop_ws/install/rover_bringup/share/rover_bringup/package.dsv'
[4.268s] INFO:colcon.colcon_core.shell:Creating package script '/home/mohanarangan-t-r/teleop_ws/install/rover_bringup/share/rover_bringup/package.sh'
[4.269s] INFO:colcon.colcon_core.shell:Creating package script '/home/mohanarangan-t-r/teleop_ws/install/rover_bringup/share/rover_bringup/package.bash'
[4.270s] INFO:colcon.colcon_core.shell:Creating package script '/home/mohanarangan-t-r/teleop_ws/install/rover_bringup/share/rover_bringup/package.zsh'
[4.271s] Level 1:colcon.colcon_core.environment:create_file_with_runtime_dependencies(/home/mohanarangan-t-r/teleop_ws/install/rover_bringup/share/colcon-core/packages/rover_bringup)
[4.272s] Level 1:colcon.colcon_core.shell:create_environment_hook('rover_teleop', 'pythonpath_develop')
[4.272s] INFO:colcon.colcon_core.shell:Creating environment hook '/home/mohanarangan-t-r/teleop_ws/build/rover_teleop/share/rover_teleop/hook/pythonpath_develop.ps1'
[4.274s] DEBUG:colcon.colcon_core.event_handler.log_command:Invoked command in '/home/mohanarangan-t-r/teleop_ws/build/rover_teleop' returned '0': DEBUGINFOD_URLS=https://debuginfod.ubuntu.com PS1=(ml_env_312) \[\e]0;\u@\h: \w\a\]${debian_chroot:+($debian_chroot)}\[\033[01;32m\]\u@\h\[\033[00m\]:\[\033[01;34m\]\w\[\033[00m\]\$ PYTHONPATH=/home/mohanarangan-t-r/teleop_ws/build/rover_teleop/prefix_override:/usr/lib/python3/dist-packages/colcon_core/task/python/colcon_distutils_commands:/home/mohanarangan-t-r/teleop_ws/install/rover_teleop/lib/python3.12/site-packages:${PYTHONPATH} VIRTUAL_ENV_PROMPT=(ml_env_312) /usr/bin/python3 -W ignore:setup.py install is deprecated -W ignore:easy_install command is deprecated setup.py develop --editable --build-directory /home/mohanarangan-t-r/teleop_ws/build/rover_teleop/build --no-deps symlink_data
[4.274s] INFO:colcon.colcon_core.shell:Creating environment descriptor '/home/mohanarangan-t-r/teleop_ws/build/rover_teleop/share/rover_teleop/hook/pythonpath_develop.dsv'
[4.275s] INFO:colcon.colcon_core.shell:Creating environment hook '/home/mohanarangan-t-r/teleop_ws/build/rover_teleop/share/rover_teleop/hook/pythonpath_develop.sh'
[4.276s] Level 1:colcon.colcon_core.environment:checking '/home/mohanarangan-t-r/teleop_ws/install/rover_teleop' for CMake module files
[4.277s] Level 1:colcon.colcon_core.environment:checking '/home/mohanarangan-t-r/teleop_ws/install/rover_teleop' for CMake config files
[4.278s] Level 1:colcon.colcon_core.environment:checking '/home/mohanarangan-t-r/teleop_ws/install/rover_teleop/lib'
[4.278s] Level 1:colcon.colcon_core.environment:checking '/home/mohanarangan-t-r/teleop_ws/install/rover_teleop/bin'
[4.278s] Level 1:colcon.colcon_core.environment:checking '/home/mohanarangan-t-r/teleop_ws/install/rover_teleop/lib/pkgconfig/rover_teleop.pc'
[4.279s] Level 1:colcon.colcon_core.environment:checking '/home/mohanarangan-t-r/teleop_ws/install/rover_teleop/lib/python3.12/site-packages'
[4.279s] Level 1:colcon.colcon_core.shell:create_environment_hook('rover_teleop', 'pythonpath')
[4.279s] INFO:colcon.colcon_core.shell:Creating environment hook '/home/mohanarangan-t-r/teleop_ws/install/rover_teleop/share/rover_teleop/hook/pythonpath.ps1'
[4.280s] INFO:colcon.colcon_core.shell:Creating environment descriptor '/home/mohanarangan-t-r/teleop_ws/install/rover_teleop/share/rover_teleop/hook/pythonpath.dsv'
[4.281s] INFO:colcon.colcon_core.shell:Creating environment hook '/home/mohanarangan-t-r/teleop_ws/install/rover_teleop/share/rover_teleop/hook/pythonpath.sh'
[4.282s] Level 1:colcon.colcon_core.environment:checking '/home/mohanarangan-t-r/teleop_ws/install/rover_teleop/bin'
[4.282s] Level 1:colcon.colcon_core.environment:create_environment_scripts_only(rover_teleop)
[4.283s] INFO:colcon.colcon_core.shell:Creating package script '/home/mohanarangan-t-r/teleop_ws/install/rover_teleop/share/rover_teleop/package.ps1'
[4.284s] INFO:colcon.colcon_core.shell:Creating package descriptor '/home/mohanarangan-t-r/teleop_ws/install/rover_teleop/share/rover_teleop/package.dsv'
[4.285s] INFO:colcon.colcon_core.shell:Creating package script '/home/mohanarangan-t-r/teleop_ws/install/rover_teleop/share/rover_teleop/package.sh'
[4.286s] INFO:colcon.colcon_core.shell:Creating package script '/home/mohanarangan-t-r/teleop_ws/install/rover_teleop/share/rover_teleop/package.bash'
[4.286s] INFO:colcon.colcon_core.shell:Creating package script '/home/mohanarangan-t-r/teleop_ws/install/rover_teleop/share/rover_teleop/package.zsh'
[4.287s] Level 1:colcon.colcon_core.environment:create_file_with_runtime_dependencies(/home/mohanarangan-t-r/teleop_ws/install/rover_teleop/share/colcon-core/packages/rover_teleop)
[4.288s] DEBUG:colcon.colcon_parallel_executor.executor.parallel:closing loop
[4.288s] DEBUG:colcon.colcon_parallel_executor.executor.parallel:loop closed
[4.289s] DEBUG:colcon.colcon_parallel_executor.executor.parallel:run_until_complete finished with '0'
[4.289s] DEBUG:colcon.colcon_core.event_reactor:joining thread
[4.328s] INFO:colcon.colcon_core.plugin_system:Skipping extension 'colcon_notification.desktop_notification.terminal_notifier': Not used on non-Darwin systems
[4.328s] INFO:colcon.colcon_core.plugin_system:Skipping extension 'colcon_notification.desktop_notification.win32': Not used on non-Windows systems
[4.328s] INFO:colcon.colcon_notification.desktop_notification:Sending desktop notification using 'notify2'
[4.354s] DEBUG:colcon.colcon_core.event_reactor:joined thread
[4.355s] INFO:colcon.colcon_core.shell:Creating prefix script '/home/mohanarangan-t-r/teleop_ws/install/local_setup.ps1'
[4.356s] INFO:colcon.colcon_core.shell:Creating prefix util module '/home/mohanarangan-t-r/teleop_ws/install/_local_setup_util_ps1.py'
[4.359s] INFO:colcon.colcon_core.shell:Creating prefix chain script '/home/mohanarangan-t-r/teleop_ws/install/setup.ps1'
[4.362s] INFO:colcon.colcon_core.shell:Creating prefix script '/home/mohanarangan-t-r/teleop_ws/install/local_setup.sh'
[4.363s] INFO:colcon.colcon_core.shell:Creating prefix util module '/home/mohanarangan-t-r/teleop_ws/install/_local_setup_util_sh.py'
[4.365s] INFO:colcon.colcon_core.shell:Creating prefix chain script '/home/mohanarangan-t-r/teleop_ws/install/setup.sh'
[4.367s] INFO:colcon.colcon_core.shell:Creating prefix script '/home/mohanarangan-t-r/teleop_ws/install/local_setup.bash'
[4.368s] INFO:colcon.colcon_core.shell:Creating prefix chain script '/home/mohanarangan-t-r/teleop_ws/install/setup.bash'
[4.371s] INFO:colcon.colcon_core.shell:Creating prefix script '/home/mohanarangan-t-r/teleop_ws/install/local_setup.zsh'
[4.372s] INFO:colcon.colcon_core.shell:Creating prefix chain script '/home/mohanarangan-t-r/teleop_ws/install/setup.zsh'
