[0.492s] Invoking command in '/home/mohanarangan-t-r/teleop_ws/build/rover_description': CMAKE_PREFIX_PATH=${CMAKE_PREFIX_PATH}:/home/mohanarangan-t-r/teleop_ws/install/rover_teleop:/home/mohanarangan-t-r/teleop_ws/install/rover_bringup:/home/mohanarangan-t-r/rover_ws/install/rover_perception:/opt/ros/jazzy DEBUGINFOD_URLS=https://debuginfod.ubuntu.com /usr/bin/cmake --build /home/mohanarangan-t-r/teleop_ws/build/rover_description -- -j16 -l16
[0.958s] Invoked command in '/home/mohanarangan-t-r/teleop_ws/build/rover_description' returned '0': CMAKE_PREFIX_PATH=${CMAKE_PREFIX_PATH}:/home/mohanarangan-t-r/teleop_ws/install/rover_teleop:/home/mohanarangan-t-r/teleop_ws/install/rover_bringup:/home/mohanarangan-t-r/rover_ws/install/rover_perception:/opt/ros/jazzy DEBUGINFOD_URLS=https://debuginfod.ubuntu.com /usr/bin/cmake --build /home/mohanarangan-t-r/teleop_ws/build/rover_description -- -j16 -l16
[0.983s] Invoking command in '/home/mohanarangan-t-r/teleop_ws/build/rover_description': CMAKE_PREFIX_PATH=${CMAKE_PREFIX_PATH}:/home/mohanarangan-t-r/teleop_ws/install/rover_teleop:/home/mohanarangan-t-r/teleop_ws/install/rover_bringup:/home/mohanarangan-t-r/rover_ws/install/rover_perception:/opt/ros/jazzy DEBUGINFOD_URLS=https://debuginfod.ubuntu.com /usr/bin/cmake --install /home/mohanarangan-t-r/teleop_ws/build/rover_description
[1.007s] -- Install configuration: ""
[1.007s] -- Execute custom install script
[1.008s] -- Up-to-date symlink: /home/mohanarangan-t-r/teleop_ws/install/rover_description/share/rover_description/urdf/robot.xacro
[1.009s] -- Up-to-date symlink: /home/mohanarangan-t-r/teleop_ws/install/rover_description/share/rover_description/launch/description.launch.py
[1.009s] -- Up-to-date symlink: /home/mohanarangan-t-r/teleop_ws/install/rover_description/share/ament_index/resource_index/package_run_dependencies/rover_description
[1.010s] -- Up-to-date symlink: /home/mohanarangan-t-r/teleop_ws/install/rover_description/share/ament_index/resource_index/parent_prefix_path/rover_description
[1.010s] -- Up-to-date symlink: /home/mohanarangan-t-r/teleop_ws/install/rover_description/share/rover_description/environment/ament_prefix_path.sh
[1.010s] -- Up-to-date symlink: /home/mohanarangan-t-r/teleop_ws/install/rover_description/share/rover_description/environment/ament_prefix_path.dsv
[1.011s] -- Up-to-date symlink: /home/mohanarangan-t-r/teleop_ws/install/rover_description/share/rover_description/environment/path.sh
[1.011s] -- Up-to-date symlink: /home/mohanarangan-t-r/teleop_ws/install/rover_description/share/rover_description/environment/path.dsv
[1.012s] -- Up-to-date symlink: /home/mohanarangan-t-r/teleop_ws/install/rover_description/share/rover_description/local_setup.bash
[1.012s] -- Up-to-date symlink: /home/mohanarangan-t-r/teleop_ws/install/rover_description/share/rover_description/local_setup.sh
[1.013s] -- Up-to-date symlink: /home/mohanarangan-t-r/teleop_ws/install/rover_description/share/rover_description/local_setup.zsh
[1.013s] -- Up-to-date symlink: /home/mohanarangan-t-r/teleop_ws/install/rover_description/share/rover_description/local_setup.dsv
[1.014s] -- Symlinking: /home/mohanarangan-t-r/teleop_ws/install/rover_description/share/rover_description/package.dsv
[1.042s] -- Up-to-date symlink: /home/mohanarangan-t-r/teleop_ws/install/rover_description/share/ament_index/resource_index/packages/rover_description
[1.042s] -- Up-to-date symlink: /home/mohanarangan-t-r/teleop_ws/install/rover_description/share/rover_description/cmake/rover_descriptionConfig.cmake
[1.042s] -- Up-to-date symlink: /home/mohanarangan-t-r/teleop_ws/install/rover_description/share/rover_description/cmake/rover_descriptionConfig-version.cmake
[1.043s] -- Up-to-date symlink: /home/mohanarangan-t-r/teleop_ws/install/rover_description/share/rover_description/package.xml
[1.048s] Invoked command in '/home/mohanarangan-t-r/teleop_ws/build/rover_description' returned '0': CMAKE_PREFIX_PATH=${CMAKE_PREFIX_PATH}:/home/mohanarangan-t-r/teleop_ws/install/rover_teleop:/home/mohanarangan-t-r/teleop_ws/install/rover_bringup:/home/mohanarangan-t-r/rover_ws/install/rover_perception:/opt/ros/jazzy DEBUGINFOD_URLS=https://debuginfod.ubuntu.com /usr/bin/cmake --install /home/mohanarangan-t-r/teleop_ws/build/rover_description
