[0.154s] DEBUG:colcon:Command line arguments: ['/usr/bin/colcon', 'build', '--symlink-install']
[0.154s] DEBUG:colcon:Parsed command line arguments: Namespace(log_base=None, log_level=None, verb_name='build', build_base='build', install_base='install', merge_install=False, symlink_install=True, test_result_base=None, continue_on_error=False, executor='parallel', parallel_workers=16, event_handlers=None, ignore_user_meta=False, metas=['./colcon.meta'], base_paths=['.'], packages_ignore=None, packages_ignore_regex=None, paths=None, packages_up_to=None, packages_up_to_regex=None, packages_above=None, packages_above_and_dependencies=None, packages_above_depth=None, packages_select_by_dep=None, packages_skip_by_dep=None, packages_skip_up_to=None, packages_select_build_failed=False, packages_skip_build_finished=False, packages_select_test_failures=False, packages_skip_test_passed=False, packages_select=None, packages_skip=None, packages_select_regex=None, packages_skip_regex=None, packages_start=None, packages_end=None, allow_overriding=[], cmake_args=None, cmake_target=None, cmake_target_skip_unavailable=False, cmake_clean_cache=False, cmake_clean_first=False, cmake_force_configure=False, ament_cmake_args=None, catkin_cmake_args=None, catkin_skip_building_tests=False, mixin_files=None, mixin=None, verb_parser=<colcon_mixin.mixin.mixin_argument.MixinArgumentDecorator object at 0x77bff479a660>, verb_extension=<colcon_core.verb.build.BuildVerb object at 0x77bff48ca2a0>, main=<bound method BuildVerb.main of <colcon_core.verb.build.BuildVerb object at 0x77bff48ca2a0>>, mixin_verb=('build',))
[0.204s] Level 1:colcon.colcon_core.package_discovery:discover_packages(colcon_meta) check parameters
[0.204s] Level 1:colcon.colcon_core.package_discovery:discover_packages(recursive) check parameters
[0.204s] Level 1:colcon.colcon_core.package_discovery:discover_packages(ignore) check parameters
[0.204s] Level 1:colcon.colcon_core.package_discovery:discover_packages(path) check parameters
[0.204s] Level 1:colcon.colcon_core.package_discovery:discover_packages(colcon_meta) discover
[0.204s] Level 1:colcon.colcon_core.package_discovery:discover_packages(recursive) discover
[0.205s] INFO:colcon.colcon_core.package_discovery:Crawling recursively for packages in '/home/mohanarangan-t-r/teleop_ws'
[0.205s] Level 1:colcon.colcon_core.package_identification:_identify(.) by extensions ['ignore', 'ignore_ament_install']
[0.205s] Level 1:colcon.colcon_core.package_identification:_identify(.) by extension 'ignore'
[0.205s] Level 1:colcon.colcon_core.package_identification:_identify(.) by extension 'ignore_ament_install'
[0.205s] Level 1:colcon.colcon_core.package_identification:_identify(.) by extensions ['colcon_pkg']
[0.205s] Level 1:colcon.colcon_core.package_identification:_identify(.) by extension 'colcon_pkg'
[0.205s] Level 1:colcon.colcon_core.package_identification:_identify(.) by extensions ['colcon_meta']
[0.205s] Level 1:colcon.colcon_core.package_identification:_identify(.) by extension 'colcon_meta'
[0.205s] Level 1:colcon.colcon_core.package_identification:_identify(.) by extensions ['ros']
[0.205s] Level 1:colcon.colcon_core.package_identification:_identify(.) by extension 'ros'
[0.236s] Level 1:colcon.colcon_core.package_identification:_identify(.) by extensions ['cmake', 'python']
[0.236s] Level 1:colcon.colcon_core.package_identification:_identify(.) by extension 'cmake'
[0.236s] Level 1:colcon.colcon_core.package_identification:_identify(.) by extension 'python'
[0.236s] Level 1:colcon.colcon_core.package_identification:_identify(.) by extensions ['python_setup_py']
[0.236s] Level 1:colcon.colcon_core.package_identification:_identify(.) by extension 'python_setup_py'
[0.236s] Level 1:colcon.colcon_core.package_identification:_identify(build) by extensions ['ignore', 'ignore_ament_install']
[0.236s] Level 1:colcon.colcon_core.package_identification:_identify(build) by extension 'ignore'
[0.236s] Level 1:colcon.colcon_core.package_identification:_identify(build) ignored
[0.236s] Level 1:colcon.colcon_core.package_identification:_identify(install) by extensions ['ignore', 'ignore_ament_install']
[0.236s] Level 1:colcon.colcon_core.package_identification:_identify(install) by extension 'ignore'
[0.236s] Level 1:colcon.colcon_core.package_identification:_identify(install) ignored
[0.237s] Level 1:colcon.colcon_core.package_identification:_identify(log) by extensions ['ignore', 'ignore_ament_install']
[0.237s] Level 1:colcon.colcon_core.package_identification:_identify(log) by extension 'ignore'
[0.237s] Level 1:colcon.colcon_core.package_identification:_identify(log) ignored
[0.237s] Level 1:colcon.colcon_core.package_identification:_identify(src) by extensions ['ignore', 'ignore_ament_install']
[0.237s] Level 1:colcon.colcon_core.package_identification:_identify(src) by extension 'ignore'
[0.237s] Level 1:colcon.colcon_core.package_identification:_identify(src) by extension 'ignore_ament_install'
[0.237s] Level 1:colcon.colcon_core.package_identification:_identify(src) by extensions ['colcon_pkg']
[0.237s] Level 1:colcon.colcon_core.package_identification:_identify(src) by extension 'colcon_pkg'
[0.237s] Level 1:colcon.colcon_core.package_identification:_identify(src) by extensions ['colcon_meta']
[0.237s] Level 1:colcon.colcon_core.package_identification:_identify(src) by extension 'colcon_meta'
[0.237s] Level 1:colcon.colcon_core.package_identification:_identify(src) by extensions ['ros']
[0.237s] Level 1:colcon.colcon_core.package_identification:_identify(src) by extension 'ros'
[0.237s] Level 1:colcon.colcon_core.package_identification:_identify(src) by extensions ['cmake', 'python']
[0.237s] Level 1:colcon.colcon_core.package_identification:_identify(src) by extension 'cmake'
[0.237s] Level 1:colcon.colcon_core.package_identification:_identify(src) by extension 'python'
[0.237s] Level 1:colcon.colcon_core.package_identification:_identify(src) by extensions ['python_setup_py']
[0.237s] Level 1:colcon.colcon_core.package_identification:_identify(src) by extension 'python_setup_py'
[0.237s] Level 1:colcon.colcon_core.package_identification:_identify(src/rover_bringup) by extensions ['ignore', 'ignore_ament_install']
[0.237s] Level 1:colcon.colcon_core.package_identification:_identify(src/rover_bringup) by extension 'ignore'
[0.238s] Level 1:colcon.colcon_core.package_identification:_identify(src/rover_bringup) by extension 'ignore_ament_install'
[0.238s] Level 1:colcon.colcon_core.package_identification:_identify(src/rover_bringup) by extensions ['colcon_pkg']
[0.238s] Level 1:colcon.colcon_core.package_identification:_identify(src/rover_bringup) by extension 'colcon_pkg'
[0.238s] Level 1:colcon.colcon_core.package_identification:_identify(src/rover_bringup) by extensions ['colcon_meta']
[0.238s] Level 1:colcon.colcon_core.package_identification:_identify(src/rover_bringup) by extension 'colcon_meta'
[0.238s] Level 1:colcon.colcon_core.package_identification:_identify(src/rover_bringup) by extensions ['ros']
[0.238s] Level 1:colcon.colcon_core.package_identification:_identify(src/rover_bringup) by extension 'ros'
[0.240s] DEBUG:colcon.colcon_core.package_identification:Package 'src/rover_bringup' with type 'ros.ament_python' and name 'rover_bringup'
[0.241s] Level 1:colcon.colcon_core.package_identification:_identify(src/rover_description) by extensions ['ignore', 'ignore_ament_install']
[0.241s] Level 1:colcon.colcon_core.package_identification:_identify(src/rover_description) by extension 'ignore'
[0.241s] Level 1:colcon.colcon_core.package_identification:_identify(src/rover_description) by extension 'ignore_ament_install'
[0.241s] Level 1:colcon.colcon_core.package_identification:_identify(src/rover_description) by extensions ['colcon_pkg']
[0.241s] Level 1:colcon.colcon_core.package_identification:_identify(src/rover_description) by extension 'colcon_pkg'
[0.241s] Level 1:colcon.colcon_core.package_identification:_identify(src/rover_description) by extensions ['colcon_meta']
[0.241s] Level 1:colcon.colcon_core.package_identification:_identify(src/rover_description) by extension 'colcon_meta'
[0.241s] Level 1:colcon.colcon_core.package_identification:_identify(src/rover_description) by extensions ['ros']
[0.241s] Level 1:colcon.colcon_core.package_identification:_identify(src/rover_description) by extension 'ros'
[0.241s] DEBUG:colcon.colcon_core.package_identification:Package 'src/rover_description' with type 'ros.ament_cmake' and name 'rover_description'
[0.242s] Level 1:colcon.colcon_core.package_identification:_identify(src/rover_teleop) by extensions ['ignore', 'ignore_ament_install']
[0.242s] Level 1:colcon.colcon_core.package_identification:_identify(src/rover_teleop) by extension 'ignore'
[0.242s] Level 1:colcon.colcon_core.package_identification:_identify(src/rover_teleop) by extension 'ignore_ament_install'
[0.242s] Level 1:colcon.colcon_core.package_identification:_identify(src/rover_teleop) by extensions ['colcon_pkg']
[0.242s] Level 1:colcon.colcon_core.package_identification:_identify(src/rover_teleop) by extension 'colcon_pkg'
[0.242s] Level 1:colcon.colcon_core.package_identification:_identify(src/rover_teleop) by extensions ['colcon_meta']
[0.242s] Level 1:colcon.colcon_core.package_identification:_identify(src/rover_teleop) by extension 'colcon_meta'
[0.242s] Level 1:colcon.colcon_core.package_identification:_identify(src/rover_teleop) by extensions ['ros']
[0.242s] Level 1:colcon.colcon_core.package_identification:_identify(src/rover_teleop) by extension 'ros'
[0.243s] DEBUG:colcon.colcon_core.package_identification:Package 'src/rover_teleop' with type 'ros.ament_python' and name 'rover_teleop'
[0.243s] Level 1:colcon.colcon_core.package_identification:_identify(src/sllidar_ros2) by extensions ['ignore', 'ignore_ament_install']
[0.243s] Level 1:colcon.colcon_core.package_identification:_identify(src/sllidar_ros2) by extension 'ignore'
[0.243s] Level 1:colcon.colcon_core.package_identification:_identify(src/sllidar_ros2) by extension 'ignore_ament_install'
[0.243s] Level 1:colcon.colcon_core.package_identification:_identify(src/sllidar_ros2) by extensions ['colcon_pkg']
[0.243s] Level 1:colcon.colcon_core.package_identification:_identify(src/sllidar_ros2) by extension 'colcon_pkg'
[0.243s] Level 1:colcon.colcon_core.package_identification:_identify(src/sllidar_ros2) by extensions ['colcon_meta']
[0.243s] Level 1:colcon.colcon_core.package_identification:_identify(src/sllidar_ros2) by extension 'colcon_meta'
[0.243s] Level 1:colcon.colcon_core.package_identification:_identify(src/sllidar_ros2) by extensions ['ros']
[0.243s] Level 1:colcon.colcon_core.package_identification:_identify(src/sllidar_ros2) by extension 'ros'
[0.244s] DEBUG:colcon.colcon_core.package_identification:Package 'src/sllidar_ros2' with type 'ros.ament_cmake' and name 'sllidar_ros2'
[0.244s] Level 1:colcon.colcon_core.package_discovery:discover_packages(recursive) using defaults
[0.244s] Level 1:colcon.colcon_core.package_discovery:discover_packages(ignore) discover
[0.244s] Level 1:colcon.colcon_core.package_discovery:discover_packages(ignore) using defaults
[0.244s] Level 1:colcon.colcon_core.package_discovery:discover_packages(path) discover
[0.244s] Level 1:colcon.colcon_core.package_discovery:discover_packages(path) using defaults
[0.264s] Level 1:colcon.colcon_core.package_discovery:discover_packages(prefix_path) check parameters
[0.264s] Level 1:colcon.colcon_core.package_discovery:discover_packages(prefix_path) discover
[0.266s] DEBUG:colcon.colcon_installed_package_information.package_discovery:Found 4 installed packages in /home/mohanarangan-t-r/teleop_ws/install
[0.267s] DEBUG:colcon.colcon_installed_package_information.package_discovery:Found 5 installed packages in /home/mohanarangan-t-r/rover_ws/install
[0.270s] DEBUG:colcon.colcon_installed_package_information.package_discovery:Found 426 installed packages in /opt/ros/jazzy
[0.272s] Level 1:colcon.colcon_core.package_discovery:discover_packages(prefix_path) using defaults
[0.327s] Level 5:colcon.colcon_core.verb:set package 'rover_bringup' build argument 'cmake_args' from command line to 'None'
[0.327s] Level 5:colcon.colcon_core.verb:set package 'rover_bringup' build argument 'cmake_target' from command line to 'None'
[0.327s] Level 5:colcon.colcon_core.verb:set package 'rover_bringup' build argument 'cmake_target_skip_unavailable' from command line to 'False'
[0.327s] Level 5:colcon.colcon_core.verb:set package 'rover_bringup' build argument 'cmake_clean_cache' from command line to 'False'
[0.327s] Level 5:colcon.colcon_core.verb:set package 'rover_bringup' build argument 'cmake_clean_first' from command line to 'False'
[0.327s] Level 5:colcon.colcon_core.verb:set package 'rover_bringup' build argument 'cmake_force_configure' from command line to 'False'
[0.327s] Level 5:colcon.colcon_core.verb:set package 'rover_bringup' build argument 'ament_cmake_args' from command line to 'None'
[0.327s] Level 5:colcon.colcon_core.verb:set package 'rover_bringup' build argument 'catkin_cmake_args' from command line to 'None'
[0.327s] Level 5:colcon.colcon_core.verb:set package 'rover_bringup' build argument 'catkin_skip_building_tests' from command line to 'False'
[0.327s] DEBUG:colcon.colcon_core.verb:Building package 'rover_bringup' with the following arguments: {'ament_cmake_args': None, 'build_base': '/home/mohanarangan-t-r/teleop_ws/build/rover_bringup', 'catkin_cmake_args': None, 'catkin_skip_building_tests': False, 'cmake_args': None, 'cmake_clean_cache': False, 'cmake_clean_first': False, 'cmake_force_configure': False, 'cmake_target': None, 'cmake_target_skip_unavailable': False, 'install_base': '/home/mohanarangan-t-r/teleop_ws/install/rover_bringup', 'merge_install': False, 'path': '/home/mohanarangan-t-r/teleop_ws/src/rover_bringup', 'symlink_install': True, 'test_result_base': None}
[0.327s] Level 5:colcon.colcon_core.verb:set package 'rover_description' build argument 'cmake_args' from command line to 'None'
[0.327s] Level 5:colcon.colcon_core.verb:set package 'rover_description' build argument 'cmake_target' from command line to 'None'
[0.327s] Level 5:colcon.colcon_core.verb:set package 'rover_description' build argument 'cmake_target_skip_unavailable' from command line to 'False'
[0.327s] Level 5:colcon.colcon_core.verb:set package 'rover_description' build argument 'cmake_clean_cache' from command line to 'False'
[0.327s] Level 5:colcon.colcon_core.verb:set package 'rover_description' build argument 'cmake_clean_first' from command line to 'False'
[0.327s] Level 5:colcon.colcon_core.verb:set package 'rover_description' build argument 'cmake_force_configure' from command line to 'False'
[0.327s] Level 5:colcon.colcon_core.verb:set package 'rover_description' build argument 'ament_cmake_args' from command line to 'None'
[0.327s] Level 5:colcon.colcon_core.verb:set package 'rover_description' build argument 'catkin_cmake_args' from command line to 'None'
[0.327s] Level 5:colcon.colcon_core.verb:set package 'rover_description' build argument 'catkin_skip_building_tests' from command line to 'False'
[0.327s] DEBUG:colcon.colcon_core.verb:Building package 'rover_description' with the following arguments: {'ament_cmake_args': None, 'build_base': '/home/mohanarangan-t-r/teleop_ws/build/rover_description', 'catkin_cmake_args': None, 'catkin_skip_building_tests': False, 'cmake_args': None, 'cmake_clean_cache': False, 'cmake_clean_first': False, 'cmake_force_configure': False, 'cmake_target': None, 'cmake_target_skip_unavailable': False, 'install_base': '/home/mohanarangan-t-r/teleop_ws/install/rover_description', 'merge_install': False, 'path': '/home/mohanarangan-t-r/teleop_ws/src/rover_description', 'symlink_install': True, 'test_result_base': None}
[0.328s] Level 5:colcon.colcon_core.verb:set package 'rover_teleop' build argument 'cmake_args' from command line to 'None'
[0.328s] Level 5:colcon.colcon_core.verb:set package 'rover_teleop' build argument 'cmake_target' from command line to 'None'
[0.328s] Level 5:colcon.colcon_core.verb:set package 'rover_teleop' build argument 'cmake_target_skip_unavailable' from command line to 'False'
[0.328s] Level 5:colcon.colcon_core.verb:set package 'rover_teleop' build argument 'cmake_clean_cache' from command line to 'False'
[0.328s] Level 5:colcon.colcon_core.verb:set package 'rover_teleop' build argument 'cmake_clean_first' from command line to 'False'
[0.328s] Level 5:colcon.colcon_core.verb:set package 'rover_teleop' build argument 'cmake_force_configure' from command line to 'False'
[0.328s] Level 5:colcon.colcon_core.verb:set package 'rover_teleop' build argument 'ament_cmake_args' from command line to 'None'
[0.328s] Level 5:colcon.colcon_core.verb:set package 'rover_teleop' build argument 'catkin_cmake_args' from command line to 'None'
[0.328s] Level 5:colcon.colcon_core.verb:set package 'rover_teleop' build argument 'catkin_skip_building_tests' from command line to 'False'
[0.328s] DEBUG:colcon.colcon_core.verb:Building package 'rover_teleop' with the following arguments: {'ament_cmake_args': None, 'build_base': '/home/mohanarangan-t-r/teleop_ws/build/rover_teleop', 'catkin_cmake_args': None, 'catkin_skip_building_tests': False, 'cmake_args': None, 'cmake_clean_cache': False, 'cmake_clean_first': False, 'cmake_force_configure': False, 'cmake_target': None, 'cmake_target_skip_unavailable': False, 'install_base': '/home/mohanarangan-t-r/teleop_ws/install/rover_teleop', 'merge_install': False, 'path': '/home/mohanarangan-t-r/teleop_ws/src/rover_teleop', 'symlink_install': True, 'test_result_base': None}
[0.328s] Level 5:colcon.colcon_core.verb:set package 'sllidar_ros2' build argument 'cmake_args' from command line to 'None'
[0.328s] Level 5:colcon.colcon_core.verb:set package 'sllidar_ros2' build argument 'cmake_target' from command line to 'None'
[0.328s] Level 5:colcon.colcon_core.verb:set package 'sllidar_ros2' build argument 'cmake_target_skip_unavailable' from command line to 'False'
[0.328s] Level 5:colcon.colcon_core.verb:set package 'sllidar_ros2' build argument 'cmake_clean_cache' from command line to 'False'
[0.328s] Level 5:colcon.colcon_core.verb:set package 'sllidar_ros2' build argument 'cmake_clean_first' from command line to 'False'
[0.328s] Level 5:colcon.colcon_core.verb:set package 'sllidar_ros2' build argument 'cmake_force_configure' from command line to 'False'
[0.328s] Level 5:colcon.colcon_core.verb:set package 'sllidar_ros2' build argument 'ament_cmake_args' from command line to 'None'
[0.328s] Level 5:colcon.colcon_core.verb:set package 'sllidar_ros2' build argument 'catkin_cmake_args' from command line to 'None'
[0.328s] Level 5:colcon.colcon_core.verb:set package 'sllidar_ros2' build argument 'catkin_skip_building_tests' from command line to 'False'
[0.328s] DEBUG:colcon.colcon_core.verb:Building package 'sllidar_ros2' with the following arguments: {'ament_cmake_args': None, 'build_base': '/home/mohanarangan-t-r/teleop_ws/build/sllidar_ros2', 'catkin_cmake_args': None, 'catkin_skip_building_tests': False, 'cmake_args': None, 'cmake_clean_cache': False, 'cmake_clean_first': False, 'cmake_force_configure': False, 'cmake_target': None, 'cmake_target_skip_unavailable': False, 'install_base': '/home/mohanarangan-t-r/teleop_ws/install/sllidar_ros2', 'merge_install': False, 'path': '/home/mohanarangan-t-r/teleop_ws/src/sllidar_ros2', 'symlink_install': True, 'test_result_base': None}
[0.328s] INFO:colcon.colcon_core.executor:Executing jobs using 'parallel' executor
[0.329s] DEBUG:colcon.colcon_parallel_executor.executor.parallel:run_until_complete
[0.329s] INFO:colcon.colcon_ros.task.ament_python.build:Building ROS package in '/home/mohanarangan-t-r/teleop_ws/src/rover_bringup' with build type 'ament_python'
[0.330s] Level 1:colcon.colcon_core.shell:create_environment_hook('rover_bringup', 'ament_prefix_path')
[0.332s] INFO:colcon.colcon_core.plugin_system:Skipping extension 'colcon_core.shell.bat': Not used on non-Windows systems
[0.332s] INFO:colcon.colcon_core.shell:Creating environment hook '/home/mohanarangan-t-r/teleop_ws/install/rover_bringup/share/rover_bringup/hook/ament_prefix_path.ps1'
[0.333s] INFO:colcon.colcon_core.shell:Creating environment descriptor '/home/mohanarangan-t-r/teleop_ws/install/rover_bringup/share/rover_bringup/hook/ament_prefix_path.dsv'
[0.334s] INFO:colcon.colcon_core.shell:Creating environment hook '/home/mohanarangan-t-r/teleop_ws/install/rover_bringup/share/rover_bringup/hook/ament_prefix_path.sh'
[0.335s] INFO:colcon.colcon_core.shell:Skip shell extension 'powershell' for command environment: Not usable outside of PowerShell
[0.335s] DEBUG:colcon.colcon_core.shell:Skip shell extension 'dsv' for command environment
[0.341s] INFO:colcon.colcon_ros.task.ament_cmake.build:Building ROS package in '/home/mohanarangan-t-r/teleop_ws/src/rover_description' with build type 'ament_cmake'
[0.341s] INFO:colcon.colcon_cmake.task.cmake.build:Building CMake package in '/home/mohanarangan-t-r/teleop_ws/src/rover_description'
[0.341s] INFO:colcon.colcon_core.shell:Skip shell extension 'powershell' for command environment: Not usable outside of PowerShell
[0.341s] DEBUG:colcon.colcon_core.shell:Skip shell extension 'dsv' for command environment
[0.346s] INFO:colcon.colcon_ros.task.ament_python.build:Building ROS package in '/home/mohanarangan-t-r/teleop_ws/src/rover_teleop' with build type 'ament_python'
[0.347s] Level 1:colcon.colcon_core.shell:create_environment_hook('rover_teleop', 'ament_prefix_path')
[0.347s] INFO:colcon.colcon_core.shell:Creating environment hook '/home/mohanarangan-t-r/teleop_ws/install/rover_teleop/share/rover_teleop/hook/ament_prefix_path.ps1'
[0.348s] INFO:colcon.colcon_core.shell:Creating environment descriptor '/home/mohanarangan-t-r/teleop_ws/install/rover_teleop/share/rover_teleop/hook/ament_prefix_path.dsv'
[0.348s] INFO:colcon.colcon_core.shell:Creating environment hook '/home/mohanarangan-t-r/teleop_ws/install/rover_teleop/share/rover_teleop/hook/ament_prefix_path.sh'
[0.349s] INFO:colcon.colcon_core.shell:Skip shell extension 'powershell' for command environment: Not usable outside of PowerShell
[0.349s] DEBUG:colcon.colcon_core.shell:Skip shell extension 'dsv' for command environment
[0.354s] INFO:colcon.colcon_ros.task.ament_cmake.build:Building ROS package in '/home/mohanarangan-t-r/teleop_ws/src/sllidar_ros2' with build type 'ament_cmake'
[0.354s] INFO:colcon.colcon_cmake.task.cmake.build:Building CMake package in '/home/mohanarangan-t-r/teleop_ws/src/sllidar_ros2'
[0.354s] INFO:colcon.colcon_core.shell:Skip shell extension 'powershell' for command environment: Not usable outside of PowerShell
[0.354s] DEBUG:colcon.colcon_core.shell:Skip shell extension 'dsv' for command environment
[0.559s] INFO:colcon.colcon_core.task.python.build:Building Python package in '/home/mohanarangan-t-r/teleop_ws/src/rover_bringup'
[0.559s] INFO:colcon.colcon_core.shell:Skip shell extension 'powershell' for command environment: Not usable outside of PowerShell
[0.559s] DEBUG:colcon.colcon_core.shell:Skip shell extension 'dsv' for command environment
[0.568s] DEBUG:colcon.colcon_core.event_handler.log_command:Invoking command in '/home/mohanarangan-t-r/teleop_ws/build/rover_description': CMAKE_PREFIX_PATH=${CMAKE_PREFIX_PATH}:/home/mohanarangan-t-r/teleop_ws/install/rover_teleop:/home/mohanarangan-t-r/teleop_ws/install/rover_bringup:/home/mohanarangan-t-r/rover_ws/install/rover_perception:/opt/ros/jazzy DEBUGINFOD_URLS=https://debuginfod.ubuntu.com /usr/bin/cmake --build /home/mohanarangan-t-r/teleop_ws/build/rover_description -- -j16 -l16
[0.740s] INFO:colcon.colcon_core.task.python.build:Building Python package in '/home/mohanarangan-t-r/teleop_ws/src/rover_teleop'
[0.740s] INFO:colcon.colcon_core.shell:Skip shell extension 'powershell' for command environment: Not usable outside of PowerShell
[0.740s] DEBUG:colcon.colcon_core.shell:Skip shell extension 'dsv' for command environment
[0.749s] DEBUG:colcon.colcon_core.event_handler.log_command:Invoking command in '/home/mohanarangan-t-r/teleop_ws/build/sllidar_ros2': CMAKE_PREFIX_PATH=${CMAKE_PREFIX_PATH}:/home/mohanarangan-t-r/teleop_ws/install/rover_teleop:/home/mohanarangan-t-r/teleop_ws/install/rover_bringup:/home/mohanarangan-t-r/rover_ws/install/rover_perception:/opt/ros/jazzy DEBUGINFOD_URLS=https://debuginfod.ubuntu.com /usr/bin/cmake --build /home/mohanarangan-t-r/teleop_ws/build/sllidar_ros2 -- -j16 -l16
[0.750s] DEBUG:colcon.colcon_core.event_handler.log_command:Invoked command in '/home/mohanarangan-t-r/teleop_ws/build/rover_description' returned '0': CMAKE_PREFIX_PATH=${CMAKE_PREFIX_PATH}:/home/mohanarangan-t-r/teleop_ws/install/rover_teleop:/home/mohanarangan-t-r/teleop_ws/install/rover_bringup:/home/mohanarangan-t-r/rover_ws/install/rover_perception:/opt/ros/jazzy DEBUGINFOD_URLS=https://debuginfod.ubuntu.com /usr/bin/cmake --build /home/mohanarangan-t-r/teleop_ws/build/rover_description -- -j16 -l16
[0.760s] DEBUG:colcon.colcon_core.event_handler.log_command:Invoking command in '/home/mohanarangan-t-r/teleop_ws/build/rover_description': CMAKE_PREFIX_PATH=${CMAKE_PREFIX_PATH}:/home/mohanarangan-t-r/teleop_ws/install/rover_teleop:/home/mohanarangan-t-r/teleop_ws/install/rover_bringup:/home/mohanarangan-t-r/rover_ws/install/rover_perception:/opt/ros/jazzy DEBUGINFOD_URLS=https://debuginfod.ubuntu.com /usr/bin/cmake --install /home/mohanarangan-t-r/teleop_ws/build/rover_description
[0.795s] Level 1:colcon.colcon_core.environment:create_environment_scripts_only(rover_description)
[0.795s] DEBUG:colcon.colcon_core.event_handler.log_command:Invoked command in '/home/mohanarangan-t-r/teleop_ws/build/rover_description' returned '0': CMAKE_PREFIX_PATH=${CMAKE_PREFIX_PATH}:/home/mohanarangan-t-r/teleop_ws/install/rover_teleop:/home/mohanarangan-t-r/teleop_ws/install/rover_bringup:/home/mohanarangan-t-r/rover_ws/install/rover_perception:/opt/ros/jazzy DEBUGINFOD_URLS=https://debuginfod.ubuntu.com /usr/bin/cmake --install /home/mohanarangan-t-r/teleop_ws/build/rover_description
[0.797s] Level 1:colcon.colcon_core.environment:checking '/home/mohanarangan-t-r/teleop_ws/install/rover_description' for CMake module files
[0.797s] Level 1:colcon.colcon_core.environment:checking '/home/mohanarangan-t-r/teleop_ws/install/rover_description' for CMake config files
[0.797s] Level 1:colcon.colcon_core.shell:create_environment_hook('rover_description', 'cmake_prefix_path')
[0.797s] INFO:colcon.colcon_core.shell:Creating environment hook '/home/mohanarangan-t-r/teleop_ws/install/rover_description/share/rover_description/hook/cmake_prefix_path.ps1'
[0.798s] INFO:colcon.colcon_core.shell:Creating environment descriptor '/home/mohanarangan-t-r/teleop_ws/install/rover_description/share/rover_description/hook/cmake_prefix_path.dsv'
[0.798s] INFO:colcon.colcon_core.shell:Creating environment hook '/home/mohanarangan-t-r/teleop_ws/install/rover_description/share/rover_description/hook/cmake_prefix_path.sh'
[0.799s] Level 1:colcon.colcon_core.environment:checking '/home/mohanarangan-t-r/teleop_ws/install/rover_description/bin'
[0.799s] Level 1:colcon.colcon_core.environment:checking '/home/mohanarangan-t-r/teleop_ws/install/rover_description/lib/pkgconfig/rover_description.pc'
[0.799s] Level 1:colcon.colcon_core.environment:checking '/home/mohanarangan-t-r/teleop_ws/install/rover_description/lib/python3.12/site-packages'
[0.799s] Level 1:colcon.colcon_core.environment:checking '/home/mohanarangan-t-r/teleop_ws/install/rover_description/bin'
[0.799s] INFO:colcon.colcon_core.shell:Creating package script '/home/mohanarangan-t-r/teleop_ws/install/rover_description/share/rover_description/package.ps1'
[0.800s] INFO:colcon.colcon_core.shell:Creating package descriptor '/home/mohanarangan-t-r/teleop_ws/install/rover_description/share/rover_description/package.dsv'
[0.800s] INFO:colcon.colcon_core.shell:Creating package script '/home/mohanarangan-t-r/teleop_ws/install/rover_description/share/rover_description/package.sh'
[0.800s] INFO:colcon.colcon_core.shell:Creating package script '/home/mohanarangan-t-r/teleop_ws/install/rover_description/share/rover_description/package.bash'
[0.801s] INFO:colcon.colcon_core.shell:Creating package script '/home/mohanarangan-t-r/teleop_ws/install/rover_description/share/rover_description/package.zsh'
[0.801s] Level 1:colcon.colcon_core.environment:create_file_with_runtime_dependencies(/home/mohanarangan-t-r/teleop_ws/install/rover_description/share/colcon-core/packages/rover_description)
[0.802s] Level 1:colcon.colcon_core.environment:create_environment_scripts_only(rover_description)
[0.802s] Level 1:colcon.colcon_core.environment:checking '/home/mohanarangan-t-r/teleop_ws/install/rover_description' for CMake module files
[0.802s] Level 1:colcon.colcon_core.environment:checking '/home/mohanarangan-t-r/teleop_ws/install/rover_description' for CMake config files
[0.802s] Level 1:colcon.colcon_core.shell:create_environment_hook('rover_description', 'cmake_prefix_path')
[0.802s] INFO:colcon.colcon_core.shell:Creating environment hook '/home/mohanarangan-t-r/teleop_ws/install/rover_description/share/rover_description/hook/cmake_prefix_path.ps1'
[0.803s] INFO:colcon.colcon_core.shell:Creating environment descriptor '/home/mohanarangan-t-r/teleop_ws/install/rover_description/share/rover_description/hook/cmake_prefix_path.dsv'
[0.803s] INFO:colcon.colcon_core.shell:Creating environment hook '/home/mohanarangan-t-r/teleop_ws/install/rover_description/share/rover_description/hook/cmake_prefix_path.sh'
[0.804s] Level 1:colcon.colcon_core.environment:checking '/home/mohanarangan-t-r/teleop_ws/install/rover_description/bin'
[0.804s] Level 1:colcon.colcon_core.environment:checking '/home/mohanarangan-t-r/teleop_ws/install/rover_description/lib/pkgconfig/rover_description.pc'
[0.804s] Level 1:colcon.colcon_core.environment:checking '/home/mohanarangan-t-r/teleop_ws/install/rover_description/lib/python3.12/site-packages'
[0.804s] Level 1:colcon.colcon_core.environment:checking '/home/mohanarangan-t-r/teleop_ws/install/rover_description/bin'
[0.804s] INFO:colcon.colcon_core.shell:Creating package script '/home/mohanarangan-t-r/teleop_ws/install/rover_description/share/rover_description/package.ps1'
[0.805s] INFO:colcon.colcon_core.shell:Creating package descriptor '/home/mohanarangan-t-r/teleop_ws/install/rover_description/share/rover_description/package.dsv'
[0.805s] INFO:colcon.colcon_core.shell:Creating package script '/home/mohanarangan-t-r/teleop_ws/install/rover_description/share/rover_description/package.sh'
[0.805s] INFO:colcon.colcon_core.shell:Creating package script '/home/mohanarangan-t-r/teleop_ws/install/rover_description/share/rover_description/package.bash'
[0.806s] INFO:colcon.colcon_core.shell:Creating package script '/home/mohanarangan-t-r/teleop_ws/install/rover_description/share/rover_description/package.zsh'
[0.806s] Level 1:colcon.colcon_core.environment:create_file_with_runtime_dependencies(/home/mohanarangan-t-r/teleop_ws/install/rover_description/share/colcon-core/packages/rover_description)
[0.832s] DEBUG:colcon.colcon_core.event_handler.log_command:Invoked command in '/home/mohanarangan-t-r/teleop_ws/build/sllidar_ros2' returned '0': CMAKE_PREFIX_PATH=${CMAKE_PREFIX_PATH}:/home/mohanarangan-t-r/teleop_ws/install/rover_teleop:/home/mohanarangan-t-r/teleop_ws/install/rover_bringup:/home/mohanarangan-t-r/rover_ws/install/rover_perception:/opt/ros/jazzy DEBUGINFOD_URLS=https://debuginfod.ubuntu.com /usr/bin/cmake --build /home/mohanarangan-t-r/teleop_ws/build/sllidar_ros2 -- -j16 -l16
[0.833s] DEBUG:colcon.colcon_core.event_handler.log_command:Invoking command in '/home/mohanarangan-t-r/teleop_ws/build/sllidar_ros2': CMAKE_PREFIX_PATH=${CMAKE_PREFIX_PATH}:/home/mohanarangan-t-r/teleop_ws/install/rover_teleop:/home/mohanarangan-t-r/teleop_ws/install/rover_bringup:/home/mohanarangan-t-r/rover_ws/install/rover_perception:/opt/ros/jazzy DEBUGINFOD_URLS=https://debuginfod.ubuntu.com /usr/bin/cmake --install /home/mohanarangan-t-r/teleop_ws/build/sllidar_ros2
[0.856s] Level 1:colcon.colcon_core.environment:create_environment_scripts_only(sllidar_ros2)
[0.856s] Level 1:colcon.colcon_core.environment:checking '/home/mohanarangan-t-r/teleop_ws/install/sllidar_ros2' for CMake module files
[0.856s] DEBUG:colcon.colcon_core.event_handler.log_command:Invoked command in '/home/mohanarangan-t-r/teleop_ws/build/sllidar_ros2' returned '0': CMAKE_PREFIX_PATH=${CMAKE_PREFIX_PATH}:/home/mohanarangan-t-r/teleop_ws/install/rover_teleop:/home/mohanarangan-t-r/teleop_ws/install/rover_bringup:/home/mohanarangan-t-r/rover_ws/install/rover_perception:/opt/ros/jazzy DEBUGINFOD_URLS=https://debuginfod.ubuntu.com /usr/bin/cmake --install /home/mohanarangan-t-r/teleop_ws/build/sllidar_ros2
[0.856s] Level 1:colcon.colcon_core.environment:checking '/home/mohanarangan-t-r/teleop_ws/install/sllidar_ros2' for CMake config files
[0.857s] Level 1:colcon.colcon_core.shell:create_environment_hook('sllidar_ros2', 'cmake_prefix_path')
[0.857s] INFO:colcon.colcon_core.shell:Creating environment hook '/home/mohanarangan-t-r/teleop_ws/install/sllidar_ros2/share/sllidar_ros2/hook/cmake_prefix_path.ps1'
[0.857s] INFO:colcon.colcon_core.shell:Creating environment descriptor '/home/mohanarangan-t-r/teleop_ws/install/sllidar_ros2/share/sllidar_ros2/hook/cmake_prefix_path.dsv'
[0.857s] INFO:colcon.colcon_core.shell:Creating environment hook '/home/mohanarangan-t-r/teleop_ws/install/sllidar_ros2/share/sllidar_ros2/hook/cmake_prefix_path.sh'
[0.858s] Level 1:colcon.colcon_core.environment:checking '/home/mohanarangan-t-r/teleop_ws/install/sllidar_ros2/lib'
[0.858s] Level 1:colcon.colcon_core.environment:checking '/home/mohanarangan-t-r/teleop_ws/install/sllidar_ros2/bin'
[0.858s] Level 1:colcon.colcon_core.environment:checking '/home/mohanarangan-t-r/teleop_ws/install/sllidar_ros2/lib/pkgconfig/sllidar_ros2.pc'
[0.858s] Level 1:colcon.colcon_core.environment:checking '/home/mohanarangan-t-r/teleop_ws/install/sllidar_ros2/lib/python3.12/site-packages'
[0.859s] Level 1:colcon.colcon_core.environment:checking '/home/mohanarangan-t-r/teleop_ws/install/sllidar_ros2/bin'
[0.859s] INFO:colcon.colcon_core.shell:Creating package script '/home/mohanarangan-t-r/teleop_ws/install/sllidar_ros2/share/sllidar_ros2/package.ps1'
[0.859s] INFO:colcon.colcon_core.shell:Creating package descriptor '/home/mohanarangan-t-r/teleop_ws/install/sllidar_ros2/share/sllidar_ros2/package.dsv'
[0.859s] INFO:colcon.colcon_core.shell:Creating package script '/home/mohanarangan-t-r/teleop_ws/install/sllidar_ros2/share/sllidar_ros2/package.sh'
[0.859s] INFO:colcon.colcon_core.shell:Creating package script '/home/mohanarangan-t-r/teleop_ws/install/sllidar_ros2/share/sllidar_ros2/package.bash'
[0.860s] INFO:colcon.colcon_core.shell:Creating package script '/home/mohanarangan-t-r/teleop_ws/install/sllidar_ros2/share/sllidar_ros2/package.zsh'
[0.860s] Level 1:colcon.colcon_core.environment:create_file_with_runtime_dependencies(/home/mohanarangan-t-r/teleop_ws/install/sllidar_ros2/share/colcon-core/packages/sllidar_ros2)
[0.860s] Level 1:colcon.colcon_core.environment:create_environment_scripts_only(sllidar_ros2)
[0.860s] Level 1:colcon.colcon_core.environment:checking '/home/mohanarangan-t-r/teleop_ws/install/sllidar_ros2' for CMake module files
[0.861s] Level 1:colcon.colcon_core.environment:checking '/home/mohanarangan-t-r/teleop_ws/install/sllidar_ros2' for CMake config files
[0.861s] Level 1:colcon.colcon_core.shell:create_environment_hook('sllidar_ros2', 'cmake_prefix_path')
[0.861s] INFO:colcon.colcon_core.shell:Creating environment hook '/home/mohanarangan-t-r/teleop_ws/install/sllidar_ros2/share/sllidar_ros2/hook/cmake_prefix_path.ps1'
[0.861s] INFO:colcon.colcon_core.shell:Creating environment descriptor '/home/mohanarangan-t-r/teleop_ws/install/sllidar_ros2/share/sllidar_ros2/hook/cmake_prefix_path.dsv'
[0.861s] INFO:colcon.colcon_core.shell:Creating environment hook '/home/mohanarangan-t-r/teleop_ws/install/sllidar_ros2/share/sllidar_ros2/hook/cmake_prefix_path.sh'
[0.862s] Level 1:colcon.colcon_core.environment:checking '/home/mohanarangan-t-r/teleop_ws/install/sllidar_ros2/lib'
[0.862s] Level 1:colcon.colcon_core.environment:checking '/home/mohanarangan-t-r/teleop_ws/install/sllidar_ros2/bin'
[0.862s] Level 1:colcon.colcon_core.environment:checking '/home/mohanarangan-t-r/teleop_ws/install/sllidar_ros2/lib/pkgconfig/sllidar_ros2.pc'
[0.862s] Level 1:colcon.colcon_core.environment:checking '/home/mohanarangan-t-r/teleop_ws/install/sllidar_ros2/lib/python3.12/site-packages'
[0.862s] Level 1:colcon.colcon_core.environment:checking '/home/mohanarangan-t-r/teleop_ws/install/sllidar_ros2/bin'
[0.862s] INFO:colcon.colcon_core.shell:Creating package script '/home/mohanarangan-t-r/teleop_ws/install/sllidar_ros2/share/sllidar_ros2/package.ps1'
[0.863s] INFO:colcon.colcon_core.shell:Creating package descriptor '/home/mohanarangan-t-r/teleop_ws/install/sllidar_ros2/share/sllidar_ros2/package.dsv'
[0.863s] INFO:colcon.colcon_core.shell:Creating package script '/home/mohanarangan-t-r/teleop_ws/install/sllidar_ros2/share/sllidar_ros2/package.sh'
[0.863s] INFO:colcon.colcon_core.shell:Creating package script '/home/mohanarangan-t-r/teleop_ws/install/sllidar_ros2/share/sllidar_ros2/package.bash'
[0.863s] INFO:colcon.colcon_core.shell:Creating package script '/home/mohanarangan-t-r/teleop_ws/install/sllidar_ros2/share/sllidar_ros2/package.zsh'
[0.864s] Level 1:colcon.colcon_core.environment:create_file_with_runtime_dependencies(/home/mohanarangan-t-r/teleop_ws/install/sllidar_ros2/share/colcon-core/packages/sllidar_ros2)
[1.155s] DEBUG:colcon.colcon_core.event_handler.log_command:Invoking command in '/home/mohanarangan-t-r/teleop_ws/build/rover_bringup': DEBUGINFOD_URLS=https://debuginfod.ubuntu.com PYTHONPATH=/home/mohanarangan-t-r/teleop_ws/build/rover_bringup/prefix_override:/usr/lib/python3/dist-packages/colcon_core/task/python/colcon_distutils_commands:/home/mohanarangan-t-r/teleop_ws/install/rover_bringup/lib/python3.12/site-packages:${PYTHONPATH} /usr/bin/python3 -W ignore:setup.py install is deprecated -W ignore:easy_install command is deprecated setup.py develop --editable --build-directory /home/mohanarangan-t-r/teleop_ws/build/rover_bringup/build --no-deps symlink_data
[1.162s] DEBUG:colcon.colcon_core.event_handler.log_command:Invoking command in '/home/mohanarangan-t-r/teleop_ws/build/rover_teleop': DEBUGINFOD_URLS=https://debuginfod.ubuntu.com PYTHONPATH=/home/mohanarangan-t-r/teleop_ws/build/rover_teleop/prefix_override:/usr/lib/python3/dist-packages/colcon_core/task/python/colcon_distutils_commands:/home/mohanarangan-t-r/teleop_ws/install/rover_teleop/lib/python3.12/site-packages:${PYTHONPATH} /usr/bin/python3 -W ignore:setup.py install is deprecated -W ignore:easy_install command is deprecated setup.py develop --editable --build-directory /home/mohanarangan-t-r/teleop_ws/build/rover_teleop/build --no-deps symlink_data
[1.555s] Level 1:colcon.colcon_core.shell:create_environment_hook('rover_teleop', 'pythonpath_develop')
[1.555s] INFO:colcon.colcon_core.shell:Creating environment hook '/home/mohanarangan-t-r/teleop_ws/build/rover_teleop/share/rover_teleop/hook/pythonpath_develop.ps1'
[1.556s] DEBUG:colcon.colcon_core.event_handler.log_command:Invoked command in '/home/mohanarangan-t-r/teleop_ws/build/rover_teleop' returned '0': DEBUGINFOD_URLS=https://debuginfod.ubuntu.com PYTHONPATH=/home/mohanarangan-t-r/teleop_ws/build/rover_teleop/prefix_override:/usr/lib/python3/dist-packages/colcon_core/task/python/colcon_distutils_commands:/home/mohanarangan-t-r/teleop_ws/install/rover_teleop/lib/python3.12/site-packages:${PYTHONPATH} /usr/bin/python3 -W ignore:setup.py install is deprecated -W ignore:easy_install command is deprecated setup.py develop --editable --build-directory /home/mohanarangan-t-r/teleop_ws/build/rover_teleop/build --no-deps symlink_data
[1.556s] INFO:colcon.colcon_core.shell:Creating environment descriptor '/home/mohanarangan-t-r/teleop_ws/build/rover_teleop/share/rover_teleop/hook/pythonpath_develop.dsv'
[1.556s] INFO:colcon.colcon_core.shell:Creating environment hook '/home/mohanarangan-t-r/teleop_ws/build/rover_teleop/share/rover_teleop/hook/pythonpath_develop.sh'
[1.557s] Level 1:colcon.colcon_core.environment:checking '/home/mohanarangan-t-r/teleop_ws/install/rover_teleop' for CMake module files
[1.557s] Level 1:colcon.colcon_core.environment:checking '/home/mohanarangan-t-r/teleop_ws/install/rover_teleop' for CMake config files
[1.557s] Level 1:colcon.colcon_core.environment:checking '/home/mohanarangan-t-r/teleop_ws/install/rover_teleop/lib'
[1.557s] Level 1:colcon.colcon_core.environment:checking '/home/mohanarangan-t-r/teleop_ws/install/rover_teleop/bin'
[1.557s] Level 1:colcon.colcon_core.environment:checking '/home/mohanarangan-t-r/teleop_ws/install/rover_teleop/lib/pkgconfig/rover_teleop.pc'
[1.558s] Level 1:colcon.colcon_core.environment:checking '/home/mohanarangan-t-r/teleop_ws/install/rover_teleop/lib/python3.12/site-packages'
[1.558s] Level 1:colcon.colcon_core.shell:create_environment_hook('rover_teleop', 'pythonpath')
[1.558s] INFO:colcon.colcon_core.shell:Creating environment hook '/home/mohanarangan-t-r/teleop_ws/install/rover_teleop/share/rover_teleop/hook/pythonpath.ps1'
[1.558s] INFO:colcon.colcon_core.shell:Creating environment descriptor '/home/mohanarangan-t-r/teleop_ws/install/rover_teleop/share/rover_teleop/hook/pythonpath.dsv'
[1.558s] INFO:colcon.colcon_core.shell:Creating environment hook '/home/mohanarangan-t-r/teleop_ws/install/rover_teleop/share/rover_teleop/hook/pythonpath.sh'
[1.559s] Level 1:colcon.colcon_core.environment:checking '/home/mohanarangan-t-r/teleop_ws/install/rover_teleop/bin'
[1.559s] Level 1:colcon.colcon_core.environment:create_environment_scripts_only(rover_teleop)
[1.559s] INFO:colcon.colcon_core.shell:Creating package script '/home/mohanarangan-t-r/teleop_ws/install/rover_teleop/share/rover_teleop/package.ps1'
[1.559s] INFO:colcon.colcon_core.shell:Creating package descriptor '/home/mohanarangan-t-r/teleop_ws/install/rover_teleop/share/rover_teleop/package.dsv'
[1.559s] INFO:colcon.colcon_core.shell:Creating package script '/home/mohanarangan-t-r/teleop_ws/install/rover_teleop/share/rover_teleop/package.sh'
[1.559s] INFO:colcon.colcon_core.shell:Creating package script '/home/mohanarangan-t-r/teleop_ws/install/rover_teleop/share/rover_teleop/package.bash'
[1.560s] INFO:colcon.colcon_core.shell:Creating package script '/home/mohanarangan-t-r/teleop_ws/install/rover_teleop/share/rover_teleop/package.zsh'
[1.560s] Level 1:colcon.colcon_core.environment:create_file_with_runtime_dependencies(/home/mohanarangan-t-r/teleop_ws/install/rover_teleop/share/colcon-core/packages/rover_teleop)
[1.561s] Level 1:colcon.colcon_core.shell:create_environment_hook('rover_bringup', 'pythonpath_develop')
[1.561s] INFO:colcon.colcon_core.shell:Creating environment hook '/home/mohanarangan-t-r/teleop_ws/build/rover_bringup/share/rover_bringup/hook/pythonpath_develop.ps1'
[1.561s] INFO:colcon.colcon_core.shell:Creating environment descriptor '/home/mohanarangan-t-r/teleop_ws/build/rover_bringup/share/rover_bringup/hook/pythonpath_develop.dsv'
[1.561s] INFO:colcon.colcon_core.shell:Creating environment hook '/home/mohanarangan-t-r/teleop_ws/build/rover_bringup/share/rover_bringup/hook/pythonpath_develop.sh'
[1.562s] DEBUG:colcon.colcon_core.event_handler.log_command:Invoked command in '/home/mohanarangan-t-r/teleop_ws/build/rover_bringup' returned '0': DEBUGINFOD_URLS=https://debuginfod.ubuntu.com PYTHONPATH=/home/mohanarangan-t-r/teleop_ws/build/rover_bringup/prefix_override:/usr/lib/python3/dist-packages/colcon_core/task/python/colcon_distutils_commands:/home/mohanarangan-t-r/teleop_ws/install/rover_bringup/lib/python3.12/site-packages:${PYTHONPATH} /usr/bin/python3 -W ignore:setup.py install is deprecated -W ignore:easy_install command is deprecated setup.py develop --editable --build-directory /home/mohanarangan-t-r/teleop_ws/build/rover_bringup/build --no-deps symlink_data
[1.562s] Level 1:colcon.colcon_core.environment:checking '/home/mohanarangan-t-r/teleop_ws/install/rover_bringup' for CMake module files
[1.562s] Level 1:colcon.colcon_core.environment:checking '/home/mohanarangan-t-r/teleop_ws/install/rover_bringup' for CMake config files
[1.562s] Level 1:colcon.colcon_core.environment:checking '/home/mohanarangan-t-r/teleop_ws/install/rover_bringup/lib'
[1.562s] Level 1:colcon.colcon_core.environment:checking '/home/mohanarangan-t-r/teleop_ws/install/rover_bringup/bin'
[1.562s] Level 1:colcon.colcon_core.environment:checking '/home/mohanarangan-t-r/teleop_ws/install/rover_bringup/lib/pkgconfig/rover_bringup.pc'
[1.563s] Level 1:colcon.colcon_core.environment:checking '/home/mohanarangan-t-r/teleop_ws/install/rover_bringup/lib/python3.12/site-packages'
[1.563s] Level 1:colcon.colcon_core.shell:create_environment_hook('rover_bringup', 'pythonpath')
[1.563s] INFO:colcon.colcon_core.shell:Creating environment hook '/home/mohanarangan-t-r/teleop_ws/install/rover_bringup/share/rover_bringup/hook/pythonpath.ps1'
[1.563s] INFO:colcon.colcon_core.shell:Creating environment descriptor '/home/mohanarangan-t-r/teleop_ws/install/rover_bringup/share/rover_bringup/hook/pythonpath.dsv'
[1.563s] INFO:colcon.colcon_core.shell:Creating environment hook '/home/mohanarangan-t-r/teleop_ws/install/rover_bringup/share/rover_bringup/hook/pythonpath.sh'
[1.564s] Level 1:colcon.colcon_core.environment:checking '/home/mohanarangan-t-r/teleop_ws/install/rover_bringup/bin'
[1.564s] Level 1:colcon.colcon_core.environment:create_environment_scripts_only(rover_bringup)
[1.564s] INFO:colcon.colcon_core.shell:Creating package script '/home/mohanarangan-t-r/teleop_ws/install/rover_bringup/share/rover_bringup/package.ps1'
[1.564s] INFO:colcon.colcon_core.shell:Creating package descriptor '/home/mohanarangan-t-r/teleop_ws/install/rover_bringup/share/rover_bringup/package.dsv'
[1.564s] INFO:colcon.colcon_core.shell:Creating package script '/home/mohanarangan-t-r/teleop_ws/install/rover_bringup/share/rover_bringup/package.sh'
[1.565s] INFO:colcon.colcon_core.shell:Creating package script '/home/mohanarangan-t-r/teleop_ws/install/rover_bringup/share/rover_bringup/package.bash'
[1.565s] INFO:colcon.colcon_core.shell:Creating package script '/home/mohanarangan-t-r/teleop_ws/install/rover_bringup/share/rover_bringup/package.zsh'
[1.565s] Level 1:colcon.colcon_core.environment:create_file_with_runtime_dependencies(/home/mohanarangan-t-r/teleop_ws/install/rover_bringup/share/colcon-core/packages/rover_bringup)
[1.565s] DEBUG:colcon.colcon_parallel_executor.executor.parallel:closing loop
[1.565s] DEBUG:colcon.colcon_parallel_executor.executor.parallel:loop closed
[1.565s] DEBUG:colcon.colcon_parallel_executor.executor.parallel:run_until_complete finished with '0'
[1.565s] DEBUG:colcon.colcon_core.event_reactor:joining thread
[1.580s] INFO:colcon.colcon_core.plugin_system:Skipping extension 'colcon_notification.desktop_notification.terminal_notifier': Not used on non-Darwin systems
[1.580s] INFO:colcon.colcon_core.plugin_system:Skipping extension 'colcon_notification.desktop_notification.win32': Not used on non-Windows systems
[1.580s] INFO:colcon.colcon_notification.desktop_notification:Sending desktop notification using 'notify2'
[1.590s] DEBUG:colcon.colcon_core.event_reactor:joined thread
[1.591s] INFO:colcon.colcon_core.shell:Creating prefix script '/home/mohanarangan-t-r/teleop_ws/install/local_setup.ps1'
[1.592s] INFO:colcon.colcon_core.shell:Creating prefix util module '/home/mohanarangan-t-r/teleop_ws/install/_local_setup_util_ps1.py'
[1.592s] INFO:colcon.colcon_core.shell:Creating prefix chain script '/home/mohanarangan-t-r/teleop_ws/install/setup.ps1'
[1.593s] INFO:colcon.colcon_core.shell:Creating prefix script '/home/mohanarangan-t-r/teleop_ws/install/local_setup.sh'
[1.594s] INFO:colcon.colcon_core.shell:Creating prefix util module '/home/mohanarangan-t-r/teleop_ws/install/_local_setup_util_sh.py'
[1.594s] INFO:colcon.colcon_core.shell:Creating prefix chain script '/home/mohanarangan-t-r/teleop_ws/install/setup.sh'
[1.595s] INFO:colcon.colcon_core.shell:Creating prefix script '/home/mohanarangan-t-r/teleop_ws/install/local_setup.bash'
[1.595s] INFO:colcon.colcon_core.shell:Creating prefix chain script '/home/mohanarangan-t-r/teleop_ws/install/setup.bash'
[1.596s] INFO:colcon.colcon_core.shell:Creating prefix script '/home/mohanarangan-t-r/teleop_ws/install/local_setup.zsh'
[1.596s] INFO:colcon.colcon_core.shell:Creating prefix chain script '/home/mohanarangan-t-r/teleop_ws/install/setup.zsh'
